Failed to match last Talmud line to Mishnah: מר אינו נוהג אלא ביום בלבד
היה קורא בתורה והגיע זמן המקרא: אם כיון לבו – יצא ואם לאו – לא יצא בפרקים – שואל מפני הכבוד ומשיב ובאמצע – שואל מפני היראה ומשיב; דברי רבי מאיר רבי יהודה אומר: באמצע – שואל מפני היראה ומשיב מפני הכבוד; בפרקים – שואל מפני הכבוד ומשיב שלום לכל אדם
Failed to match last Talmud line to Mishnah: ני מלכות שמים אפי' שעה אחת
האמנין קורין בראש האילן או בראש הנדבך מה שאינן רשאין לעשות כן בתפלה
Failed to match last Talmud line to Mishnah: כל הרוצה ליטול את השם יטול
רחץ בלילה הראשון שמתה אשתו אמרו לו תלמידיו לא למדתנו רבנו שאבל אסור לרחוץ אמר להם איני כשאר כל אדם אסטניס אני
Failed to match last Talmud line to Mishnah: כל הרוצה ליטול את השם יטול
וכשמת טבי עבדו קבל עליו תנחומין אמרו לו תלמידיו לא למדתנו רבנו שאין מקבלין תנחומין על העבדים אמר להם אין טבי עבדי כשאר כל העבדים כשר היה
Failed to match last Talmud line to Mishnah: ת לבו כנגד בית קדשי הקדשים
רבן גמליאל אומר בכל יום מתפלל אדם שמונה עשרה רבי יהושע אומר מעין שמונה עשרה רבי עקיבא אומר אם שגורה תפלתו בפיו יתפלל שמונה עשרה ואם לאו מעין שמונה עשרה
Failed to match last Talmud line to Mishnah: ת לבו כנגד בית קדשי הקדשים
רבי אליעזר אומר העושה תפלתו קבע אין תפלתו תחנונים רבי יהושע אומר המהלך במקום סכנה מתפלל תפלה קצרה אומר: הושע השם את עמך את שארית ישראל בכל פרשת העבור יהיו צרכיהם לפניך ברוך אתה ה' שומע תפלה
Failed to match last Talmud line to Mishnah: ר' יהודה אומר עד כביצה
שלשה שאכלו כאחד חיבין לזמן אכל דמאי ומעשר ראשון שנטלה תרומתו ומעשר שני והקדש שנפדו והשמש שאכל כזית והכותי מזמנין עליהם אבל אכל טבל ומעשר ראשון שלא נטלה תרומתו ומעשר שני והקדש שלא נפדו והשמש שאכל פחות מכזית והנכרי אין מזמנין עליהם
Failed to match last Talmud line to Mishnah: וחכ"א מברכין
שלשה שאכלו כאחד אינן רשאין לחלק וכן ארבעה וכן חמשה ששה נחלקין עד עשרה ועשרה אינן נחלקין עד שיהיו עשרים
Failed to match last Talmud line to Mishnah: ברך עד שישמע כל הברכה כולה
אלו דברים שבין בית שמאי ובית הלל בסעודה ֹ בית שמאי אומרים מברך על היום ואחר כך מברך על היין ובית הלל אומרים מברך על היין ואחר כך מברך על היום
Failed to match last Talmud line to Mishnah: ברך עד שישמע כל הברכה כולה
בית שמאי אומרים נוטלין לידים ואחר כך מוזגין את הכוס ובית הלל אומרים מוזגין את הכוס ואחר כך נוטלין לידים
Failed to match last Talmud line to Mishnah: ברך עד שישמע כל הברכה כולה
בית שמאי אומרים מקנח ידיו במפה ומניחה על השלחן ובית הלל אומרים על הכסת
Failed to match last Talmud line to Mishnah: ברך עד שישמע כל הברכה כולה
בית שמאי אומרים מכבדין את הבית ואחר כך נוטלין לידים ובית הלל אומרים נוטלין לידים ואחר כך מכבדין את הבית
Failed to match last Talmud line to Mishnah: ברך עד שישמע כל הברכה כולה
בית שמאי אומרים נר ומזון ובשמים והבדלה ובית הלל אומרים נר ובשמים ומזון והבדלה בית שמאי אומרים שברא מאור האש ובית הלל אומרים בורא מאורי האש
Failed to match last Talmud line to Mishnah: ברך עד שישמע כל הברכה כולה
אין מברכין לא על הנר ולא על הבשמים שלגוים ולא על הנר ולא על הבשמים שלמתים ולא על הנר ולא על הבשמים שלפני עבודה זרה ואין מברכין על הנר עד שיאותו לאורו
Failed to match last Talmud line to Mishnah: ברך עד שישמע כל הברכה כולה
מי שאכל ושכח ולא ברך בית שמאי אומרים יחזר למקומו ויברך ובית הלל אומרים יברך במקום שנזכר עד אימתי הוא מברך עד כדי שיתעכל המזון שבמעיו
Failed to match last Talmud line to Mishnah: רו תורתך משום עת לעשות לה'
הרואה מקום שנעשו בו נסים לישראל אומר ברוך שעשה נסים לאבותינו במקום הזה מקום שנעקרה ממנו עבודה זרה אומר ברוך שעקר עבודה זרה מארצנו
Failed to match last Talmud line to Mishnah: רו תורתך משום עת לעשות לה'
על הזיקין ועל הזועות ועל הברקים ועל הרעמים ועל הרוחות אומר ברוך שכחו וגבורתו מלא עולם על ההרים ועל הגבעות ועל הימים ועל הנהרות ועל המדברות אומר ברוך עושה מעשה בראשית רבי יהודה אומר הרואה את הים הגדול אומר ברוך שעשה את הים הגדול בזמן שרואה אותו לפרקים על הגשמים ועל הבשורות הטובות אומר ברוך הטוב והמטיב ועל שמועות רעות אומר ברוך דין האמת
Failed to match last Talmud line to Mishnah: רו תורתך משום עת לעשות לה'
בנה בית חדש וקנה כלים חדשים אומר ברוך שהחינו מברך על הרעה מעין הטובה ועל הטובה מעין הרעה הצועק לשעבר הרי זו תפלת שוא כיצד? היתה אשתו מעברת ואמר יהי רצון שתלד אשתי זכר הרי זו תפלת שוא היה בא בדרך ושמע קול צוחה בעיר ואמר יהי רצון שלא יהיו אלו בני ביתי הרי זו תפלת שוא
Failed to match last Talmud line to Mishnah: רו תורתך משום עת לעשות לה'
הנכנס לכרך מתפלל שתים אחת בכניסתו ואחת ביציאתו בן עזאי אומר ארבע שתים בכניסתו ושתים ביציאתו ונותן הודאה לשעבר וצועק לעתיד לבא
Failed to match last Talmud line to Mishnah: סורין ברחיצה ומותרין בשתיה
אין נותנין ביצה בצד המחם בשביל שתתגלגל ולא יפקיענה בסודרין ורבי יוסי מתיר ולא יטמיננה בחול ובאבק דרכים בשביל שתצלה
Failed to match last Talmud line to Mishnah: סורין ברחיצה ומותרין בשתיה
מעשה שעשו אנשי טבריא והביאו סילון של צונן לתוך אמה של חמין אמרו להן חכמים אם בשבת כחמין שהוחמו בשבת אסורין ברחיצה ובשתיה ביום טוב כחמין שהוחמו ביום טוב אסורין ברחיצה ומתרין בשתיה מוליאר הגרוף שותין הימנו בשבת אנטיכי אף על פי שגרופה אין שותין ממנה
Failed to match last Talmud line to Mishnah: סורין ברחיצה ומותרין בשתיה
המחם שפנהו לא יתן לתוכו צונן בשביל שיחמו אבל נותן הוא לתוכו או לתוך הכוס כדי להפשירן האלפס והקדרה שהעבירן מרתחין לא יתן לתוכן תבלין אבל נותן הוא לתוך הקערה או לתוך התמחוי רבי יהודה אומר לכל הוא נותן חוץ מדבר שיש בו חמץ וציר
Failed to match last Talmud line to Mishnah: סורין ברחיצה ומותרין בשתיה
אין נותנין כלי תחת הנר לקבל בו את השמן ואם נתנו מבעוד יום מתר ואין נאותין ממנו לפי שאינו מן המוכן מטלטלין נר חדש אבל לא ישן רבי שמעון אומר כל הנרות מטלטלין חוץ מן הנר הדולק בשבת נותנין כלי תחת הנר לקבל ניצוצות ולא יתן לתוכו מים מפני שהוא מכבה
saw unmatched Mishna in Talmud: Shabbat, 3, 3, None, 38b, 60, 38b, 64
Failed to match last Talmud line to Mishnah:  אבל טומנין בהן כשהן יבשין
במה טומנין ובמה אין טומנין אין טומנין לא בגפת ולא בזבל לא במלח ולא בסיד ולא בחול בין לחים בין יבשים לא בתבן ולא בזגים ולא במוכים ולא בעשבים בזמן שהן לחים אבל טומנין בהן כשהן יבשים טומנין בכסות ובפרות בכנפי יונה ובנסרת של חרשים ובנערת של פשתן דקה רבי יהודה אוסר בדקה ומתיר בגסה
Failed to match last Talmud line to Mishnah:  אבל טומנין בהן כשהן יבשין
טומנין בשלחין ומטלטלין אותן בגזי צמר ואין מטלטלין אותן כיצד הוא עושה נוטל את הכסוי והן נופלות רבי אלעזר בן עזריה אומר קפה מטה על צדה ונוטל שמא יטל ואינו יכול להחזיר וחכמים אומרים נוטל ומחזיר לא כסהו מבעוד יום לא יכסנו משתחשך כסהו ונתגלה מתר לכסותו ממלא את הקיתון ונותן לתחת הכר או תחת הכסת
saw unmatched Mishna in Talmud: Shabbat, 4, 1, None, 47b, 26, 47b, 28
Failed to match last Talmud line to Mishnah: וחכ"א נוטל ומחזיר
טומנין בשלחין ומטלטלין אותן בגזי צמר ואין מטלטלין אותן כיצד הוא עושה נוטל את הכסוי והן נופלות רבי אלעזר בן עזריה אומר קפה מטה על צדה ונוטל שמא יטל ואינו יכול להחזיר וחכמים אומרים נוטל ומחזיר לא כסהו מבעוד יום לא יכסנו משתחשך כסהו ונתגלה מתר לכסותו ממלא את הקיתון ונותן לתחת הכר או תחת הכסת
saw unmatched Mishna in Talmud: Shabbat, 4, 2, None, 49a, 45, 49a, 51
Failed to match last Talmud line to Mishnah: בלבד שלא תפרוף לכתחלה בשבת
יוצאין בסלע שעל הצינית הבנות (קטנות) יוצאות בחוטין ואפלו בקיסמין שבאזניהן ערביות יוצאות רעולות ומדיות פרופות וכל אדם אלא שדברו חכמים בהווה
Failed to match last Talmud line to Mishnah: נחמיה אומר כדי לסוד אונדפי
המוציא חבל כדי לעשות אזן לקפה גמי כדי לעשות תלאי לנפה ולכברה רבי יהודה אומר כדי לטל ממנו מדת מנעל לקטן ניר כדי לכתב עליו קשר מוכסין והמוציא קשר מוכסין חיב ניר מחוק כדי לכרך על פי צלוחית קטנה של פליטון
Failed to match last Talmud line to Mishnah: נחמיה אומר כדי לסוד אונדפי
עור כדי לעשות קמיע קלף כדי לכתב עליו פרשה קטנה שבתפלין שהיא שמע ישראל דיו כדי לכתב שתי אותיות כחול כדי לכחל עין אחת
Failed to match last Talmud line to Mishnah: משלי ל יט) דרך אניה בלב ים
אמר רבי עקיבא מנין לעבודה זרה שמטמאה במשא כנדה שנאמר (ישעיה ל) תזרם כמו דוה צא תאמר לו מה נדה מטמאה במשא אף עבודה זרה מטמאה במשא
Failed to match last Talmud line to Mishnah:  כמים בקרבו וכשמן בעצמותיו
מנין לפולטת שכבת זרע ביום השלישי שהיא טמאה שנאמר (שמות יט) היו נכונים לשלשת ימים מנין שמרחיצין את המילה ביום השלישי שחל להיות בשבת שנאמר (בראשית לד) ויהי ביום השלישי בהיותם כאבים מנין שקושרין לשון של זהורית בראש שעיר המשתלח שנאמר (ישעיה א) אם יהיו חטאיכם כשנים כשלג ילבינו
Failed to match last Talmud line to Mishnah: רשים מזו לזו אבל לא זורקין
הזורק מרשות היחיד לרשות הרבים מרשות הרבים לרשות היחיד חיב מרשות היחיד לרשות היחיד ורשות הרבים באמצע רבי עקיבא מחיב וחכמים פוטרין
Failed to match last Talmud line to Mishnah: רשים מזו לזו אבל לא זורקין
כיצד שתי גזזטראות זו כנגד זו ברשות הרבים המושיט והזורק מזו לזו פטור היו שתיהן בדיוטא אחת המושיט חיב והזורק פטור שכך היתה עבודת הלוים שתי עגלות זו אחר זו ברשות הרבים מושיטין הקרשים מזו לזו אבל לא זורקין חלית הבור והסלע שהן גבוהין עשרה ורחבן ארבעה הנוטל מהן והנותן על גבן חיב פחות מכן פטור
Failed to match last Talmud line to Mishnah: רשים מזו לזו אבל לא זורקין
הזורק ארבע אמות בכתל למעלה מעשרה טפחים כזורק באויר למטה מעשרה טפחים כזורק בארץ הזורק בארץ ארבע אמות חיב זרק לתוך ארבע אמות ונתגלגל חוץ לארבע אמות פטור חוץ לארבע אמות ונתגלגל לתוך ארבע אמות חיב
Failed to match last Talmud line to Mishnah: רשים מזו לזו אבל לא זורקין
הזורק בים ארבע אמות פטור אם היה רקק מים ורשות הרבים מהלכת בו הזורק לתוכו ארבע אמות חיב וכמה הוא רקק מים פחות מעשרה טפחים רקק מים ורשות הרבים מהלכת בו הזורק בתוכו ארבע אמות חיב
Failed to match last Talmud line to Mishnah: רשים מזו לזו אבל לא זורקין
הזורק מן הים ליבשה ומן היבשה לים ומן הים לספינה ומן הספינה לים ומן הספינה לחברתה פטור ספינות קשורות זו בזו מטלטלין מזו לזו אם אינן קשורות אף על פי שמקפות אין מטלטלין מזו לזו
Failed to match last Talmud line to Mishnah: רשים מזו לזו אבל לא זורקין
הזורק ונזכר לאחר שיצתה מידו קלטה אחר קלטה כלב או שנשרפה פטור זרק לעשות חבורה בין באדם בין בבהמה ונזכר עד שלא נעשית חבורה פטור זה הכלל כל חיבי חטאות אינן חיבין עד שתהא תחלתן וסופן שגגה תחלתן שגגה וסופן זדון תחלתן זדון וסופן שגגה פטורין עד שתהא תחלתן וסופן שגגה
saw unmatched Mishna in Talmud: Shabbat, 11, 1, None, 96a, 20, 96a, 25
Failed to match last Talmud line to Mishnah:  בתירא מחייב וחכמים פוטרין
הכותב שתי אותיות בהעלם אחד חיב כתב בדיו בסם בסקרא בקומוס ובקנקנתום ובכל דבר שהוא רושם על שני כתלי זויות ועל שני לוחי פנקס והן נהגין זה עם זה חיב הכותב על בשרו חיב המסרט על בשרו רבי אליעזר מחיב חטאת ורבי יהושע פוטר
Failed to match last Talmud line to Mishnah: והקורע ע"מ לתפור ב' תפירות
רבי אליעזר אומר האורג שלשה חוטין בתחלה ואחד על האריג חיב וחכמים אומרים בין בתחלה בין בסוף שעורו שני חוטין
Failed to match last Talmud line to Mishnah: שני חוטין שיעורו כמלא הסיט
הקורע בחמתו ועל מתו וכל המקלקלין פטורין והמקלקל על מנת לתקן שעורו כמתקן
Failed to match last Talmud line to Mishnah: ן לפני הבהמה בשביל שלא תצא
יש לך קשרים שאין חיבין עליהן כקשר הגמלין וכקשר הספנין קושרת אשה מפתח חלוקה וחוטי סבכה ושל פסיקיא ורצועות מנעל וסנדל ונודות יין ושמן וקדרה של בשר רבי אליעזר בן יעקב אומר קושרין לפני הבהמה בשביל שלא תצא קושרין דלי בפסיקיא אבל לא בחבל רבי יהודה מתיר כלל אמר רבי יהודה כל קשר שאינו של קימא אין חיבין עליו
Failed to match last Talmud line to Mishnah: ן לפני הבהמה בשביל שלא תצא
מקפלין את הכלים אפלו ארבעה וחמשה פעמים ומציעין את המטות מלילי שבת לשבת אבל לא משבת למוצאי שבת רבי ישמעאל אומר מקפלין את הכלים ומציעין את המטות מיום הכפורים לשבת וחלבי שבת קרבין ביום הכפורים (אבל לא של יום הכפורים בשבת) רבי עקיבא אומר לא של שבת קרבין ביום הכפורים ולא של יום הכפורים קרבין בשבת
saw unmatched Mishna in Talmud: Shabbat, 15, 2, None, 111b, 42, 111b, 45
Failed to match last Talmud line to Mishnah:  ושל סקאים לפתוח בו את הדל
כל הכלים נטלין בשבת ודלתותיהן עמהן אף על פי שנתפרקו בשבת שאינן דומין לדלתות הבית לפי שאינן מן המוכן
Failed to match last Talmud line to Mishnah: א בין כך ובין כך פוקקין בו
האבן שבקרויה אם ממלאין בה ואינה נופלת ממלאין בה ואם לאו אין ממלאין בה זמורה שהיא קשורה בטפיח ממלאין בה בשבת
Failed to match last Talmud line to Mishnah: תן ואם לאו אין מטלטלין אות
מפנין אפלו ארבע וחמש קפות של תבן ושל תבואה מפני האורחים ומפני בטול בית המדרש אבל לא את האוצר מפנין תרומה טהורה ודמאי ומעשר ראשון שנטלה תרומתו ומעשר שני והקדש שנפדו והתרמוס היבש מפני שהוא מאכל לעניים אבל לא את הטבל ולא מעשר ראשון שלא נטלה תרומתו ולא את מעשר שני והקדש שלא נפדו ולא את הלוף ולא את החרדל רבן שמעון בן גמליאל מתיר בלוף מפני שהוא מאכל עורבין
Failed to match last Talmud line to Mishnah: תן ואם לאו אין מטלטלין אות
חבילי קש וחבילי עצים וחבילי זרדים אם התקינן למאכל בהמה מטלטלין אותן ואם לאו אין מטלטלין אותן כופין את הסל לפני האפרוחים כדי שיעלו וירדו תרנגלת שברחה דוחין אותה עד שתכנס מדדין עגלין וסיחין ברשות הרבים אשה מדדה את בנה אמר רבי יהודה אימתי בזמן שהוא נוטל אחת ומניח אחת אבל אם היה גורר אסור
Failed to match last Talmud line to Mishnah: תן ואם לאו אין מטלטלין אות
אין מילדין את הבהמה ביום טוב אבל מסעדין ומילדין את האשה בשבת וקורין לה חכמה ממקום למקום ומחללין עליה את השבת וקושרין את הטבור רבי יוסי אומר אף חותכין וכל צרכי מילה עושין בשבת
saw unmatched Mishna in Talmud: Shabbat, 18, 1, None, 126b, 31, 126b, 35
Failed to match last Talmud line to Mishnah:  הוא כדרכו ואם נתרפא נתרפא
הרוחץ במי מערה ובמי טבריא ונסתפג אפלו בעשר אלנטיאות לא יביאם בידו אבל עשרה בני אדם מסתפגין באלנטית אחת פניהם ידיהם ורגליהם ומביאין אותה בידן
Failed to match last Talmud line to Mishnah: וקקין ומודדין וקושרין בשבת
מפירין נדרים בשבת ונשאלין לדברים שהן לצרך השבת פוקקין את המאור ומודדין את המטלית
saw unmatched Mishna in Talmud: Shabbat, 24, 5, None, 157a, 19, 157a, 22
Failed to match last Talmud line to Mishnah:  כל שהוא ובלבד שירבה בפסין
עושין פסין לביראות ארבעה דיומדין נראין כשמונה דברי רבי יהודה רבי מאיר אומר שמונה נראין כשנים עשר ארבעה דיומדין וארבעה פשוטין גבהן עשרה טפחים ורחבן ששה ועבין כל שהוא וביניהן כמלא שתי רבקות של שלש שלש בקר דברי רבי מאיר רבי יהודה אומר של ארבע ארבע קשורות ולא מתרות אחת נכנסת ואחת יוצאת
Failed to match last Talmud line to Mishnah: וחכמים אומרים אינו צריך
רבי יהודה אומר עד בית סאתים אמרו לו לא אמרו בית סאתים אלא לגנה ולקרפף אבל אם היה דיר או סחר או מקצה או חצר אפלו בית חמשת כורין אפלו בית עשרת כורין מתר ומתר להרחיק כל שהוא ובלבד שירבה בפסין
Failed to match last Talmud line to Mishnah: יו ובקשתי לי חבר ולא מצאתי
ועוד אמר רבי יהודה בן בבא הגנה והקרפף שהן שבעים אמה ושירים על שבעים אמה ושירים מקפת גדר גבוה עשרה טפחים מטלטלין בתוכה ובלבד שיהא בה שומירה או בית דירה או שתהא סמוכה לעיר רבי יהודה אומר אפלו אין בה אלא בור ושיח ומערה מטלטלין בתוכה רבי עקיבא אומר אפלו אין בה אחת מכל אלו מטלטלין בתוכה ובלבד שיהא בה שבעים אמה ושירים על שבעים אמה ושירים רבי אליעזר אומר אם היה ארכה יתר על רחבה אפלו אמה אחת אין מטלטלין בתוכה רבי יוסי אומר אפלו ארכה פי שנים ברחבה מטלטלין בתוכה
Failed to match last Talmud line to Mishnah:  עמוק מאה אמה עירובו עירוב
נתנו באילן למעלה מעשרה טפחים אין ערובו ערוב למטה מעשרה טפחים ערובו ערוב נתנו בבור אפלו עמוק מאה אמה ערובו ערוב נתנו בראש הקנה או בראש הקנדס בזמן שהוא תלוש ונעוץ אפלו גבוה מאה אמה הרי זה ערוב נתנו במגדל ואבד המפתח הרי זה ערוב רבי אליעזר אומר אם אינו יודע שהמפתח במקומו אינו ערוב
Failed to match last Talmud line to Mishnah:  עמוק מאה אמה עירובו עירוב
נתגלגל חוץ לתחום ונפל עליו גל או נשרף או תרומה ונטמאת מבעוד יום אינו ערוב משחשכה הרי זה ערוב אם ספק רבי מאיר ורבי יהודה אומרים הרי זה חמר גמל רבי יוסי (ורבי שמעון) אומרים ספק ערוב כשר אמר רבי יוסי אבטלמוס העיד משום חמשה זקנים על ספק ערוב שכשר
Failed to match last Talmud line to Mishnah:  עמוק מאה אמה עירובו עירוב
מתנה אדם על ערובו ואומר אם באו גוים מן המזרח ערובי למערב מן המערב ערובי למזרח אם באו מכאן ומכאן למקום שארצה אלך לא באו לא מכאן ולא מכאן הריני כבני עירי אם בא חכם מן המזרח ערובי למזרח מן המערב ערובי למערב בא לכאן ולכאן למקום שארצה אלך לא לכאן ולא לכאן הריני כבני עירי רבי יהודה אומר אם היה אחד מהן רבו הולך אצל רבו ואם היו שניהם רבותיו למקום שירצה ילך
Failed to match last Talmud line to Mishnah:  עמוק מאה אמה עירובו עירוב
רבי אליעזר אומר יום טוב הסמוך לשבת בין מלפניה ובין מלאחריה מערב אדם שני ערובין ואומר ערובי הראשון למזרח והשני למערב הראשון למערב והשני למזרח ערובי הראשון והשני כבני עירי ערובי השני והראשון כבני עירי וחכמים אומרים מערב לרוח אחת או אינו מערב כל עקר או מערב לשני ימים או אינו מערב כל עקר כיצד יעשה מוליכו בראשון ומחשיך עליו ונוטלו ובא לו בשני מחשיך עליו ואוכלו ונמצא משתכר בהליכתו ומשתכר בערובו נאכל בראשון ערובו לראשון ואינו ערוב לשני אמר להם רבי אליעזר מודים אתם לי שהן שתי קדשות
Failed to match last Talmud line to Mishnah:  עמוק מאה אמה עירובו עירוב
רבי יהודה אומר ראש השנה שהיה ירא שמא תתעבר מערב אדם שני ערובין ואומר ערובי בראשון למזרח ובשני למערב בראשון למערב ובשני למזרח ערובי בראשון ובשני כבני עירי ערובי בשני ובראשון כבני עירי ולא הודו לו חכמים
Failed to match last Talmud line to Mishnah:  עמוק מאה אמה עירובו עירוב
ועוד אמר רבי יהודה מתנה אדם על הכלכלה ביום טוב ראשון ואוכלה בשני וכן ביצה שנולדה בראשון תאכל בשני ולא הודו לו חכמים
Failed to match last Talmud line to Mishnah:  עמוק מאה אמה עירובו עירוב
רבי דוסא בן הרכינס אומר העובר לפני התבה ביום טוב של ראש השנה אומר החליצנו ה' אלהינו את יום ראש החדש הזה אם היום אם למחר ולמחר הוא אומר אם היום אם אמש ולא הודו לו חכמים
saw unmatched Mishna in Talmud: Eruvin, 3, 3, None, 32b, 12, 32b, 13
Failed to match last Talmud line to Mishnah: נו בתוך התחום עד שלא חשיכה
מי שהוציאוהו גוים או רוח רעה אין לו אלא ארבע אמות החזירוהו כאילו לא יצא הוליכוהו לעיר אחרת נתנוהו בדיר או בסהר רבן גמליאל ורבי אלעזר בן עזריה אומרים מהלך את כלה רבי יהושע ורבי עקיבא אומרים אין לו אלא ארבע אמות מעשה שבאו מפרנדיסין והפליגה ספינתם בים רבן גמליאל ורבי אלעזר בן עזריה הלכו את כלה רבי יהושע ורבי עקיבא לא זזו מארבע אמות שרצו להחמיר על עצמן
Failed to match last Talmud line to Mishnah: ם החיצונות אסורות זו עם זו
מי שישן בדרך ולא ידע שחשכה יש לו אלפים אמה לכל רוח דברי רבי יוחנן בן נורי וחכמים אומרים אין לו אלא ארבע אמות רבי אליעזר אומר והוא באמצען רבי יהודה אומר לאיזה רוח שירצה ילך ומודה רבי יהודה שאם ברר לו שאינו יכול לחזור בו
Failed to match last Talmud line to Mishnah: העשיר שלא יצא ויערב ברגליו
מי שבא בדרך וחשכה לו והיה מכיר אילן או גדר ואמר שביתתי תחתיו לא אמר כלום שביתתי בעקרו מהלך ממקום רגליו ועד עקרו אלפים אמה ומעקרו ועד ביתו אלפים אמה נמצא מהלך משחשכה ארבעת אלפים אמה
Failed to match last Talmud line to Mishnah: העשיר שלא יצא ויערב ברגליו
אם אינו מכיר או שאינו בקי בהלכה ואמר שביתתי במקומי זכה לו מקומו אלפים אמה לכל רוח עגלות דברי רבי חנינא בן אנטיגנוס וחכמים אומרים מרבעות כטבלא מרבעת כדי שיהא נשכר לזויות
Failed to match last Talmud line to Mishnah: ה אמצעי את שלשתן להיות אחד
נותנין קרפף לעיר דברי רבי מאיר וחכמים אומרים לא אמרו קרפף אלא בין שתי עירות אם יש לזו שבעים אמה ושירים ולזו שבעים אמה ושירים עושה קרפף לשתיהן להיותן כאחת
Failed to match last Talmud line to Mishnah:  שאפילו סוף מדתו כלה במערה
אנשי עיר גדולה מהלכין את כל עיר קטנה ואין אנשי עיר קטנה מהלכין את כל עיר גדולה כיצד מי שהיה בעיר גדולה ונתן את ערובו בעיר קטנה בעיר קטנה ונתן את ערובו בעיר גדולה מהלך את כלה וחוצה לה אלפים אמה ורבי עקיבא אומר אין לו אלא ממקום ערובו אלפים אמה
Failed to match last Talmud line to Mishnah: י עד שלא יוציא ויאסר עליכם
הדר עם הנכרי בחצר או עם מי שאינו מודה בערוב הרי זה אוסר עליו (דברי רבי מאיר) רבי אליעזר בן יעקב אומר לעולם אינו אוסר עד שיהו שני ישראלים אוסרין זה על זה
Failed to match last Talmud line to Mishnah: רין את שלא עשו עוקה אסורין
חצר שהיא פחותה מארבע אמות אין שופכין בתוכה מים בשבת אלא אם כן עשו לה עוקה מחזקת סאתים מן הנקב ולמטה בין מבחוץ בין מבפנים אלא שמבחוץ צריך לקמור מבפנים אין צריך לקמור
Failed to match last Talmud line to Mishnah: רין את שלא עשו עוקה אסורין
רבי אליעזר בן יעקב אומר ביב שהוא קמור ארבע אמות ברשות הרבים שופכין לתוכו מים בשבת וחכמים אומרים אפלו גג או חצר מאה אמה לא ישפוך על פי הביב אבל שופך מגג לגג והמים יורדין לביב החצר והאכסדרה מצטרפין לארבע אמות
Failed to match last Talmud line to Mishnah: ה מפני שהיא כפתחה של גדולה
גג גדול סמוך לקטן הגדול מתר והקטן אסור חצר גדולה שנפרצה לקטנה הגדולה מתרת והקטנה אסורה מפני שהיא כפתחה של גדולה חצר שנפרצה לרשות הרבים המכניס מתוכה לרשות היחיד או מרשות היחיד לתוכה חיב דברי רבי אליעזר וחכמים אומרים מתוכה לרשות הרבים או מרשות הרבים לתוכה פטור מפני שהיא ככרמלית
Failed to match last Talmud line to Mishnah: ה מפני שהיא כפתחה של גדולה
חצר שנפרצה לרשות הרבים משתי רוחותיה וכן בית שנפרץ משתי רוחותיו וכן מבוי שנטלו קורותיו או לחייו מתרין באותה שבת ואסורין לעתיד לבוא דברי רבי יהודה רבי יוסי אומר אם מתרין לאותה שבת מתרין לעתיד לבוא ואם אסורין לעתיד לבוא אסורין לאותה שבת
Failed to match last Talmud line to Mishnah: ה מפני שהיא כפתחה של גדולה
הבונה עליה על גבי שני בתים וכן גשרים המפלשים מטלטלין תחתיהן בשבת דברי רבי יהודה וחכמים אוסרין ועוד אמר רבי יהודה מערבין למבוי המפלש וחכמים אוסרין
saw unmatched Mishna in Talmud: Eruvin, 9, 2, None, 92a, 22, 92a, 23
Failed to match last Talmud line to Mishnah: א תהלך זו יותר מרגלי בעליה
המוצא תפלין מכניסן זוג זוג רבן גמליאל אומר שנים שנים במה דברים אמורים בישנות אבל בחדשות פטור מצאן צבתים או כריכות מחשיך עליהן ומביאן ובסכנה מכסן והולך לו
Failed to match last Talmud line to Mishnah: לא יהלך ארבע אמות עד שירוק
זיז שלפני חלון נותנין עליו ונוטלין ממנו בשבת עומד אדם ברשות היחיד ומטלטל ברשות הרבים ברשות הרבים ומטלטל ברשות היחיד ובלבד שלא יוציא חוץ מארבע אמות
Failed to match last Talmud line to Mishnah:  בשר קדש בכזית וחמץ בכביצה
ההולך לשחוט את פסחו ולמול את בנו ולאכול סעודת ארוסין בבית חמיו ונזכר שיש לו חמץ בתוך ביתו אם יכול לחזור ולבער ולחזור למצותו יחזור ויבער ואם לאו מבטלו בלבו להציל מן הנכרים ומן הנהר ומן הלסטים ומן הדלקה ומן המפלת יבטל בלבו ולשבות שביתת הרשות יחזור מיד
Failed to match last Talmud line to Mishnah: ודה אומר צא והבא לך אף אתה
מקום שנהגו לעשות מלאכה בערבי פסחים עד חצות עושין מקום שנהגו שלא לעשות אין עושין ההולך ממקום שעושין למקום שאין עושין או ממקום שאין עושין למקום שעושין נותנין עליו חמרי מקום שיצא משם וחמרי מקום שהלך לשם ואל ישנה אדם מפני המחלקת
Failed to match last Talmud line to Mishnah:  חשיכה יצאו וצלו את פסחיהן
הפסח נשחט בשלש כתות שנאמר (שמות יב) ושחטו אתו כל קהל עדת ישראל קהל ועדה וישראל נכנסה כת הראשונה נתמלאת העזרה נעלו דלתות העזרה תקעו והריעו ותקעו הכהנים עומדים שורות שורות ובידיהם בזיכי כסו ובזיכי זהב שורה שכלה כסף כסף ושורה שכלה זהב זהב לא היו מעורבין ולא היו לבזיכין שולים שמא יניחום ויקרש הדם
Failed to match last Talmud line to Mishnah:  חשיכה יצאו וצלו את פסחיהן
שחט ישראל וקבל הכהן נותנו לחברו וחברו לחברו ומקבל את המלא ומחזיר את הריקן כהן הקרוב אצל המזבח זורקו זריקה אחת כנגד היסוד
Failed to match last Talmud line to Mishnah:  חשיכה יצאו וצלו את פסחיהן
יצתה כת ראשונה ונכנסה כת שניה יצתה שניה נכנסה שלישית כמעשה הראשונה כך מעשה השניה והשלישית קראו את ההלל אם גמרו שנו ואם שנו שלשו אף על פי שלא שלשו מימיהם רבי יהודה אומר מימיהם של כת שלישית לא הגיע לאהבתי כי ישמע ה' מפני שעמה מעטין
Failed to match last Talmud line to Mishnah:  חשיכה יצאו וצלו את פסחיהן
כמעשהו בחל כך מעשהו בשבת אלא שהכהנים מדיחים את העזרה שלא ברצון חכמים רבי יהודה אומר כוס היה ממלא מדם התערובות זרקו זריקה אחת על גבי המזבח ולא הודו לו חכמים
Failed to match last Talmud line to Mishnah:  חשיכה יצאו וצלו את פסחיהן
כיצד תולין ומפשיטין אנקליות של ברזל היו קבועים בכתלים ובעמודים שבהן תולין ומפשיטין וכל מי שאין לו מקום לתלות ולהפשיט מקלות דקים חלקים היו שם ומניח על כתפו ועל כתף חברו ותולה ומפשיט רבי אליעזר אומר ארבעה עשר שחל להיות בשבת מניח ידו על כתף חברו ויד חברו על כתפו ותולה ומפשיט
Failed to match last Talmud line to Mishnah: ר לעשותה מע"ש דוחה את השבת
אלו דברים בפסח דוחין את השבת שחיטתו וזריקת דמו ומחוי קרביו והקטר חלביו אבל צליתו והדחת קרביו אינן דוחין את השבת הרכבתו והבאתו מחוץ לתחום וחתיכת יבלתו אין דוחין את השבת רבי אליעזר אומר דוחין
Failed to match last Talmud line to Mishnah: ונאכלת לשני ימים ולילה אחד
אימתי מביא חגיגה עמו בזמן שהוא בא בחל בטהרה ובמעט ובזמן שהוא בא בשבת במרבה ובטמאה אין מביאין עמו חגיגה
Failed to match last Talmud line to Mishnah: נטמאו פטור מפני ששחט ברשות
הפסח ששחטו שלא לשמו בשבת חיב עליו חטאת ושאר כל הזבחים ששחטן לשם פסח אם אינן ראויין חיב ואם ראויין הן רבי אליעזר מחיב חטאת ורבי יהושע פוטר אמר רבי אליעזר מה אם הפסח שהוא מתר לשמו כששנה את שמו חיב זבחים שהן אסורין לשמן כששנה את שמן אינו דין שיהא חיב אמר לו רבי יהושע לא אם אמרת בפסח ששנהו לדבר אסור תאמר בזבחים ששנן לדבר המתר אמר לו רבי אליעזר אמורי צבור יוכיחו שהן מתרין לשמן והשוחט לשמן חיב אמר לו רבי יהושע לא אם אמרת באמורי צבור שיש להן קצבה תאמר בפסח שאין לו קצבה רבי מאיר אומר או השוחט לשם אמורי צבור פטור
Failed to match last Talmud line to Mishnah: וצלה לנו את הפסח על האסכלא
כיצד צולין את הפסח מביאין שפוד של רמון תוחבו מתוך פיו עד בית נקובתו ונותן את כרעיו ואת בני מעיו לתוכו דברי רבי יוסי הגלילי רבי עקיבא אומר כמין בשול הוא זה אלא תולין חוצה לו
Failed to match last Talmud line to Mishnah: וצלה לנו את הפסח על האסכלא
אין צולין את הפסח לא על השפוד ולא על האסכלא אמר רבי צדוק מעשה ברבן גמליאל שאמר לטבי עבדו צא וצלה לנו את הפסח על האסכלא נגע בחרסו של תנור יקלוף את מקומו נטף מרטבו על החרס וחזר עליו יטול את מקומו נטף מרטבו על הסלת יקמוץ את מקומו
Failed to match last Talmud line to Mishnah: וצלה לנו את הפסח על האסכלא
סכו בשמן תרומה אם חבורת כהנים יאכלו אם ישראל אם חי הוא ידיחנו ואם צלי הוא יקלוף את החיצון סכו בשמן של מעשר שני לא יעשנו דמים על בני חבורה שאין פודין מעשר שני בירושלים
Failed to match last Talmud line to Mishnah: וצלה לנו את הפסח על האסכלא
חמשה דברים באין בטמאה ואינן נאכלין בטמאה העמר ושתי הלחם ולחם הפנים וזבחי שלמי צבור ושעירי ראשי חדשים הפסח שבא בטמאה נאכל בטמאה שלא בא מתחלתו אלא לאכילה
Failed to match last Talmud line to Mishnah: וצלה לנו את הפסח על האסכלא
נטמא הבשר והחלב קים אינו זורק את הדם נטמא החלב והבשר קים זורק את הדם ובמקדשין אינו כן אלא אף על פי שנטמא הבשר והחלב קים זורק את הדם
Failed to match last Talmud line to Mishnah: וצלה לנו את הפסח על האסכלא
נטמא הקהל או רבו או שהיו הכהנים טמאים והקהל טהורים יעשה בטמאה נטמא מעוט הקהל הטהורין עושין את הראשון והטמאין עושין את השני
Failed to match last Talmud line to Mishnah: וצלה לנו את הפסח על האסכלא
הפסח שנזרק דמו ואחר כך נודע שהוא טמא הציץ מרצה נטמא הגוף אין הציץ מרצה מפני שאמרו הנזיר ועושה פסח הציץ מרצה על טמאת הדם ואין הציץ מרצה על טמאת הגוף נטמא טמאת התהום הציץ מרצה
Failed to match last Talmud line to Mishnah: וצלה לנו את הפסח על האסכלא
נטמא שלם או רבו שורפין אותו לפני הבירה מעצי המערכה נטמא מעוטו והנותר שורפין אותו בחצרותיהן או על גגותיהן מעצי עצמן הציקנין שורפין אותו לפני הבירה בשביל להנות מעצי המערכה
Failed to match last Talmud line to Mishnah: וצלה לנו את הפסח על האסכלא
הפסח שיצא או שנטמא ישרף מיד נטמאו הבעלים או שמתו תעבר צורתו וישרף בששה עשר רבי יוחנן בן ברוקה אומר אף זה ישרף מיד לפי שאין לו אוכלין
Failed to match last Talmud line to Mishnah: וצלה לנו את הפסח על האסכלא
העצמות והגידין והנותר ישרפו בששה עשר חל ששה עשר להיות בשבת ישרפו בשבעה עשר לפי שאינן דוחין לא את השבת ולא את יום טוב
Failed to match last Talmud line to Mishnah: וצלה לנו את הפסח על האסכלא
כל הנאכל בשור הגדול יאכל בגדי הרך וראשי כנפים והסחוסים השובר את העצם בפסח הטהור הרי זה לוקה ארבעים אבל המותיר בטהור והשובר בטמא אינו לוקה את הארבעים
Failed to match last Talmud line to Mishnah: וצלה לנו את הפסח על האסכלא
אבר שיצא מקצתו חותך עד שמגיע לעצם וקולף עד שמגיע לפרק וחותך ובמקדשין קוצץ בקופיץ שאין בו משום שבירת העצם מן האגף ולפנים כלפנים מן האגף ולחוץ כלחוץ החלונות ועובי החומה כלפנים
Failed to match last Talmud line to Mishnah: וצלה לנו את הפסח על האסכלא
שתי חבורות שהיו אוכלות בבית אחד אלו הופכין את פניהם הילך ואוכלין ואלו הופכין את פניהם הילך ואוכלין והמחם באמצע וכשהשמש עומד למזוג קופץ את פיו ומחזיר את פניו עד שמגיע אצל חבורתו ואוכל והכלה הופכת פניה ואוכלת
saw unmatched Mishna in Talmud: Pesachim, 7, 1, None, 74a, 1, 74a, 7
Failed to match last Talmud line to Mishnah: ה מפני שהמאכל מביא את השינ
מסרו לו זקנים מזקני בית דין וקורין לפניו בסדר היום ואומרים לו אישי כהן גדול קרא אתה בפיך שמא שכחת או שמא לא למדת ערב יום הכפורים שחרית מעמידין אותו בשער המזרח ומעבירין לפניו פרים ואילים וכבשים כדי שיהא מכיר ורגיל בעבודה
Failed to match last Talmud line to Mishnah: מים הרבה קריתי לפניו בדניא
מסרוהו זקני בית דין לזקני כהנה והעלוהו לעלית בית אבטינס והשביעוהו ונפטרו והלכו להם ואמרו לו אישי כהן גדול אנו שלוחי בית דין ואתה שלוחנו ושליח בית דין משביעין אנו עליך במי ששכן שמו בבית הזה שלא תשנה דבר מכל מה שאמרנו לך הוא פורש ובוכה והן פורשין ובוכין
Failed to match last Talmud line to Mishnah:  ואומרים לו טול וצא טול וצ
בא לו אצל שעיר המשתלח וסומך שתי ידיו עליו ומתודה וכך היה אומר אנא השם עוו פשעו חטאו לפניך עמך בית ישראל אנא בשם כפר נא לעונות ולפשעים ולחטאים שעוו ושפשעו ושחטאו לפניך עמך בית ישראל ככתוב בתורת משה עבדך לאמר [ויקרא טז:ל] "כי ביום הזה יכפר עליכם לטהר אתכם מכל חטאתיכם לפני יי תטהרו " והכהנים והעם העומדים בעזרה כשהיו שומעים שם המפרש שהוא יוצא מפי כהן גדול היו כורעים ומשתחוים ונופלים על פניהם ואומרים ברוך שם כבוד מלכותו לעולם ועד
Failed to match last Talmud line to Mishnah:  ואומרים לו טול וצא טול וצ
מסרו למי שהיה מוליכו הכל כשרין להוליכו אלא שעשו הכהנים גדולים קבע ולא היו מניחין את ישראל להוליכו אמר רבי יוסי מעשה והולכו ערסלא וישראל היה
Failed to match last Talmud line to Mishnah: שמעון אומר משעת דחייתו לצו
וכבש עשו לו מפני הבבליים שהיו מתלשים בשערו ואומרים לו טל וצא טל וצא מיקירי ירושלים היו מלוין אותו עד סכה הראשונה עשר סכות מירושלים ועד צוק תשעים ריס שבעה ומחצה לכל מיל
Failed to match last Talmud line to Mishnah: שמעון אומר משעת דחייתו לצו
על כל סכה וסכה אומרים לו הרי מזון והרי מים ומלוין אותו מסכה לסכה חוץ מאחרונה שבהן שאינו מגיע עמו לצוק אלא עומד מרחוק ורואה את מעשיו
Failed to match last Talmud line to Mishnah: ם יש תחתיו ארבע אמות פסולה
המשלשל דפנות מלמעלה למטה אם גבוהה מן הארץ שלשה טפחים פסולה מלמטה למעלה אם גבוהה מן הארץ עשרה טפחים כשרה רבי יוסי אומר כשם שמלמטה למעלה עשרה טפחים כך מלמעלה למטה עשרה טפחים הרחיק את הסכוך מן הדפנות שלשה טפחים פסולה
Failed to match last Talmud line to Mishnah: סיכך על גבי המטה בשביל קטן
מי שהיה ראשו ורבו בסכה ושלחנו בתוך הבית בית שמאי פוסלין ובית הלל מכשירין אמרו להן בית הלל לבית שמאי (לא כך היה) מעשה שהלכו זקני בית שמאי וזקני בית הלל לבקר את (רבי) יוחנן בן החורני ומצאוהו שהיה יושב ראשו ורבו בסכה ושלחנו בתוך הבית (ולא אמרו לו דבר) אמרו להן בית שמאי משם ראיה אף הם אמרו לו אם כן היית נוהג לא קימת מצות סכה מימיך
Failed to match last Talmud line to Mishnah: סי אומר אפי' אחד בשתי ידיו
אתרוג הגזול והיבש פסול של אשרה ושל עיר הנדחת פסול של ערלה פסול של תרומה טמאה פסול של תרומה טהורה לא יטול ואם נטל כשר של דמאי בית שמאי פוסלין ובית הלל מכשירין של מעשר שני בירושלים לא יטול ואם נטל כשר
Failed to match last Talmud line to Mishnah: סי אומר אפי' אחד בשתי ידיו
עלתה חזזית על רבו נטלה פטמתו נקלף נסדק נקב וחסר כל שהוא פסול עלתה חזזית על מעוטו נטל עקצו נקב ולא חסר כל שהוא כשר אתרוג הכושי פסול והירוק ככרתי רבי מאיר מכשיר ורבי יהודה פוסל
Failed to match last Talmud line to Mishnah: ענעו אלא באנא ה' הושיעה נא
והיכן היו מנענעין בהודו לה' תחלה וסוף ובאנא ה' הושיעה נא דברי בית הלל ובית שמאי אומרים אף באנא ה' הצליחה נא אמר רבי עקיבא צופה הייתי ברבן גמליאל וברבי יהושע שכל העם היו מנענעים את לולביהן והן לא נענעו אלא באנא ה' הושיעה נא מי שבא בדרך ולא היה בידו לולב לטול לכשיכנס לביתו יטול על שלחנו לא נטל שחרית יטול בין הערבים שכל היום כשר ללולב
Failed to match last Talmud line to Mishnah: ענעו אלא באנא ה' הושיעה נא
מי שהיה עבד או אשה או קטן מקרין אותו עונה אחריהן מה שהן אומרין ותהי לו מארה אם היה גדול מקרא אותו עונה אחריו הללויה
Failed to match last Talmud line to Mishnah: ענעו אלא באנא ה' הושיעה נא
מקום שנהגו לכפול יכפול לפשוט יפשוט לברך (אחריו) יברך (אחריו) הכל כמנהג המדינה הלוקח לולב מחברו בשביעית נותן לו אתרוג במתנה לפי שאין רשאי ללקחו בשביעית
Failed to match last Talmud line to Mishnah: ענעו אלא באנא ה' הושיעה נא
בראשונה היה לולב נטל במקדש שבעה ובמדינה יום אחד משחרב בית המקדש התקין רבן יוחנן בן זכאי שיהא לולב נטל במדינה שבעה זכר למקדש ושיהא יום הנף כולו אסור
Failed to match last Talmud line to Mishnah: ענעו אלא באנא ה' הושיעה נא
יום טוב הראשון של חג שחל להיות בשבת כל העם מוליכין את לולביהן לבית הכנסת למחרת משכימין ובאין כל אחד ואחד מכיר את שלו ונוטלו מפני שאמרו חכמים אין אדם יוצא ידי חובתו ביום טוב הראשון של חג בלולבו של חברו ושאר ימות החג אדם יוצא ידי חובתו בלולבו של חברו
Failed to match last Talmud line to Mishnah: ענעו אלא באנא ה' הושיעה נא
רבי יוסי אומר יום טוב הראשון של חג שחל להיות בשבת ושכח והוציא את הלולב לרשות הרבים פטור מפני שהוציאו ברשות
Failed to match last Talmud line to Mishnah: ענעו אלא באנא ה' הושיעה נא
מקבלת אשה מיד בנה ומיד בעלה ומחזירתו למים בשבת רבי יהודה אומר בשבת מחזירין ביום טוב מוסיפין ובמועד מחליפין קטן היודע לנענע חיב בלולב
saw unmatched Mishna in Talmud: Sukkah, 3, 9, None, 37b, 32, 37b, 38
Failed to match last Talmud line to Mishnah: לברך יברך הכל כמנהג המדינה
מי שהיה עבד או אשה או קטן מקרין אותו עונה אחריהן מה שהן אומרין ותהי לו מארה אם היה גדול מקרא אותו עונה אחריו הללויה
Failed to match last Talmud line to Mishnah: ים פטור מפני שהוציאו ברשות
יום טוב הראשון של חג שחל להיות בשבת כל העם מוליכין את לולביהן לבית הכנסת למחרת משכימין ובאין כל אחד ואחד מכיר את שלו ונוטלו מפני שאמרו חכמים אין אדם יוצא ידי חובתו ביום טוב הראשון של חג בלולבו של חברו ושאר ימות החג אדם יוצא ידי חובתו בלולבו של חברו
Failed to match last Talmud line to Mishnah: יהא כל אחד ואחד נוטל בביתו
לולב וערבה ששה ושבעה ההלל והשמחה שמונה סכה ונסוך המים שבעה והחליל חמשה וששה
Failed to match last Talmud line to Mishnah: יהא כל אחד ואחד נוטל בביתו
לולב שבעה כיצד יום טוב הראשון של חג שחל להיות בשבת לולב שבעה ושאר כל הימים ששה
Failed to match last Talmud line to Mishnah: יהא כל אחד ואחד נוטל בביתו
ערבה שבעה כיצד יום שביעי של ערבה שחל להיות בשבת ערבה שבעה ושאר כל הימים ששה
Failed to match last Talmud line to Mishnah: ת לולביהן ואוכלין אתרוגיהן
מצות ערבה כיצד מקום היה למטה מירושלים ונקרא מוצא יורדין לשם ומלקטין משם מרביות של ערבה ובאין וזוקפין אותן בצדי המזבח וראשיהן כפופין על גבי המזבח תקעו והריעו ותקעו בכל יום מקיפין את המזבח פעם אחת ואומרים אנא ה' הושיעה נא אנא ה' הצליחה נא רבי יהודה אומר אני והו הושיעה נא ואותו היום מקיפין את המזבח שבע פעמים בשעת פטירתן מה הן אומרים יפי לך מזבח יפי לך מזבח רבי אליעזר אומר ליה ולך מזבח ליה ולך מזבח
Failed to match last Talmud line to Mishnah: ת לולביהן ואוכלין אתרוגיהן
כמעשהו בחל כך מעשהו בשבת אלא שהיו מלקטין אותן מערב שבת ומניחים אותן בגיגיות של זהב כדי שלא יכמושו רבי יוחנן בן ברוקה אומר חריות של דקל היו מביאין וחובטין אותן בקרקע בצדי המזבח ואותו היום נקרא יום חבוט חריות
Failed to match last Talmud line to Mishnah: ים מגולין פסולין לגבי מזבח
נסוך המים כיצד צלוחית של זהב מחזקת שלשת לגים היה ממלא מן השלוח הגיעו לשער המים תקעו והריעו ותקעו עלה בכבש ופנה לשמאלו שני ספלים של כסף היו שם רבי יהודה אומר של סיד היו אלא שהיו משחרין פניהם מפני היין ומנקבין כמין שני חטמין דקין אחד מעבה ואחד דק כדי שיהו שניהם כלין בבת אחת מערבי של מים מזרחי של יין ערה של מים לתוך של יין ושל יין לתוך של מים יצא רבי יהודה אומר בלג היה מנסך כל שמונה ולמנסך אומרים לו הגבה ידך שפעם אחת נסך אחד על גבי רגליו ורגמוהו כל העם באתרוגיהן
Failed to match last Talmud line to Mishnah: אומרין אנו ליה וליה עינינו
החליל חמשה וששה זהו החליל של בית השואבה שאינו דוחה לא את השבת ולא את יום טוב אמרו כל מי שלא ראה שמחת בית השואבה לא ראה שמחה מימיו
Failed to match last Talmud line to Mishnah: אומרין אנו ליה וליה עינינו
במוצאי יום טוב הראשון של חג ירדו לעזרת נשים ומתקנין שם תקון גדול ומנורות של זהב היו שם וארבעה ספלים של זהב בראשיהן וארבעה סלמות לכל אחד ואחד וארבעה ילדים מפרחי כהנה ובידיהם כדים של שמן של מאה ועשרים לג שהן מטילין לכל ספל וספל
Failed to match last Talmud line to Mishnah: אומרין אנו ליה וליה עינינו
מבלאי מכנסי כהנים ומהמיניהן מהן היו מפקיעין ובהן היו מדליקין ולא היתה חצר בירושלים שאינה מאירה מאור בית השואבה
Failed to match last Talmud line to Mishnah:  וטבעתה קבועה וחלונה סתומה
בשלשה פרקים בשנה היו כל המשמרות שוות באמורי הרגלים ובחלוק לחם הפנים בעצרת אומרים לו הילך מצה הילך חמץ משמר שזמנו קבוע הוא מקריב תמידין נדרים ונדבות ושאר קרבנות צבור ומקריב את הכל יום טוב הסמוך לשבת בין מלפניה בין מלאחריה היו כל המשמרות שוות בחלוק לחם הפנים
Failed to match last Talmud line to Mishnah: ר ויכסה שאפר כירה מוכן הוא
ביצה שנולדה ביום טוב בית שמאי אומרים תאכל ובית הלל אומרים לא תאכל בית שמאי אומרים שאור בכזית וחמץ בככותבת ובית הלל אומרים זה וזה בכזית
Failed to match last Talmud line to Mishnah: ך של אבן והמלח במדוך של עץ
בית שמאי אומרים אין מוליכין חלה ומתנות לכהן ביום טוב בין שהורמו מאמש בין שהורמו מהיום ובית הלל מתירין אמרו להם בית שמאי גזרה שוה חלה ומתנות מתנה לכהן ותרומה מתנה לכהן כשם שאין מוליכין את התרומה כך אין מוליכין את המתנות אמרו להם בית הלל לא אם אמרתם בתרומה שאינו זכאי בהרמתה תאמרו במתנות שזכאי בהרמתן
Failed to match last Talmud line to Mishnah: לין מגב לגב ומחבורה לחבורה
חל להיות אחר השבת בית שמאי אומרים מטבילין את הכל מלפני השבת ובית הלל אומרים כלים מלפני השבת ואדם בשבת
Failed to match last Talmud line to Mishnah: מלבנין את הרעפים לצלות בהן
רבי אליעזר אומר נוטל אדם קיסם (משלפניו) לחצץ בו שניו ומגבב מן החצר ומדליק שכל מה שבחצר מוכן הוא וחכמים אומרים מגבב משלפניו ומדליק
Failed to match last Talmud line to Mishnah: מלבנין את הרעפים לצלות בהן
אין מוציאין את האור לא מן העצים ולא מן האבנים ולא מן העפר ולא מן המים ואין מלבנין את הרעפים לצלות בהן ועוד אמר רבי אליעזר עומד אדם על המקצה ערב שבת בשביעית ואומר מכאן אני אוכל למחר וחכמים אומרים עד שירשום ויאמר מכאן ועד כאן
saw unmatched Mishna in Talmud: Beitzah, 4, 6, None, 33a, 29, 33a, 34
Failed to match last Talmud line to Mishnah: וטר במים מפני שאין בהן ממש
הבהמה והכלים כרגלי הבעלים המוסר בהמתו לבנו או לרועה הרי אלו כרגלי הבעלים כלים המיחדין לאחד מן האחין שבבית הרי אלו כרגליו ושאין מיחדין הרי אלו כמקום שהולכין
Failed to match last Talmud line to Mishnah:  זכה להם מנותיהם מערב יו"ט
מי שהיו פרותיו בעיר אחרת וערבו בני אותה העיר להביא אצלו (מפרותיו) לא יביאו לו ואם ערב הוא פרותיו כמוהו
Failed to match last Talmud line to Mishnah: בים נמצאת מכשילן לעתיד לבא
בין שנראה בעליל בין שלא נראה בעליל מחללין עליו את השבת רבי יוסי אומר אם נראה בעליל אין מחללין עליו את השבת
Failed to match last Talmud line to Mishnah:  יהו מקבלין אלא מן המכירין
מי שראה את החדש ואינו יכול להלך מוליכין אותו על החמור אפלו במטה ואם צודה להם לוקחין בידם מקלות ואם היתה דרך רחוקה לוקחין בידם מזונות שעל מהלך לילה ויום מחללין את השבת ויוצאין לעדות החדש שנאמר (ויקרא כג) אלה מועדי יי אשר תקראו אותם במועדם
saw unmatched Mishna in Talmud: Rosh_Hashanah, 1, 9, None, 22a, 38, 22a, 43
Failed to match last Talmud line to Mishnah: שון מזכיר האחרון אינו מזכי
מאימתי מזכירין גבורות גשמים רבי אליעזר אומר מיום (טוב) הראשון של חג רבי יהושע אומר מיום טוב האחרון של חג אמר לו רבי יהושע הואיל ואין הגשמים אלא סימן קללה בחג למה מזכיר אמר לו רבי אליעזר אף אני לא אמרתי לשאול אלא להזכיר משיב הרוח ומוריד הגשם בעונתו אמר לו אם כן לעולם יהא מזכיר
Failed to match last Talmud line to Mishnah: שעה באב שחל להיות בערב שבת
סדר תעניות כיצד מוציאין את התבה לרחובה של עיר ונותנין אפר מקלה על גבי התבה ובראש הנשיא ובראש אב בית דין וכל אחד ואחד נותן בראשו הזקן שבהן אומר לפניהן דברי כבושין אחינו לא נאמר באנשי נינוה וירא האלהים את שקם ואת תעניתם אלא (יונה ג) וירא האלהים את מעשיהם כי שבו מדרכם הרעה ובקבלה הוא אומר (יואל ב) וקרעו לבבכם ואל בגדיכם
Failed to match last Talmud line to Mishnah: שעה באב שחל להיות בערב שבת
עמדו בתפלה מורידין לפני התבה זקן ורגיל ויש לו בנים וביתו ריקם כדי שיהא לבו שלם בתפלה ואומר לפניהם עשרים וארבע ברכות שמונה עשרה שבכל יום ומוסיף עליהן עוד שש
Failed to match last Talmud line to Mishnah: שעה באב שחל להיות בערב שבת
ואלו הן זכרונות ושופרות אל יי בצרתה לי קראתי ויענני אשא עיני אל ההרים וגו' ממעמקים קראתיך ה' תפלה לעני כי יעטף רבי יהודה אומר לא היה צריך לומר זכרונות ושופרות אלא אומר תחתיהן רעב כי יהיה בארץ דבר כי יהיה וגו' אשר היה דבר ה' אל ירמיהו על דברי הבצרות ואומר חותמיהן
Failed to match last Talmud line to Mishnah: שעה באב שחל להיות בערב שבת
על הראשונה הוא אומר מי שענה את אברהם בהר המוריה הוא יענה אתכם וישמע בקול צעקתכם היום הזה ברוך אתה ה' גואל ישראל על השניה הוא אומר מי שענה את אבותינו על ים סוף הוא יענה אתכם וישמע קול צעקתכם היום הזה ברוך אתה ה' זוכר הנשכחות על השלישית הוא אומר מי שענה את יהושע בגלגל הוא יענה אתכם וישמע קול צעקתכם היום הזה ברוך אתה ה' שומע תרועה על הרביעית הוא אומר מי שענה את שמואל במצפה הוא יענה אתכם וישמע בקול צעקתכם היום הזה ברוך אתה ה' שומע צעקה על החמישית הוא אומר מי שענה את אליהו בהר הכרמל הוא יענה אתכם וישמע בקול צעקתכם היום הזה ברוך אתה ה' שומע תפלה על הששית הוא אומר מי שענה את יונה ממעי הדגה הוא יענה אתכם וישמע בקול צעקתכם היום הזה ברוך אתה ה' העונה בעת צרה על השביעית הוא אומר מי שענה את דוד ואת שלמה בנו בירושלים הוא יענה אתכם וישמע בקול צעקתכם היום הזה ברוך אתה ה' המרחם על הארץ
Failed to match last Talmud line to Mishnah: שעה באב שחל להיות בערב שבת
מעשה בימי רבי חלפתא ורבי חנניה בן תרדיון שעבר אחד לפני התבה וגמר את הברכה כלה ולא ענו אחריו אמן תקעו הכהנים תקעו מי שענה את אברהם אבינו בהר המוריה הוא יענה אתכם וישמע בקול צעקתכם היום הזה הריעו בני אהרן הריעו מי שענה את אבותינו על ים סוף הוא יענה אתכם וישמע בקול צעקתכם היום הזה וכשבא דבר אצל חכמים אמרו לא היינו נוהגין כן אלא בשער המזרח ובהר הבית
Failed to match last Talmud line to Mishnah: שעה באב שחל להיות בערב שבת
שלש תעניות הראשונות אנשי משמר מתענין ולא משלימין ואנשי בית אב לא היו מתענין כלל שלש שניות אנשי משמר מתענין ומשלימין ואנשי בית אב מתענין ולא משלימין שבע אחרונות אלו ואלו מתענין ומשלימין דברי רבי יהושע וחכמים אומרים שלש תעניות הראשונות אלו ואלו לא היו מתענין כלל שלש שניות אנשי משמר מתענין ולא משלימין ואנשי בית אב לא היו מתענין כלל שבע אחרונות אנשי משמר מתענין ומשלימין ואנשי בית אב מתענין ולא משלימין
Failed to match last Talmud line to Mishnah: שעה באב שחל להיות בערב שבת
אנשי משמר מתרים לשתות יין בלילות אבל לא בימים ואנשי בית אב לא ביום ולא בלילה אנשי משמר ואנשי מעמד אסורין מלספר ומלכבס ובחמישי מתרין מפני כבוד השבת
Failed to match last Talmud line to Mishnah: שעה באב שחל להיות בערב שבת
כל הכתוב במגלת תענית דלא למספד לפניו אסור לאחריו מתר רבי יוסי אומר לפניו ולאחריו אסור דלא להתענאה בהון לפניו ולאחריו מתר רבי יוסי אומר לפניו אסור לאחריו מתר
Failed to match last Talmud line to Mishnah: שעה באב שחל להיות בערב שבת
אין גוזרין תענית על הצבור בתחלה בחמישי שלא להפקיע השערים אלא שלש תעניות הראשונות שני וחמישי ושני ושלש שניות חמישי שני וחמישי רבי יוסי אומר כשם שאין הראשונות בחמישי כך לא שניות ולא אחרונות
Failed to match last Talmud line to Mishnah: בין הערבים וקראו הלל הגדול
סדר תעניות אלו האמור ברביעה ראשונה אבל צמחים ששנו מתריעין עליהם מיד וכן שפסקו גשמים בין גשם לגשם ארבעים יום מתריעין עליהם (מיד) מפני שהיא מכת בצרת
Failed to match last Talmud line to Mishnah: בין הערבים וקראו הלל הגדול
ירדו לצמחין אבל לא ירדו לאילן לאילן ולא לצמחים לזה ולזה אבל לא לבורות לשיחין ולמערות מתריעין עליהן מיד
Failed to match last Talmud line to Mishnah: בין הערבים וקראו הלל הגדול
וכן עיר שלא ירדו עליה גשמים דכתיב (עמוס ד) והמטרתי על עיר אחת ועל עיר אחת לא אמטיר חלקה אחת תמטר וגו' אותה העיר מתענה ומתרעת וכל סביבותיה מתענות ולא מתריעות רבי עקיבא אומר מתריעות ולא מתענות
Failed to match last Talmud line to Mishnah: בין הערבים וקראו הלל הגדול
וכן עיר שיש בה דבר או מפלת אותה העיר מתענה ומתרעת וכל סביבותיה מתענות ולא מתריעות רבי עקיבא אומר מתריעות ולא מתענות איזהו דבר עיר המוציאה חמש מאות רגלי ויצאו ממנה שלשה מתים בשלשה ימים זה אחר זה הרי זה דבר פחות מכאן אין זה דבר
Failed to match last Talmud line to Mishnah: בין הערבים וקראו הלל הגדול
על אלו מתריעין בכל מקום על השדפון ועל הירקון על הארבה ועל החסיל ועל חיה רעה ועל החרב מתריעין עליה מפני שהיא מכה מהלכת
Failed to match last Talmud line to Mishnah: בין הערבים וקראו הלל הגדול
מעשה שירדו זקנים מירושלים לעריהם וגזרו תענית על שנראה כמלא פי תנור שדפון באשקלון ועוד גזרו תענית על שאכלו זאבים שני תינוקות בעבר הירדן רבי יוסי אומר לא על שאכלו אלא על שנראה
Failed to match last Talmud line to Mishnah: בין הערבים וקראו הלל הגדול
על אלו מתריעין בשבת על עיר שהקיפוה גוים או נהר ועל ספינה המטרפת בים רבי יוסי אומר לעזרה ולא לצעקה שמעון התימני אומר אף על הדבר ולא הודו לו חכמים
Failed to match last Talmud line to Mishnah: בין הערבים וקראו הלל הגדול
על כל צרה שלא תבוא על הצבור מתריעין עליה חוץ מרוב גשמים מעשה שאמרו לו לחוני המעגל התפלל שירדו גשמים אמר להם צאו והכניסו תנורי פסחים בשביל שלא ימוקו התפלל ולא ירדו גשמים מה עשה עג עוגה ועמד בתוכה ואמר (לפניו) רבונו של עולם בניך שמו פניהם עלי שאני כבן בית לפניך נשבע אני בשמך הגדול שאיני זז מכאן עד שתרחם על בניך התחילו גשמים מנטפין אמר לא כך שאלתי אלא גשמי בורות שיחין ומערות התחילו לירד בזעף אמר לא כך שאלתי אלא גשמי רצון ברכה ונדבה ירדו כתקנן עד שיצאו ישראל מירושלים להר הבית מפני הגשמים באו ואמרו לו כשם שהתפללת עליהם שירדו כך התפלל שילכו להן אמר להן צאו וראו אם נמחית אבן הטועים שלח לו שמעון בן שטח אלמלא חוני אתה גוזרני עליך נדוי אבל מה אעשה לך שאתה מתחטא לפני המקום ועושה לך רצונך כבן שהוא מתחטא על אביו ועושה לו רצונו ועליך הכתוב אומר (משלי כג) ישמח אביך ואמך ותגל יולדתך
Failed to match last Talmud line to Mishnah: ת המקדש שיבנה במהרה בימינו
בשלשה פרקים (בשנה) כהנים נושאין את כפיהן ארבע פעמים ביום בשחרית במוסף ובמנחה ובנעילת שערים:
Failed to match last Talmud line to Mishnah: ת המקדש שיבנה במהרה בימינו
אלו הן מעמדות לפי שנאמר (במדבר כח ב) "צו את בני ישראל ואמרת אלהם את קרבני לחמי" וכי היאך קרבנו של אדם קרב והוא אינו עומד על גביו התקינו נביאים הראשונים עשרים וארבע משמרות על כל משמר ומשמר היה מעמד בירושלים של כהנים של לוים ושל ישראלים הגיע זמן המשמר לעלות כהנים ולוים עולים לירושלים וישראל שבאותו משמר מתכנסין לעריהן וקוראין במעשה בראשית
Failed to match last Talmud line to Mishnah: ת המקדש שיבנה במהרה בימינו
(ואנשי המעמד היו מתענין ארבעה ימים בשבוע מיום שני ועד יום חמישי ולא היו מתענין ערב שבת מפני כבוד השבת ולא באחד בשבת כדי שלא יצאו ממנוחה וענג ליגיעה ותענית וימותו) ביום הראשון בראשית ויהי רקיע בשני יהי רקיע ויקוו המים בשלישי יקוו המים ויהי מארת ברביעי יהי מארת וישרצו המים בחמישי ישרצו המים ותוצא הארץ בששי תוצא הארץ ויכלו השמים פרשה גדולה קורין אותה בשנים והקטנה ביחיד בשחרית ובמוסף ובמנחה נכנסין וקורין על פיהן כקורין את שמע ערב שבת במנחה לא היו נכנסין מפני כבוד השבת
Failed to match last Talmud line to Mishnah: ת המקדש שיבנה במהרה בימינו
כל יום שיש בו הלל אין בו מעמד בשחרית קרבן מוסף אין בו בנעילה קרבן עצים אין בו במנחה דברי רבי עקיבא אמר לו בן עזאי כך היה רבי יהושע שונה קרבן מוסף אין בו במנחה קרבן עצים אין בו בנעילה חזר רבי עקיבא להיות שונה כבן עזאי
Failed to match last Talmud line to Mishnah: ת המקדש שיבנה במהרה בימינו
זמן עצי כהנים והעם תשעה באחד בניסן בני ארח בן יהודה בעשרים בתמוז בני דוד בן יהודה בחמשה באב בני פרעש בן יהודה בשבעה בו בני יונדב בן רכב בעשרה בו בני סנאה בן בנימין בחמשה עשר בו בני זתוא בן יהודה ועמהם כהנים ולוים וכל מי שטעה בשבטו ובני גונבי עלי בני קוצעי קציעות בעשרים בו בני פחת מואב בן יהודה בעשרים באלול בני עדין בן יהודה באחד בטבת שבו בני פרעש שניה באחד בטבת לא היה בו מעמד שהיה בו הלל וקרבן מוסף וקרבן עצים
Failed to match last Talmud line to Mishnah: ת המקדש שיבנה במהרה בימינו
חמשה דברים ארעו את אבותינו בשבעה עשר בתמוז וחמשה בתשעה באב בשבעה עשר בתמוז נשתברו הלוחות ובטל התמיד והבקעה העיר ושרף אפסטמוס את התורה והעמיד צלם בהיכל בתשעה באב נגזר על אבותינו שלא יכנסו לארץ וחרב הבית בראשונה ובשניה ונלכדה ביתר ונחרשה העיר משנכנס אב ממעטין בשמחה
Failed to match last Talmud line to Mishnah: ת המקדש שיבנה במהרה בימינו
שבת שחל תשעה באב להיות בתוכה אסור מלספר ומלכבס ובחמישי מתרין מפני כבוד השבת ערב תשעה באב לא יאכל אדם שני תבשילין לא יאכל בשר ולא ישתה יין רבן שמעון בן גמליאל אומר ישנה רבי יהודה מחיב בכפית המטה ולא הודו לו חכמים
Failed to match last Talmud line to Mishnah: כתובה אשורית על הספר ובדיו
הקורא את המגילה למפרע לא יצא קראה על פה קראה תרגום בכל לשון לא יצא אבל קורין אותה ללועזות בלעז והלועז ששמע אשורית יצא
Failed to match last Talmud line to Mishnah:  שמצותו בלילה כשר כל הלילה
כל היום כשר לקריאת המגלה ולקריאת ההלל ולתקיעת שופר ולנטילת לולב ולתפלת המוספין ולמוספין ולודוי הפרים ולודוי המעשר ולודוי יום הכפורים לסמיכה לשחיטה לתנופה להגשה לקמיצה ולהקטרה למליקה ולקבלה ולהזיה ולהשקית סוטה ולעריפת העגלה ולטהרת המצרע
Failed to match last Talmud line to Mishnah: קברות ויוצאין אף על הכלאים
משקין בית השלחין במועד ובשביעית בין ממעין שיצא בתחלה בין ממעין שלא יצא בתחלה אבל אין משקין לא ממי הגשמים ולא ממי הקילון ואין עושין עוגיות לגפנים
Failed to match last Talmud line to Mishnah:  אומרים לא להקל ולא להחמיר
רבי מאיר אומר רואין את הנגעים בתחלה להקל אבל לא להחמיר וחכמים אומרים לא להקל ולא להחמיר ועוד אמר רבי מאיר מלקט אדם עצמות אביו ואמו מפני ששמחה היא לו רבי יוסי אומר אבל היא לו לא יעורר אדם על מתו ולא יספידנו קדם לרגל שלשים יום
Failed to match last Talmud line to Mishnah:  אומרים לא להקל ולא להחמיר
אין חופרין כוכין וקברות במועד אבל מחנכים את הכוכין במועד ועושין נברכת במועד וארון עם המת בחצר רבי יהודה אוסר אלא אם כן יש עמו נסרים
Failed to match last Talmud line to Mishnah:  אומרים לא להקל ולא להחמיר
אין נושאין נשים במועד לא בתולות ולא אלמנות ולא מיבמין מפני ששמחה היא לו אבל מחזיר הוא את גרושתו ועושה אשה תכשיטיה במועד רבי יהודה אומר לא תסוד מפני שנוול הוא לה
Failed to match last Talmud line to Mishnah:  אומרים לא להקל ולא להחמיר
ההדיוט תופר כדרכו והאמן מכליב ומסרגין את המטות רבי יוסי אומר [ אף ] ממתחין
Failed to match last Talmud line to Mishnah:  אומרים לא להקל ולא להחמיר
מעמידין תנור וכירים (ורחים) במועד רבי יהודה אומר אין מכבשין את הרחים בתחלה
Failed to match last Talmud line to Mishnah:  אומרים לא להקל ולא להחמיר
עושין מעקה לגג ולמרפסת מעשה הדיוט אבל לא מעשה אמן שפין את הסדקין ומעגילין אותן במעגילה ביד וברגל אבל לא במ ח לצים הציר והצנור והקורה והמנעול והמפתח שנשברו מתקנן במועד ובלבד שלא יכון מלאכתו במועד וכל כבשין שהוא יכול לאכול מהן במועד כובשן
saw unmatched Mishna in Talmud: Moed_Katan, 1, 5, None, 7a, 35, 7a, 38
Failed to match last Talmud line to Mishnah:  מותרין ושאר כל אדם אסורין
ואלו מגלחין במועד הבא ממדינת הים ומבית השביה והיוצא מבית האסורין והמנדה שהתירו לו חכמים וכן מי שנשאל לחכם והתר והנזיר והמצרע העולה מטמאתו לטהרתו
Failed to match last Talmud line to Mishnah: רגלים ראש השנה ויוה"כ כשבת
הקובר את מתו שלשה ימים קדם לרגל בטלה הימנו גזרת שבעה שמונה בטלה הימנו גזרת שלשים מפני שאמרו שבת עולה ואינה מפסקת רגלים מפסיקין ואינן עולין
Failed to match last Talmud line to Mishnah: א של נשים לעולם מפני הכבוד
אין קורעין ולא חולצין ואין מברין אלא קרוביו של מת אין מברין אלא על מטה זקופה ואין מוליכין לבית האבל לא בטבלא ולא באסקוטלא ולא בקנון אלא בסלים ואין אומרים ברכת אבלים במועד אבל עומדין בשורה ומנחמין ופוטרין את הרבים
Failed to match last Talmud line to Mishnah: להים דמעה מעל כל פנים וגו'
אין מניחין את המטה ברחוב שלא להרגיל את ההספד ולא של נשים לעולם מפני הכבוד נשים במועד מענות אבל לא מטפחות רבי ישמעאל אומר הסמוכות למטה מטפחות
Failed to match last Talmud line to Mishnah: יה מעה כסף והחגיגה שתי כסף
הכל חיבין בראיה חוץ מחרש שוטה וקטן וטמטום ואנדרוגינוס ונשים ועבדים שאינם משחררים החגר והסומא והחולה והזקן ומי שאינו יכול לעלות ברגליו איזהו קטן כל שאינו יכול לרכוב על כתפיו של אביו ולעלות מירושלים להר הבית דברי בית שמאי ובית הלל אומרים כל שאינו יכול לאחוז בידו של אביו ולעלות מירושלים להר הבית שנאמר שלש רגלים
Failed to match last Talmud line to Mishnah: ק אבל לא בעופות ולא במנחות
עולות במועד באות מן החלין והשלמים מן המעשר יום טוב ראשון של פסח בית שמאי אומרים מן החלין ובית הלל אומרים מן המעשר
Failed to match last Talmud line to Mishnah: ה תלמיד חכם הפורש מן התורה
מי שלא חג ביום טוב הראשון של חג חוגג את כל הרגל ויום טוב האחרון של חג עבר הרגל ולא חג אינו חיב באחריותו על זה נאמר [קהלת א:טו] "מעות לא יוכל לתקן וחסרון לא יוכל להמנות "
Failed to match last Talmud line to Mishnah: דברי האומרין עצרת אחר השבת
בית שמאי אומרים מביאין שלמים ואין סומכין עליהם אבל לא עולות ובית הלל אומרים מביאין שלמים ועולות וסומכין עליהם
Failed to match last Talmud line to Mishnah: יו והיתה מטפחתו מדרס לחטאת
נוטלין לידים לחלין ולמעשר ולתרומה ולקדש מטבילין ולחטאת אם נטמאו ידיו נטמא גופו
Failed to match last Talmud line to Mishnah: יו והיתה מטפחתו מדרס לחטאת
הטובל לחלין והחזק לחלין אסור למעשר טבל למעשר והחזק למעשר אסור לתרומה טבל לתרומה והחזק לתרומה אסור לקדש טבל לקדש והחזק לקדש אסור לחטאת טבל לחמור מותר לקל טבל ולא הוחזק כאלו לא טבל
Failed to match last Talmud line to Mishnah: ן טבילה לקדש אבל לא לתרומה
חמר בקדש מבתרומה שמטבילין כלים בתוך כלים לתרומה אבל לא לקדש אחורים ותוך ובית הצביטה בתרומה אבל לא בקדש הנושא את המדרס נושא את התרומה אבל לא את הקדש בגדי אוכלי תרומה מדרס לקדש לא כמדת הקדש מדת התרומה שבקדש מתיר ומנגב ומטביל ואחר כך קושר ובתרומה קושר ואחר כך מטביל
Failed to match last Talmud line to Mishnah: אנה צרתה חולצת ולא מתייבמת
חמש עשרה נשים פוטרות צרותיהן וצרות צרותיהן מן החליצה ומן היבום עד סוף העולם ואלו הן בתו ובת בתו ובת בנו בת אשתו ובת בנה ובת בתה חמותו ואם חמותו ואם חמיו אחותו מאמו ואחות אמו ואחות אשתו ואשת אחיו מאמו ואשת אחיו שלא היה בעולמו וכלתו הרי אלו פוטרות צרותיהן וצרות צרותיהן מן החליצה ומן היבום עד סוף העולם וכלן אם מתו או מאנו או נתגרשו או שנמצאו אילוניות צרותיהן מתרות ואי אתה יכול לומר בחמותו ובאם חמותו ובאם חמיו שנמצאו אילוניות או שמאנו
Failed to match last Talmud line to Mishnah: עושין טהרות אלו על גבי אלו
שש עריות חמורות מאלו מפני שנשואות לאחרים צרותיהן מתרות אמו ואשת אביו ואחות אביו אחותו מאביו ואשת אחי אביו ואשת אחיו מאביו
Failed to match last Talmud line to Mishnah: שראל ובת ישראל לנתין וממזר
כלל אמרו ביבמה כל שהיא אסור ערוה לא חולצת ולא מתיבמת [ אסורה ] אסור מצוה ואסור קדשה חולצת ולא מתיבמת אחותה שהיא יבמתה חולצת או מתיבמת
Failed to match last Talmud line to Mishnah: מן השפחה ומן העובדת כוכבים
מי שיש לו אח מכל מקום זוקק את אשת אחיו ליבום ואחיו לכל דבר חוץ ממי שיש לו מן השפחה ומן הנכרית מי שיש לו בן מכל מקום פוטר אשת אביו מן היבום וחיב על מכתו ועל קללתו ובנו הוא לכל דבר חוץ ממי שיש לו מן השפחה ומן הנכרית
Failed to match last Talmud line to Mishnah: מן השפחה ומן העובדת כוכבים
מי שקדש אחת משתי אחיות ואינו יודע איזו מהן קדש נותן גט לזו וגט לזו מת ולו אח אחד חולץ לשתיהן היו לו שנים אחד חולץ ואחד מיבם קדמו וכנסו אין מוציאין מידם
Failed to match last Talmud line to Mishnah: מן השפחה ומן העובדת כוכבים
שנים שקדשו שתי אחיות זה אינו יודע איזו קדש וזה אינו יודע איזו קדש זה נותן שני גטין וזה נותן שני גטין מתו לזה אח ולזה אח זה חולץ לשתיהן וזה חולץ לשתיהן לזה אחד ולזה שנים היחיד חולץ לשתיהן והשנים אחד חולץ ואחד מיבם קדמו וכנסו אין מוציאין מידם לזה שנים ולזה שנים אחיו של זה חולץ לאחת ואחיו של זה חולץ לאחת אחיו של זה מיבם חלוצתו של זה ואחיו של זה מיבם חלוצתו של זה קדמו שנים וחלצו לא ייבמו השנים אלא אחד חולץ ואחד מיבם קדמו וכנסו אין מוציאין מידם
Failed to match last Talmud line to Mishnah: מן השפחה ומן העובדת כוכבים
מצוה בגדול ליבם ואם קדם הקטן זכה הנטען על השפחה ונשתחררה או על הנכרית ונתגירה הרי זה לא יכנוס ואם כנס אין מוציאין מידו הנטען על אשת איש והוציאוה מתחת ידו אף על פי שכנס יוציא
Failed to match last Talmud line to Mishnah: מן השפחה ומן העובדת כוכבים
המביא גט ממדינת הים ואמר בפני נכתב ובפני נחתם לא ישא את אשתו מת הרגתיו הרגנוהו לא ישא את אשתו רבי יהודה אומר הרגתיו לא תנשא אשתו הרגנוהו תנשא אשתו
Failed to match last Talmud line to Mishnah: מן השפחה ומן העובדת כוכבים
החכם שאסר את האשה בנדר על בעלה הרי זה לא ישאנה מאנה או שחלצה בפניו ישאנה מפני שהוא בית דין וכלן שהיו להם נשים ומתו מתרות לנשא להם וכלן שנשאו לאחרים ונתגרשו או שנתאלמנו מתרות לנשא להן וכלן מתרות לבניהם או לאחיהן
saw unmatched Mishna in Talmud: Yevamot, 2, 5, None, 22a, 36, 22a, 37
Failed to match last Talmud line to Mishnah: ומר לקחתיה הימנו אינו נאמן
האשה שנתארמלה או שנתגרשה היא אומרת בתולה נשאתני והוא אומר לא כי אלא אלמנה נשאתיך אם יש עדים שיצתה בהינומא וראשה פרוע כתבתה מאתים רבי יוחנן בן ברוקא אומר אף חלוק קליות ראיה
Failed to match last Talmud line to Mishnah:  מעלין לכהונה על פי עד אחד
וכן שני אנשים זה אומר כהן אני וזה אומר כהן אני אינן נאמנין ובזמן שהן מעידין זה את זה הרי אלו נאמנין
Failed to match last Talmud line to Mishnah: לו תהיה לאשה אשה הראויה לו
המפתה נותן שלשה דברים והאונס ארבעה המפתה נותן בשת ופגם וקנס מוסיף עליו אונס שנותן את הצער מה בין אונס למפתה האונס נותן את הצער והמפתה אינו נותן את הצער האונס נותן מיד והמפתה לכשיוציא האונס שותה בעציצו והמפתה אם רצה להוציא מוציא
Failed to match last Talmud line to Mishnah: ומר האונס חייב והמפתה פטור
יתומה שנתארסה ונתגרשה רבי אלעזר אומר המפתה פטור והאונס חיב
Failed to match last Talmud line to Mishnah: ומר האונס חייב והמפתה פטור
איזוהי בשת הכל לפי המביש והמתביש פגם רואין אותה כאלו היא שפחה נמכרת כמה היתה יפה וכמה היא יפה קנס שוה בכל אדם וכל שיש לו קצבה מן התורה שוה בכל אדם
Failed to match last Talmud line to Mishnah: ומר האונס חייב והמפתה פטור
כל מקום שיש מכר אין קנס וכל מקום שיש קנס אין מכר קטנה יש לה מכר ואין לה קנס נערה יש לה קנס ואין לה מכר הבוגרת אין לה לא מכר ולא קנס
Failed to match last Talmud line to Mishnah: ומר האונס חייב והמפתה פטור
האומר פתיתי את בתו של פלוני משלם בשת ופגם על פי עצמו ואינו משלם קנס האומר גנבתי (וטבחתי ומכרתי) משלם את הקרן על פי עצמו ואינו משלם תשלומי כפל ותשלומי ארבעה וחמשה המית שורי את פלוני או שורו של פלוני הרי זה משלם על פי עצמו המית שורי עבדו של פלוני אינו משלם על פי עצמו זה הכלל כל המשלם יתר על מה שהזיק אינו משלם על פי עצמו
saw unmatched Mishna in Talmud: Ketubot, 3, 6, None, 40a, 9, 40a, 10
Failed to match last Talmud line to Mishnah:  וכתובתה תרפא את עצמה רשאי
לא כתב לה כתבה בתולה גובה מאתים ואלמנה מנה מפני שהוא תנאי בית דין כתב לה שדה שוה מנה תחת מאתים זוז ולא כתב לה כל נכסים דאית לי אחראין לכתבתיך חיב שהוא תנאי בית דין
Failed to match last Talmud line to Mishnah:  וכתובתה תרפא את עצמה רשאי
לא כתב לה אם תשתבאי אפרקניך ואותבניך לי לאנתו ובכהנת אהדרניך למדינתיך חיב שהוא תנאי בית דין
Failed to match last Talmud line to Mishnah: וכלת בתרומה עד שתכנס לחופה
נותנין לבתולה שנים עשר חדש משתבעה הבעל לפרנס את עצמה וכשם שנותנין לאשה כך נותנין לאיש לפרנס את עצמו ולאלמנה שלשים יום הגיע זמן ולא נשאו אוכלת משלו ואוכלת בתרומה רבי טרפון אומר נותנין לה הכל תרומה רבי עקיבא אומר מחצה חלין ומחצה תרומה
Failed to match last Talmud line to Mishnah: תן פוסק הוא פוסק פחות חומש
הפוסק מעות לחתנו ומת חתנו אמרו חכמים יכול הוא שיאמר לאחיך הייתי רוצה ל תן ולך אי אפשי לתן
Failed to match last Talmud line to Mishnah: תן קצבה ובעשירות שלשים יום
המדיר את אשתו מלהנות לו עד שלשים יום יעמיד פרנס יתר מכן יוציא ויתן כתבה רבי יהודה אומר בישראל חדש אחד יקים ושנים יוציא ויתן כתבה ובכהנת שנים יקים ושלשה יוציא ויתן כתבה
Failed to match last Talmud line to Mishnah: תן קצבה ובעשירות שלשים יום
המדיר את אשתו שלא תטעום אחד מכל הפרות יוציא ויתן כתבה רבי יהודה אומר בישראל יום אחד יקים שנים יוציא ויתן כתבה ובכהנת שנים יקים שלשה יוציא ויתן כתבה
Failed to match last Talmud line to Mishnah:  תמכור ואם מכרה ונתנה קיים
האשה שנפלו לה נכסים עד שלא תתארס מודים בית שמאי ובית הלל שמוכרת ונותנת וקים נפלו לה משנתארסה בית שמאי אומרים תמכור ובית הלל אומרים לא תמכור אלו ואלו מודים שאם מכרה ונתנה קים אמר רבי יהודה אמרו לפני רבן גמליאל הואיל וזכה באשה לא יזכה בנכסים אמר להן על החדשים אנו בושין אלא שאתם מגלגלין עלינו את הישנים נפלו לה משנשאת אלו ואלו מודים שאם מכרה ונתנה שהבעל מוציא מיד הלקוחות עד שלא נשאת ונשאת רבן גמליאל אומר אם מכרה ונתנה קים אמר רבי חנינא בן עקיבא אמרו לפני רבן גמליאל הואיל וזכה באשה לא יזכה בנכסים אמר להם על החדשים אנו בושין אלא שאתם מגלגלים עלינו את הישנים
Failed to match last Talmud line to Mishnah: ע בכניסתה שלה וביציאתה שלו
נפלו לה כספים ילקח בהן קרקע והוא אוכל פרות פרות התלושין מן הקרקע ילקח בהן קרקע והוא אוכל פרות והמחברין בק רקע אמר רבי מאיר שמין אותן כמה הן יפין בפרות וכמה הן יפין בלא פרות והמותר ילקח בהן קרקע והוא אוכל פרות וחכמים אומרים המחברין לקרקע שלו והתלושין מן הקרקע שלה וילקח בהן קרקע והוא אוכל פרות
Failed to match last Talmud line to Mishnah: מכור מפני שהן שבח בית אביה
נפלו לה עבדים ושפחות זקנים ימכרו וילקח בהן קרקע והוא אוכל פרות רבן שמעון בן גמליאל אומר לא תמכור מפני שהן שבח בית אביה נפלו לה זיתים וגפנים זקנים ימכרו לעצים וילקח בהן קרקע והוא אוכל פרות רבי יהודה אומר לא תמכור מפני שהן שבח בית אביה המוציא הוצאות על נכסי אשתו הוציא הרבה ואכל קמעא קמעא ואכל הרבה מה שהוציא הוציא מה שאכל אכל הוציא ולא אכל ישבע כמה הוציא ויטול
Failed to match last Talmud line to Mishnah: מכור מפני שהן שבח בית אביה
שומרת יבם שנפלו לה נכסים מודים בית שמאי ובית הלל שמוכרת ונותנת וקים מתה מה יעשו בכתבתה ובנכסים הנכנסין והיוצאין עמה בית שמאי אומרים יחלקו יורשי הבעל עם יורשי האב ובית הלל אומרים נכסים בחזקתן כתבה בחזקת יורשי הבעל נכסים הנכנסים והיוצאים עמה בחזקת יורשי האב
Failed to match last Talmud line to Mishnah: מכור מפני שהן שבח בית אביה
הניח אחיו מעות ילקח בהן קרקע והוא אוכל פרות פרות התלושין מן הקרקע ילקח בהן קרקע והוא אוכל פרות המחברין בקרקע אמר רבי מאיר שמין אותן כמה הן יפין בפרות וכמה הן יפין בלא פרות והמותר ילקח בהן קרקע והוא אוכל פרות וחכמים אומרים פרות המחברים בקרקע שלו והתלושין מן הקרקע כל הקודם זכה בהן קדם הוא זכה קדמה היא ילקח בהן קרקע והוא אוכל פרות כנסה הרי היא כאשתו לכל דבר ובלבד שתהא כתבתה על נכסי בעלה הראשון
Failed to match last Talmud line to Mishnah: מכור מפני שהן שבח בית אביה
לא יאמר לה הרי כתבתיך מנחת על השלחן אלא כל נכסיו אחראין לכתבתה (וכן לא יאמר אדם לאשתו הרי כתבתיך מנחת על השלחן אלא כל נכסיו אחראין לכתבתה) גרשה אין לה אלא כתבתה החזירה הרי היא ככל הנשים ואין לה אלא כתבתה בלבד
saw unmatched Mishna in Talmud: Ketubot, 8, 5, None, 79b, 32, 79b, 37
Failed to match last Talmud line to Mishnah: ת יותר על שתי הכתובות דינר
מי שהיה נשוי שתי נשים ומתו ואחר כך מת הוא ויתומים מבקשים כתבת אמן ואין שם אלא שתי כתבות חולקין בשוה היה שם מותר דינר אלו נוטלין כתבת אמן ואלו נוטלין כתבת אמן אם אמרו יתומים אנחנו מעלין על נכסי אבינו יתר דינר כדי שיטלו כתבת אמן אין שומעין להן אלא שמין את הנכסים בבית דין
Failed to match last Talmud line to Mishnah: תך חמש שנים כל זמן שאת עמי
הנושא את האשה ופסקה עמו כדי שיזון את בתה חמש שנים חיב לזונה חמש שנים נשאת לאחר ופסקה עמו כדי שיזון את בתה חמש שנים חיב לזונה חמש שנים לא יאמר הראשון לכשתבוא אצלי אזונה אלא מוליך לה מזונותיה למקום אמה וכן לא יאמרו שניהם הרי אנו זנין אותה כאחד אלא אחד זנה ואחד נותן לה דמי מזונות
Failed to match last Talmud line to Mishnah: לוקח מת או שמכרו לאחר אסור
השתפין שנדרו הנאה זה מזה אסורין לכנס לחצר רבי אליעזר בן יעקב אומר: זה נכנס לתוך שלו וזה נכנס לתוך שלו ושניהם אסורים להעמיד שם רחים ותנור ולגדל תרנגולים היה אחד מהם מדר הנאה מחברו לא יכנס לחצר רבי אליעזר בן יעקב אומר: יכול הוא לומר לו: לתוך שלי אני נכנס ואיני נכנס לתוך שלך וכופין את הנודר למכור את חלקו
Failed to match last Talmud line to Mishnah: לוקח מת או שמכרו לאחר אסור
היה אחד מן השוק מדר באחד מהם הנאה לא יכנס לחצר רבי אליעזר בן יעקב אומר: יכול הוא לומר לו: לתוך שלחברך אני נכנס ואיני נכנס לתוך שלך
Failed to match last Talmud line to Mishnah: שכבר כתבו אבותיהן על ידיהן
הריני עליך חרם - המדר אסור הרי את עלי חרם - הנודר אסור הריני עליך ואת עלי - שניהם אסורין ושניהם מתרין בדבר שלעולי בבל ואסורין בדבר שלאותה העיר
Failed to match last Talmud line to Mishnah: עם אסור בכל המתבשלין בקדרה
הנודר מן המבשל מתר בצלי ובשלוק אמר קונם תבשיל שאיני טועם אסור במעשה קדרה רך ומתר בעבה ומתר בביצת טרמיטא ובדלעת הרמוצה
Failed to match last Talmud line to Mishnah: ד החג ומותרת לילך אחר הפסח
קונם פרות האלו עלי קונם הן על פי קונם הן לפי אסור בחלופיהן ובגדוליהן שאני אוכל ושאני טועם מתר בחלופיהן ובגדוליהן בדבר שזרעו כלה אבל בדבר שאין זרעו כלה אפלו גדולי גדולין אסורין
Failed to match last Talmud line to Mishnah: ד החג ומותרת לילך אחר הפסח
האומר לאשתו קונם מעשה ידיך עלי קונם הן על פי קונם הן לפי אסור בחלופיהן ובגדוליהן שאיני אוכל שאיני טועם מתר בחלופיהן ובגדוליהן בדבר שזרעו כלה אבל בדבר שאין זרעו כלה אפלו גדולי גדולין אסורים
Failed to match last Talmud line to Mishnah: ד החג ומותרת לילך אחר הפסח
שאת עושה איני אוכל עד הפסח שאת עושה איני מתכסה עד הפסח עשתה לפני הפסח מתר לאכול ולהתכסות אחר הפסח שאת עושה עד הפסח איני אוכל ושאת עושה עד הפסח איני מתכסה עשתה לפני הפסח אסור לאכול ולהתכסות אחר הפסח
Failed to match last Talmud line to Mishnah: רבי יוסי אומר אסור עד שיצא
קונם יין שאני טועם היום אינו אסור אלא עד שתחשך שבת זו אסור בכל השבת ושבת שעברה חדש זה אסור בכל החדש וראש חדש להבא שנה זו אסור בכל השנה וראש השנה לעתיד לבוא שבוע זה אסור בכל השבוע ושביעית שעברה ואם אמר יום אחד שבת אחת חדש אחד שנה אחת שבוע אחד אסור מיום ליום
Failed to match last Talmud line to Mishnah: ר הקיץ עד שיקפילו המקצועות
עד הקציר עד הבציר עד המסיק אינו אסור אלא עד שיגיע זה הכלל כל שזמנו קבוע ואמר עד שיגיע אסור עד שיגיע אמר עד שיהא אסור עד שיצא וכל שאין זמנו קבוע בין אמר עד שיהא בין אמר עד שיגיע אינו אסור אלא עד שיגיע
Failed to match last Talmud line to Mishnah:  יהודה אומר עד שיעבור הפסח
עד הקיץ עד שיהא הקיץ עד שיתחילו העם להכניס בכלכלות עד שיעבור הקיץ עד שיקפלו המקצועות עד הקציר עד שיתחילו העם לקצור קציר חטים אבל לא קציר שעורים הכל לפי מקום נדרו אם היה בהר בהר ואם היה בבקעה בבקעה
Failed to match last Talmud line to Mishnah:  אליעזר מתיר וחכמים אוסרין
עד הגשמים עד שיהיו הגשמים עד שתרד רביעה שניה רבן שמעון בן גמליאל אומר עד שיגיע זמנה של רביעה עד שיפסקו גשמים עד שיצא ניסן כלו דברי רבי מאיר רבי יהודה אומר עד שיעבור הפסח קונם יין שאיני טועם השנה נתעברה השנה אסור בה ובעבורה עד ראש אדר עד ראש אדר הראשון עד סוף אדר עד סוף אדר הראשון רבי יהודה אומר קונם יין שאיני טועם עד שיהא הפסח אינו אסור אלא עד ליל הפסח שלא נתכון זה אלא עד שעה שדרך בני אדם לשתות יין
Failed to match last Talmud line to Mishnah:  אליעזר מתיר וחכמים אוסרין
אמר קונם בשר שאיני טועם עד שיהא הצום אינו אסור אלא עד לילי הצום שלא נתכון זה אלא עד שעה שדרך בני אדם לאכול בשר רבי יוסי בנו אומר קונם שום שאיני טועם עד שתהא שבת אינו אסור אלא עד לילי שבת שלא נתכון זה אלא עד שעה שדרך בני אדם לאכול שום
Failed to match last Talmud line to Mishnah:  אליעזר מתיר וחכמים אוסרין
האומר לחברו קונם שאני נהנה לך אם אין אתה בא ונוטל לבניך כור אחד של חיטין ושתי חביות של יין הרי זה יכול להפר את נדרו שלא על פי חכם ויאמר לו כלום אמרת אלא מפני כבודי זהו כבודי וכן האומר לחברו קונם שאתה נהנה לי אם אין אתה בא ונותן לבני כור אחד של חטין ושתי חביות של יין רבי מאיר אומר אסור עד שיתן וחכמים אומרים אף זה יכול להפר את נדרו שלא על פי חכם ויאמר לו הרי אני כאלו [ התקבלתי ] היו מסרבין בו לשאת בת אחותו ואמר קונם שהיא נהנית לי לעולם וכן המגרש את אשתו ואמר קונם אשתי נהנית לי לעולם הרי אלו מתרות להנות לו שלא נתכון זה אלא לשום אשות היה מסרב בחברו שיאכל אצלו אמר קונם לביתך שאיני נכנס טפת צונן שאיני טועם לך מתר לכנס לביתו ולשתות ממנו צונן שלא נתכון זה אלא לשום אכילה ושתיה
saw unmatched Mishna in Talmud: Nedarim, 8, 5, None, 63b, 6, 64a, 13
Failed to match last Talmud line to Mishnah: זיר וכל דקדוקי נזירות עליו
הריני נזיר מן החרצנים ומן הזגים ומן התגלחת ומן הטמאה הרי זה נזיר וכל דקדוקי נזירות עליו הריני כשמשון כבן מנוח כבעל דלילה כמי שעקר דלתות עזה כמי שנקרו פלשתים את עיניו הרי זה נזיר שמשון מה בין נזיר עולם לנזיר שמשון נזיר עולם הכביד שערו מקל בתער ומביא שלש בהמות ואם נטמא מביא קרבן טמאה נזיר שמשון הכביד שערו אינו מקל ואם נטמא אינו מביא קרבן טמאה
Failed to match last Talmud line to Mishnah: זיר וכל דקדוקי נזירות עליו
סתם נזירות שלשים יום אמר הריני נזיר אחת גדולה הריני נזיר אחת קטנה אפלו מכאן ועד סוף העולם נזיר שלשים יום הריני נזיר ויום אחד הריני נזיר ושעה אחת הריני נזיר אחת ומחצה הרי זה נזיר שתים הריני נזיר שלשים יום ושעה אחת נזיר שלשים ואחד יום שאין נוזרים לשעות
Failed to match last Talmud line to Mishnah: זיר וכל דקדוקי נזירות עליו
הריני נזיר כשער ראשי וכעפר הארץ וכחול הים הרי זה נזיר עולם ומגלח אחת לשלשים יום רבי אומר אין זה מגלח אחת לשלשים יום ואיזהו שמגלח אחת לשלשים יום האומר הרי עלי נזירות כשער ראשי וכעפר הארץ וכחול הים
Failed to match last Talmud line to Mishnah: זיר וכל דקדוקי נזירות עליו
הריני נזיר מלא הבית או מלא הקפה בודקין אותו אם אמר אחת גדולה נזרתי נזיר שלשים יום ואם אמר סתם נזרתי רואין את הקפה כאלו היא מלאה חרדל ונזיר כל ימיו
Failed to match last Talmud line to Mishnah: זיר וכל דקדוקי נזירות עליו
הריני נזיר מכאן עד מקום פלוני אומדין כמה ימים מכאן עד מקום פלוני אם פחות משלשים יום נזיר שלשים יום ואם לאו נזיר כמנין הימים
Failed to match last Talmud line to Mishnah: זיר וכל דקדוקי נזירות עליו
הריני נזיר כמנין ימות החמה מונה נזירות כמנין ימות החמה אמר רבי יהודה מעשה היה כיון שהשלים מת
saw unmatched Mishna in Talmud: Nazir, 1, 2, None, 3b, 25, 3b, 25
Failed to match last Talmud line to Mishnah: את עיניו הרי זה נזיר שמשון
הריני נזיר מן החרצנים ומן הזגים ומן התגלחת ומן הטמאה הרי זה נזיר וכל דקדוקי נזירות עליו הריני כשמשון כבן מנוח כבעל דלילה כמי שעקר דלתות עזה כמי שנקרו פלשתים את עיניו הרי זה נזיר שמשון מה בין נזיר עולם לנזיר שמשון נזיר עולם הכביד שערו מקל בתער ומביא שלש בהמות ואם נטמא מביא קרבן טמאה נזיר שמשון הכביד שערו אינו מקל ואם נטמא אינו מביא קרבן טמאה
Failed to match last Talmud line to Mishnah: את עיניו הרי זה נזיר שמשון
סתם נזירות שלשים יום אמר הריני נזיר אחת גדולה הריני נזיר אחת קטנה אפלו מכאן ועד סוף העולם נזיר שלשים יום הריני נזיר ויום אחד הריני נזיר ושעה אחת הריני נזיר אחת ומחצה הרי זה נזיר שתים הריני נזיר שלשים יום ושעה אחת נזיר שלשים ואחד יום שאין נוזרים לשעות
Failed to match last Talmud line to Mishnah: את עיניו הרי זה נזיר שמשון
הריני נזיר כשער ראשי וכעפר הארץ וכחול הים הרי זה נזיר עולם ומגלח אחת לשלשים יום רבי אומר אין זה מגלח אחת לשלשים יום ואיזהו שמגלח אחת לשלשים יום האומר הרי עלי נזירות כשער ראשי וכעפר הארץ וכחול הים
Failed to match last Talmud line to Mishnah: את עיניו הרי זה נזיר שמשון
הריני נזיר מלא הבית או מלא הקפה בודקין אותו אם אמר אחת גדולה נזרתי נזיר שלשים יום ואם אמר סתם נזרתי רואין את הקפה כאלו היא מלאה חרדל ונזיר כל ימיו
Failed to match last Talmud line to Mishnah: את עיניו הרי זה נזיר שמשון
הריני נזיר מכאן עד מקום פלוני אומדין כמה ימים מכאן עד מקום פלוני אם פחות משלשים יום נזיר שלשים יום ואם לאו נזיר כמנין הימים
Failed to match last Talmud line to Mishnah: את עיניו הרי זה נזיר שמשון
הריני נזיר כמנין ימות החמה מונה נזירות כמנין ימות החמה אמר רבי יהודה מעשה היה כיון שהשלים מת
saw unmatched Mishna in Talmud: Nazir, 1, 2, None, 4a, 23, 4a, 23
Failed to match last Talmud line to Mishnah: ם לאו הראשון נדבה וזו חובה
הריני נזיר לכשיהיה לי בן ונולד לו בן הרי זה נזיר נולד לו בת טמטום ואנדרוגינוס אינו נזיר אם אמר כשאראה כשיהיה לי ולד אפלו נולד לו בת טמטום ואנדרוגינוס הרי זה נזיר
Failed to match last Talmud line to Mishnah: זר אומר אינו סותר אלא שבעה
מי שאמר הריני נזיר מגלח יום שלשים ואחד ואם גלח ליום שלשים יצא הריני נזיר שלשים יום אם גלח ליום שלשים לא יצא
Failed to match last Talmud line to Mishnah: זר אומר אינו סותר אלא שבעה
מי שנזר שתי נזיריות מגלח את הראשונה יום שלשים ואחד ואת השניה יום ששים ואחד ואם גלח את הראשונה יום שלשים מגלח את השניה יום ששים ואם גלח יום ששים חסר אחד יצא וזו עדות העיד רבי פפיס על מי שנזר שתי נזיריות שאם גלח את הראשונה שלשים יום מגלח את השניה יום ששים ואם גלח ליום ששים חסר אחד יצא שיום שלשים עולה לו מן המנין
Failed to match last Talmud line to Mishnah: הקדש ובה"א אינו הקדש
בית שמאי אומרים הקדש טעות הקדש ובית הלל אומרים אינו הקדש כיצד אמר שור שחור שיצא מביתי ראשון הרי הוא הקדש ויצא לבן בית שמאי אומרים הקדש ובית הלל אומרים אינו הקדש
Failed to match last Talmud line to Mishnah: הקדש ובה"א אינו הקדש
דינר זהב שיעלה בידי ראשון הרי הוא הקדש ועלה של כסף בית שמאי אומרים הקדש ובית הלל אומרים אינו הקדש חבית של יין שתעלה בידי ראשונה הרי היא הקדש ועלתה של שמן בית שמאי אומרים הקדש ובית הלל אומרים אינו הקדש
Failed to match last Talmud line to Mishnah: הקדש ובה"א אינו הקדש
מי שנדר בנזיר ונשאל לחכם ואסרו מונה משעה שנדר נשאל לחכם והתירו היתה לו בהמה מפרשת תצא ותרעה בעדר אמרו בית הלל לבית שמאי אי אתם מודים בזה שהוא הקדש טעות שתצא ותרעה בעדר אמרו להן בית שמאי אי אתם מודים במי שטעה וקרא לתשיעי עשירי ולעשירי תשיעי ולאחד עשר עשירי שהוא מקדש אמרו להם בית הלל לא השבט קדשו ומה אלו טעה והניח את השבט על שמיני ועל שנים עשר שמא עשה כלום אלא כתוב שקדש את העשירי הוא קדש את התשיעי ואת אחד עשר
Failed to match last Talmud line to Mishnah: הקדש ובה"א אינו הקדש
מי שנדר בנזיר והלך להביא את בהמתו ומצאה שנגנבה אם עד שלא נגנבה בהמתו נזר הרי זה נזיר ואם משנגנבה בהמתו נזר אינו נזיר וזו טעות טעה נחום המדי כשעלו נזירים מן הגולה ומצאו בית המקדש חרב אמר להם נחום המדי אלו הייתם יודעים שבית המקדש חרב הייתם נוזרים אמרו לו לא והתירן נחום המדי וכשבא הדבר אצל חכמים אמרו לו כל שנזר עד שלא חרב בית המקדש נזיר ומשחרב בית המקדש אינו נזיר
Failed to match last Talmud line to Mishnah: הקדש ובה"א אינו הקדש
היו מהלכין בדרך ואחד בא כנגדן אמר אחד מהן הריני נזיר שזה פלוני ואחד אמר הריני נזיר שאין זה פלוני הריני נזיר שאחד מכם נזיר שאין אחד מכם נזיר ששניכם נזירים שכלכם נזירים בית שמאי אומרים כלם נזירין ובית הלל אומרים אינו נזיר אלא מי שלא נתקימו דבריו ורבי טרפון אומר אין אחד מהם נזיר
Failed to match last Talmud line to Mishnah: הקדש ובה"א אינו הקדש
הרתיע לאחוריו אינו נזיר רבי שמעון אומר יאמר אם היה כדברי הריני נזיר חובה ואם לאו הריני נזיר נדבה
Failed to match last Talmud line to Mishnah: הקדש ובה"א אינו הקדש
ראה את הכוי ואמר הריני נזיר שזה חיה הריני נזיר שזה אינו חיה הריני נזיר שזה בהמה הריני נזיר שאין זה בהמה הריני נזיר שזה חיה ובהמה הריני נזיר שאין זה לא חיה ולא בהמה הריני נזיר שאחד מכם נזיר הריני נזיר שאין אחד מכם נזיר הריני נזיר שכלכם נזירים הרי כלם נזירים
saw unmatched Mishna in Talmud: Nazir, 5, 1, None, 30b, 26, 31a, 12
Failed to match last Talmud line to Mishnah:  אומר לא נטמאת לא היתה שות
מי שקנא לאשתו ונסתרה אפלו שמע מעוף הפור