/usr/local/Cellar/python/2.7.8_1/Frameworks/Python.framework/Versions/2.7/bin/python2.7 /Users/levisrael/sefaria/Sefaria-Data/misc/connect-mishnah.py

Match! Berakhot, 1, 1, 1, 2a, 1, 2a, 13


Match! Berakhot, 1, 2, 2, 9b, 39, 9b, 45


Match! Berakhot, 1, 3, 3, 10b, 105, 10b, 117


Match! Berakhot, 1, 4, 4, 11a, 57, 11a, 58


Match! Berakhot, 1, 5, 5, 12b, 60, 12b, 67


Match! Berakhot, 2, 1, 2, 13a, 27, 13a, 37


Match! Berakhot, 2, 3, 3, 15a, 20, 15a, 28

Error: Mishna did not reach the end of chapter!


Match! Berakhot, 3, 1, 3, 17b, 33, 17b, 38


Match! Berakhot, 3, 4, 4, 20b, 51, 20b, 54


Match! Berakhot, 3, 5, 5, 22b, 57, 22b, 60

Error: Mishna did not reach the end of chapter!


Match! Berakhot, 4, 1, 1, 26a, 37, 26a, 43


Match! Berakhot, 4, 2, 2, 28b, 26, 28b, 30


Match! Berakhot, 4, 3, 5, 28b, 64, 28b, 77

Error: Mishna did not reach the end of chapter!


Match! Berakhot, 5, 1, 2, 30b, 41, 33a, 39

Error: Mishna did not reach the end of chapter!


Match! Berakhot, 6, 1, 1, 35a, 1, 35a, 11


Match! Berakhot, 6, 2, 2, 40a, 68, 40a, 69

Error: Mishna did not reach the end of chapter!


Match! Berakhot, 7, 1, 2, 45a, 9, 45a, 16


Match! Berakhot, 7, 3, 3, 49b, 48, 49b, 66


Match! Berakhot, 7, 4, 5, 50a, 74, 50a, 81


Match! Berakhot, 8, 1, 8, 51b, 34, 51b, 63


Match! Berakhot, 9, 1, 5, 54a, 1, 54a, 50

Failed to get objects for Mishnah Peah: Failed to get index Peah: No book named 'Peah'.
Failed to get objects for Mishnah Demai: Failed to get index Demai: No book named 'Demai'.
Failed to get objects for Mishnah Kilayim: Failed to get index Kilayim: No book named 'Kilayim'.
Failed to get objects for Mishnah Sheviit: Failed to get index Sheviit: No book named 'Sheviit'.
Failed to get objects for Mishnah Terumot: Failed to get index Terumot: No book named 'Terumot'.
Failed to get objects for Mishnah Maasrot: Failed to get index Maasrot: No book named 'Maasrot'.
Failed to get objects for Mishnah Maaser Sheni: Failed to get index Maaser_Sheni: No book named 'Maaser Sheni'.
Failed to get objects for Mishnah Challah: Failed to get index Challah: No book named 'Challah'.
Failed to get objects for Mishnah Orlah: Failed to get index Orlah: No book named 'Orlah'.
Failed to get objects for Mishnah Bikkurim: Failed to get index Bikkurim: No book named 'Bikkurim'.

Match! Shabbat, 1, 1, 1, 2a, 1, 2a, 5


Match! Shabbat, 1, 2, 2, 9b, 1, 9b, 3


Match! Shabbat, 1, 3, 3, 11a, 52, 11a, 57


Match! Shabbat, 1, 4, 4, 13b, 17, 13b, 18


Match! Shabbat, 1, 5, 9, 17b, 28, 18a, 4


Match! Shabbat, 1, 10, 11, 19b, 29, 20a, 3


Match! Shabbat, 2, 1, 1, 20b, 19, 20b, 24


Match! Shabbat, 2, 2, 2, 24b, 13, 24b, 19


Match! Shabbat, 2, 3, 3, 27b, 30, 27b, 31


Match! Shabbat, 2, 3, 3, 28b, 29, 28b, 31


Match! Shabbat, 2, 4, 4, 29b, 12, 29b, 14


Match! Shabbat, 2, 5, 5, 29b, 46, 29b, 48


Match! Shabbat, 2, 6, 6, 31b, 48, 31b, 49


Match! Shabbat, 2, 7, 7, 34a, 17, 34a, 21


Match! Shabbat, 3, 1, 1, 36b, 3, 36b, 6


Match! Shabbat, 3, 2, 2, 38b, 28, 38b, 29


Match! Shabbat, 3, 3, 4, 38b, 60, 38b, 64


Match! Shabbat, 3, 4, 4, 41a, 42, 41a, 43


Match! Shabbat, 3, 5, 5, 42a, 38, 42b, 3


Match! Shabbat, 3, 6, 6, 42b, 21, 42b, 22


Match! Shabbat, 3, 6, 6, 44a, 7, 44a, 9


Match! Shabbat, 3, 6, 6, 47b, 11, 47b, 12


Match! Shabbat, 4, 1, 1, 47b, 26, 47b, 28


Match! Shabbat, 4, 1, 1, 49a, 14, 49a, 15

Error: Failed to Match: Shabbat, 4, 2, None, 49a, 45, 49a, 51


Match! Shabbat, 4, 2, 2, 51a, 3, 51a, 4


Match! Shabbat, 5, 1, 1, 51b, 10, 51b, 12


Match! Shabbat, 5, 2, 2, 52b, 57, 52b, 63


Match! Shabbat, 5, 3, 3, 54a, 44, 54a, 46


Match! Shabbat, 5, 4, 4, 54b, 4, 54b, 9


Match! Shabbat, 6, 1, 1, 57a, 1, 57a, 5


Match! Shabbat, 6, 2, 2, 60a, 22, 60a, 24


Match! Shabbat, 6, 3, 3, 62a, 19, 62a, 21


Match! Shabbat, 6, 4, 4, 63a, 7, 63a, 13


Match! Shabbat, 6, 5, 5, 64b, 5, 64b, 10


Match! Shabbat, 6, 6, 7, 65a, 38, 65a, 41


Match! Shabbat, 6, 8, 8, 65b, 23, 66a, 5


Match! Shabbat, 6, 9, 9, 66b, 17, 66b, 17

Error: Mishna did not reach the end of chapter!


Match! Shabbat, 7, 1, 1, 67b, 30, 68a, 2


Match! Shabbat, 7, 2, 2, 73a, 41, 73a, 47


Match! Shabbat, 7, 3, 3, 75b, 41, 75b, 43


Match! Shabbat, 7, 4, 4, 76a, 5, 76a, 7


Match! Shabbat, 7, 4, 4, 76b, 2, 76b, 5


Match! Shabbat, 8, 1, 7, 82a, 50, 82a, 57


Match! Shabbat, 9, 1, 2, 82a, 70, 83b, 35


Match! Shabbat, 9, 2, 2, 84b, 15, 84b, 16


Match! Shabbat, 9, 3, 4, 86a, 4, 86a, 11


Match! Shabbat, 9, 5, 5, 89b, 56, 89b, 60


Match! Shabbat, 9, 6, 6, 90a, 37, 90a, 43


Match! Shabbat, 9, 7, 7, 90a, 81, 90b, 4


Match! Shabbat, 10, 1, 1, 90b, 36, 90b, 37


Match! Shabbat, 10, 2, 2, 91b, 12, 91b, 13


Match! Shabbat, 10, 3, 3, 92a, 26, 92a, 27


Match! Shabbat, 10, 4, 4, 92b, 3, 92b, 8


Match! Shabbat, 10, 5, 5, 92b, 54, 92b, 56


Match! Shabbat, 10, 5, 5, 93b, 62, 93b, 66


Match! Shabbat, 10, 6, 6, 95a, 43, 95a, 44


Match! Shabbat, 11, 1, 2, 96a, 20, 96a, 25

Error: Mishna did not reach the end of chapter!


Match! Shabbat, 12, 1, 1, 102b, 1, 102b, 7


Match! Shabbat, 12, 2, 2, 103a, 17, 103a, 19


Match! Shabbat, 12, 3, 3, 103a, 34, 103a, 39


Match! Shabbat, 12, 4, 5, 104b, 1, 104b, 8

Error: Mishna did not reach the end of chapter!


Match! Shabbat, 13, 1, 2, 105a, 30, 105a, 34


Match! Shabbat, 13, 3, 4, 105b, 2, 105b, 5


Match! Shabbat, 13, 5, 5, 106a, 21, 106b, 5


Match! Shabbat, 13, 6, 6, 106b, 62, 106b, 63


Match! Shabbat, 13, 7, 7, 106b, 66, 106b, 68


Match! Shabbat, 14, 1, 1, 107a, 29, 107a, 31


Match! Shabbat, 14, 2, 2, 108a, 86, 108b, 4


Match! Shabbat, 14, 3, 3, 109b, 12, 109b, 15


Match! Shabbat, 14, 4, 4, 111a, 16, 111a, 20

Error: Found too many mishnayot in Shabbat 14!


Match! Shabbat, 15, 1, 1, 111b, 25, 111b, 29


Match! Shabbat, 15, 2, 2, 111b, 42, 111b, 45


Match! Shabbat, 15, 2, 2, 113a, 10, 113a, 12


Match! Shabbat, 15, 3, 3, 113a, 53, 113a, 58


Match! Shabbat, 16, 1, 1, 115a, 8, 115a, 10


Match! Shabbat, 16, 1, 1, 116b, 42, 116b, 46


Match! Shabbat, 16, 2, 2, 117b, 4, 117b, 8


Match! Shabbat, 16, 3, 3, 120a, 13, 120a, 24

Error: Mishna did not reach the end of chapter!

Error: Mishna did not reach the end of chapter!


Match! Shabbat, 18, 1, 2, 126b, 31, 126b, 35


Match! Shabbat, 18, 2, 2, 128b, 4, 128b, 9


Match! Shabbat, 18, 3, 3, 128b, 40, 128b, 45


Match! Shabbat, 19, 1, 1, 130a, 1, 130a, 7


Match! Shabbat, 19, 2, 2, 133a, 66, 133a, 70


Match! Shabbat, 19, 3, 3, 134b, 1, 134b, 7


Match! Shabbat, 19, 4, 4, 137a, 6, 137a, 8


Match! Shabbat, 19, 5, 5, 137a, 40, 137a, 43


Match! Shabbat, 19, 6, 6, 137a, 53, 137b, 1


Match! Shabbat, 20, 1, 1, 137b, 33, 137b, 36


Match! Shabbat, 20, 2, 2, 139b, 29, 139b, 35


Match! Shabbat, 20, 3, 3, 140a, 41, 140a, 43


Match! Shabbat, 20, 4, 4, 140b, 52, 140b, 54


Match! Shabbat, 20, 5, 5, 141a, 3, 141a, 8


Match! Shabbat, 21, 1, 1, 141b, 47, 141b, 50


Match! Shabbat, 21, 2, 2, 142a, 33, 142b, 9


Match! Shabbat, 21, 3, 3, 143a, 6, 143a, 12


Match! Shabbat, 22, 1, 1, 143b, 1, 143b, 6


Match! Shabbat, 22, 2, 2, 145b, 23, 145b, 25


Match! Shabbat, 22, 3, 3, 146a, 11, 146a, 16


Match! Shabbat, 22, 4, 4, 146b, 63, 146b, 65


Match! Shabbat, 22, 5, 6, 147a, 64, 147a, 68


Match! Shabbat, 23, 1, 1, 148a, 31, 148a, 34


Match! Shabbat, 23, 2, 2, 148b, 73, 148b, 75


Match! Shabbat, 23, 3, 3, 150a, 8, 150a, 11


Match! Shabbat, 23, 4, 4, 151a, 24, 151a, 27


Match! Shabbat, 23, 5, 5, 151a, 51, 151b, 3


Match! Shabbat, 23, 5, 5, 151b, 23, 151b, 24


Match! Shabbat, 24, 1, 1, 153a, 48, 153a, 49


Match! Shabbat, 24, 2, 2, 155a, 11, 155a, 13


Match! Shabbat, 24, 3, 3, 155b, 15, 155b, 17


Match! Shabbat, 24, 4, 4, 156b, 44, 156b, 45

Error: Failed to Match: Shabbat, 24, 5, None, 157a, 19, 157a, 22

Error: Mishna did not reach the end of chapter!


Match! Eruvin, 1, 1, 1, 2a, 1, 2a, 4


Match! Eruvin, 1, 2, 2, 11b, 64, 11b, 73


Match! Eruvin, 1, 3, 3, 13b, 52, 13b, 60

Error: Mishna did not reach the end of chapter!

Error: Failed to Match: Eruvin, 2, 1, None, 18a, 7, 19a, 58


Match! Eruvin, 2, 1, 1, 22b, 47, 22b, 49

Error: Mishna did not reach the end of chapter!


Match! Eruvin, 3, 1, 1, 26b, 37, 27a, 1


Match! Eruvin, 3, 2, 2, 31a, 30, 31a, 31


Match! Eruvin, 3, 2, 2, 31b, 38, 31b, 39


Match! Eruvin, 3, 3, 3, 32b, 12, 32b, 13

Error: Mishna did not reach the end of chapter!


Match! Eruvin, 4, 1, 2, 41b, 11, 41b, 21


Match! Eruvin, 4, 3, 3, 44b, 15, 44b, 17


Match! Eruvin, 4, 4, 4, 45a, 57, 45a, 61


Match! Eruvin, 4, 5, 6, 45a, 70, 45b, 5


Match! Eruvin, 4, 7, 9, 49b, 13, 49b, 24


Match! Eruvin, 4, 10, 10, 51b, 28, 52a, 16


Match! Eruvin, 4, 11, 11, 52b, 13, 52b, 15


Match! Eruvin, 4, 11, 11, 52b, 42, 52b, 44


Match! Eruvin, 5, 1, 1, 52b, 48, 53a, 1


Match! Eruvin, 5, 2, 2, 57a, 27, 57a, 31

Error: Mishna did not reach the end of chapter!


Match! Eruvin, 6, 1, 2, 61b, 37, 61b, 44

Error: Mishna did not reach the end of chapter!


Match! Eruvin, 7, 1, 1, 76a, 18, 76a, 20


Match! Eruvin, 7, 2, 2, 76b, 26, 76b, 29


Match! Eruvin, 7, 3, 3, 78b, 30, 78b, 33

Error: Mishna did not reach the end of chapter!


Match! Eruvin, 8, 1, 1, 82a, 24, 82a, 27


Match! Eruvin, 8, 2, 2, 82b, 35, 82b, 42


Match! Eruvin, 8, 3, 3, 83b, 8, 83b, 11


Match! Eruvin, 8, 4, 4, 85b, 30, 85b, 33


Match! Eruvin, 8, 5, 5, 86a, 16, 86a, 22


Match! Eruvin, 8, 6, 6, 86a, 28, 86a, 34


Match! Eruvin, 8, 7, 7, 87a, 14, 87a, 20


Match! Eruvin, 8, 8, 8, 87b, 27, 87b, 28


Match! Eruvin, 8, 9, 11, 88a, 43, 88a, 50

Error: Found too many mishnayot in Eruvin 8!

Error: Found too many mishnayot in Eruvin 8!


Match! Eruvin, 9, 1, 2, 94a, 17, 94a, 19


Match! Eruvin, 9, 3, 3, 94a, 46, 94a, 48


Match! Eruvin, 9, 4, 4, 95a, 48, 95a, 51

Error: Found too many mishnayot in Eruvin 9!


Match! Eruvin, 10, 1, 2, 95a, 67, 95b, 8


Match! Eruvin, 10, 3, 3, 97b, 52, 97b, 57

Error: Mishna did not reach the end of chapter!


Match! Pesachim, 1, 1, 1, 2a, 1, 2a, 2

Error: Mishna did not reach the end of chapter!


Match! Pesachim, 2, 1, 1, 21a, 15, 21a, 17

Error: Mishna did not reach the end of chapter!


Match! Pesachim, 3, 1, 1, 42a, 43, 42a, 49


Match! Pesachim, 3, 2, 2, 45a, 24, 45a, 25


Match! Pesachim, 3, 2, 2, 46a, 22, 46a, 22


Match! Pesachim, 3, 3, 3, 46a, 41, 46b, 2


Match! Pesachim, 3, 4, 4, 48b, 28, 48b, 35


Match! Pesachim, 3, 5, 5, 48b, 49, 48b, 54


Match! Pesachim, 3, 6, 6, 49a, 1, 49a, 5


Match! Pesachim, 3, 7, 8, 49a, 10, 49a, 20


Match! Pesachim, 4, 1, 2, 50a, 64, 50b, 4


Match! Pesachim, 4, 3, 3, 53a, 39, 53a, 43

Error: Mishna did not reach the end of chapter!


Match! Pesachim, 5, 1, 1, 58a, 1, 58a, 3


Match! Pesachim, 5, 2, 2, 59b, 33, 59b, 36


Match! Pesachim, 5, 3, 3, 61a, 10, 61a, 14


Match! Pesachim, 5, 4, 4, 63a, 30, 63a, 37


Match! Pesachim, 5, 5, 10, 64a, 27, 64b, 4


Match! Pesachim, 6, 1, 2, 65b, 36, 66a, 10

Error: Mishna did not reach the end of chapter!


Match! Pesachim, 7, 1, 2, 74a, 1, 74a, 7


Match! Pesachim, 7, 2, 3, 75b, 47, 75b, 51


Match! Pesachim, 7, 4, 4, 76b, 43, 76b, 45


Match! Pesachim, 7, 5, 5, 78b, 8, 78b, 10


Match! Pesachim, 7, 6, 6, 79a, 33, 79a, 34


Match! Pesachim, 7, 7, 7, 80b, 11, 80b, 15


Match! Pesachim, 7, 8, 8, 81b, 41, 81b, 43


Match! Pesachim, 7, 9, 9, 82a, 34, 82a, 37


Match! Pesachim, 7, 10, 10, 83a, 11, 83a, 12


Match! Pesachim, 7, 11, 11, 84a, 46, 84a, 47


Match! Pesachim, 7, 12, 12, 85b, 11, 85b, 14


Match! Pesachim, 7, 13, 13, 86a, 51, 86a, 53


Match! Pesachim, 8, 1, 1, 87a, 1, 87a, 5


Match! Pesachim, 8, 2, 2, 88b, 7, 88b, 13


Match! Pesachim, 8, 3, 3, 89a, 31, 89a, 33


Match! Pesachim, 8, 3, 3, 89a, 47, 89a, 49

Error: Mishna did not reach the end of chapter!


Match! Pesachim, 9, 1, 1, 92b, 8, 92b, 10


Match! Pesachim, 9, 2, 2, 93b, 15, 93b, 20


Match! Pesachim, 9, 3, 3, 95a, 1, 95a, 4

Error: Mishna did not reach the end of chapter!


Match! Pesachim, 10, 1, 1, 99b, 1, 99b, 3


Match! Pesachim, 10, 2, 2, 105b, 14, 114a, 11


Match! Pesachim, 10, 3, 3, 114a, 29, 114a, 33


Match! Pesachim, 10, 4, 4, 116a, 25, 116a, 32


Match! Pesachim, 10, 5, 6, 116a, 59, 116b, 16


Match! Pesachim, 10, 7, 7, 117b, 55, 117b, 58


Match! Pesachim, 10, 8, 9, 120a, 39, 120b, 4


Match! Pesachim, 10, 9, 9, 121a, 5, 121a, 7

Error: Mishna did not reach the end of chapter!

Failed to get objects for Mishnah Shekalim: Failed to get index Shekalim: No book named 'Shekalim'.
Error: Mishna did not reach the end of chapter!


Match! Yoma, 2, 1, 2, 22a, 1, 22a, 10


Match! Yoma, 2, 3, 3, 25a, 34, 25a, 39


Match! Yoma, 2, 4, 4, 26a, 3, 26a, 7


Match! Yoma, 2, 5, 5, 26b, 2, 26b, 9


Match! Yoma, 2, 6, 7, 26b, 32, 26b, 44


Match! Yoma, 3, 1, 2, 28a, 32, 28a, 45


Match! Yoma, 3, 3, 4, 30a, 22, 30a, 25

Error: Mishna did not reach the end of chapter!


Match! Yoma, 4, 1, 1, 39a, 12, 39a, 22

Error: Mishna did not reach the end of chapter!


Match! Yoma, 5, 1, 1, 47a, 1, 47a, 3


Match! Yoma, 5, 1, 1, 51b, 8, 51b, 11


Match! Yoma, 5, 1, 1, 52b, 10, 52b, 15


Match! Yoma, 5, 2, 4, 53b, 50, 53b, 64

Error: Mishna did not reach the end of chapter!


Match! Yoma, 6, 1, 1, 62a, 23, 62a, 32


Match! Yoma, 6, 2, 4, 66a, 27, 66a, 41


Match! Yoma, 6, 4, 6, 66b, 61, 67a, 11


Match! Yoma, 6, 7, 7, 67b, 32, 67b, 36


Match! Yoma, 6, 8, 8, 68b, 18, 68b, 27


Match! Yoma, 7, 1, 2, 68b, 33, 68b, 40


Match! Yoma, 7, 3, 4, 70a, 31, 70a, 37


Match! Yoma, 7, 5, 5, 71b, 11, 71b, 15


Match! Yoma, 8, 1, 2, 73b, 28, 73b, 32


Match! Yoma, 8, 3, 3, 81a, 20, 81a, 23


Match! Yoma, 8, 4, 4, 82a, 1, 82a, 2


Match! Yoma, 8, 5, 5, 82a, 31, 82a, 33


Match! Yoma, 8, 6, 7, 83a, 37, 83a, 43


Match! Yoma, 8, 8, 9, 85b, 30, 85b, 39

Error: Found too many mishnayot in Yoma 8!


Match! Sukkah, 1, 1, 1, 2a, 1, 2a, 2


Match! Sukkah, 1, 1, 1, 9a, 1, 9a, 4


Match! Sukkah, 1, 2, 2, 9b, 1, 9b, 4

Error: Mishna did not reach the end of chapter!


Match! Sukkah, 2, 1, 1, 20b, 30, 20b, 36


Match! Sukkah, 2, 2, 2, 21b, 30, 21b, 32


Match! Sukkah, 2, 2, 2, 22a, 1, 22a, 2


Match! Sukkah, 2, 3, 3, 22b, 25, 23a, 2


Match! Sukkah, 2, 4, 4, 25a, 5, 25a, 6


Match! Sukkah, 2, 5, 5, 26b, 22, 26b, 24


Match! Sukkah, 2, 6, 6, 27a, 6, 27a, 12


Match! Sukkah, 2, 7, 8, 28a, 23, 28a, 32


Match! Sukkah, 2, 9, 9, 28b, 33, 28b, 36


Match! Sukkah, 3, 1, 1, 29b, 6, 29b, 12


Match! Sukkah, 3, 2, 2, 32b, 43, 32b, 47


Match! Sukkah, 3, 3, 3, 33b, 40, 33b, 43


Match! Sukkah, 3, 4, 4, 34b, 2, 34b, 6


Match! Sukkah, 3, 5, 7, 34b, 31, 34b, 44


Match! Sukkah, 3, 8, 8, 36a, 31, 36b, 44


Match! Sukkah, 3, 9, 9, 37b, 32, 37b, 38


Match! Sukkah, 3, 9, 9, 38a, 8, 38a, 9


Match! Sukkah, 3, 10, 11, 38a, 36, 38a, 38

Error: Mishna did not reach the end of chapter!


Match! Sukkah, 4, 1, 4, 42b, 13, 42b, 25


Match! Sukkah, 4, 5, 7, 45a, 6, 45a, 21


Match! Sukkah, 4, 8, 8, 48a, 3, 48a, 4


Match! Sukkah, 4, 8, 8, 48a, 12, 48a, 13


Match! Sukkah, 4, 9, 10, 48a, 28, 48b, 10

Error: Found too many mishnayot in Sukkah 4!

Error: Found too many mishnayot in Sukkah 4!

Error: Mishna did not reach the end of chapter!


Match! Beitzah, 1, 1, 2, 2a, 1, 2a, 10


Match! Beitzah, 1, 3, 3, 9a, 9, 9a, 11


Match! Beitzah, 1, 3, 3, 10a, 40, 10a, 43


Match! Beitzah, 1, 4, 4, 10b, 3, 10b, 7


Match! Beitzah, 1, 5, 5, 11a, 24, 11a, 29


Match! Beitzah, 1, 5, 5, 11b, 7, 11b, 9


Match! Beitzah, 1, 5, 5, 12a, 4, 12a, 7


Match! Beitzah, 1, 6, 7, 14a, 6, 14a, 10


Match! Beitzah, 1, 8, 8, 14b, 11, 14b, 16


Match! Beitzah, 1, 9, 9, 14b, 28, 14b, 33


Match! Beitzah, 1, 10, 10, 14b, 45, 14b, 50


Match! Beitzah, 2, 1, 1, 15b, 1, 15b, 5


Match! Beitzah, 2, 2, 3, 17b, 40, 17b, 44


Match! Beitzah, 2, 4, 4, 19a, 26, 19a, 29


Match! Beitzah, 2, 5, 5, 21b, 35, 21b, 37


Match! Beitzah, 2, 6, 6, 21b, 44, 21b, 49


Match! Beitzah, 2, 7, 7, 22b, 34, 22b, 36


Match! Beitzah, 2, 8, 8, 23a, 32, 23a, 37


Match! Beitzah, 2, 9, 9, 23b, 1, 23b, 2


Match! Beitzah, 2, 10, 10, 23b, 5, 23b, 7


Match! Beitzah, 3, 1, 3, 25a, 34, 25a, 38


Match! Beitzah, 3, 4, 4, 25b, 55, 26a, 3


Match! Beitzah, 3, 5, 5, 27b, 16, 27b, 19


Match! Beitzah, 3, 6, 6, 28a, 1, 28a, 3


Match! Beitzah, 3, 7, 7, 28b, 55, 28b, 58


Match! Beitzah, 3, 8, 8, 29a, 6, 29a, 14


Match! Beitzah, 3, 8, 8, 29b, 20, 29b, 21


Match! Beitzah, 4, 1, 1, 29b, 35, 30a, 1


Match! Beitzah, 4, 2, 2, 31a, 1, 31a, 4


Match! Beitzah, 4, 3, 3, 31a, 32, 31a, 33


Match! Beitzah, 4, 3, 3, 31b, 24, 31b, 26


Match! Beitzah, 4, 4, 4, 32a, 20, 32a, 23


Match! Beitzah, 4, 5, 5, 32b, 30, 32b, 31


Match! Beitzah, 4, 6, 7, 33a, 29, 33a, 34


Match! Beitzah, 4, 7, 7, 34a, 37, 34b, 5

Error: Found too many mishnayot in Beitzah 4!


Match! Beitzah, 5, 1, 1, 35b, 19, 35b, 21


Match! Beitzah, 5, 2, 2, 36b, 27, 36b, 35


Match! Beitzah, 5, 3, 4, 37a, 44, 37a, 49


Match! Beitzah, 5, 5, 5, 39a, 14, 39a, 16

Error: Mishna did not reach the end of chapter!


Match! Rosh_Hashanah, 1, 1, 1, 2a, 1, 2a, 7


Match! Rosh_Hashanah, 1, 2, 2, 16a, 1, 16a, 2


Match! Rosh_Hashanah, 1, 3, 3, 18a, 62, 18a, 64


Match! Rosh_Hashanah, 1, 4, 4, 21b, 1, 21b, 3


Match! Rosh_Hashanah, 1, 5, 6, 21b, 20, 21b, 23


Match! Rosh_Hashanah, 1, 7, 7, 22a, 5, 22a, 11


Match! Rosh_Hashanah, 1, 8, 8, 22a, 31, 22a, 34

Error: Failed to Match: Rosh_Hashanah, 1, 9, None, 22a, 38, 22a, 43

Error: Mishna did not reach the end of chapter!

Error: Mishna did not reach the end of chapter!

Error: Mishna did not reach the end of chapter!

Failed to get objects for Mishnah Rosh Hashanah: list index out of range

Match! Taanit, 1, 1, 2, 2a, 1, 2a, 15


Match! Taanit, 1, 2, 2, 5a, 10, 5a, 13


Match! Taanit, 1, 3, 3, 10a, 39, 10a, 41

Error: Mishna did not reach the end of chapter!


Match! Taanit, 2, 1, 10, 15a, 10, 15b, 31

Error: Found too many mishnayot in Taanit 2!


Match! Taanit, 3, 1, 9, 18b, 50, 19a, 48

Error: Mishna did not reach the end of chapter!


Match! Megillah, 1, 1, 2, 2a, 1, 2a, 9


Match! Megillah, 1, 3, 3, 5a, 16, 5a, 23


Match! Megillah, 1, 4, 4, 6b, 35, 6b, 36


Match! Megillah, 1, 5, 5, 7b, 44, 7b, 53


Match! Megillah, 1, 6, 6, 8a, 1, 8a, 1

Error: Mishna did not reach the end of chapter!


Match! Megillah, 2, 1, 2, 17a, 30, 17a, 35


Match! Megillah, 2, 3, 3, 19a, 7, 19a, 13


Match! Megillah, 2, 4, 4, 20a, 25, 20a, 26

Error: Mishna did not reach the end of chapter!

Error: Failed to Match: Megillah, 3, 1, None, 24b, 24, 24b, 26

Error: Mishna did not reach the end of chapter!

Error: Mishna did not reach the end of chapter!


Match! Moed_Katan, 1, 1, 2, 2a, 1, 2a, 7

Error: Failed to Match: Moed_Katan, 1, 3, None, 2b, 3, 5a, 42


Match! Moed_Katan, 1, 3, 3, 6b, 10, 6b, 13


Match! Moed_Katan, 1, 4, 5, 7a, 30, 7a, 38


Match! Moed_Katan, 1, 5, 5, 8a, 31, 8a, 35


Match! Moed_Katan, 1, 6, 6, 8b, 4, 8b, 6


Match! Moed_Katan, 1, 7, 8, 8b, 32, 8b, 37


Match! Moed_Katan, 1, 9, 9, 10a, 47, 10a, 49


Match! Moed_Katan, 1, 10, 10, 11a, 10, 11a, 13

Error: Found too many mishnayot in Moed_Katan 1!

Error: Found too many mishnayot in Moed_Katan 1!

Error: Found too many mishnayot in Moed_Katan 1!

Error: Found too many mishnayot in Moed_Katan 1!

Error: Found too many mishnayot in Moed_Katan 1!

Error: Found too many mishnayot in Moed_Katan 1!

Error: Found too many mishnayot in Moed_Katan 1!

Error: Found too many mishnayot in Moed_Katan 1!

Error: Found too many mishnayot in Moed_Katan 1!

Error: Found too many mishnayot in Moed_Katan 1!

Error: Found too many mishnayot in Moed_Katan 1!

Error: Found too many mishnayot in Moed_Katan 1!

Error: Found too many mishnayot in Moed_Katan 1!

Error: Found too many mishnayot in Moed_Katan 1!

Error: Found too many mishnayot in Moed_Katan 1!

Error: Found too many mishnayot in Moed_Katan 1!

Failed to get objects for Mishnah Moed Katan: list index out of range

Match! Chagigah, 1, 1, 2, 2a, 1, 2a, 8


Match! Chagigah, 1, 3, 4, 7b, 6, 7b, 10


Match! Chagigah, 1, 5, 5, 8b, 8, 8b, 11


Match! Chagigah, 1, 6, 7, 9a, 5, 9a, 12


Match! Chagigah, 1, 8, 8, 10a, 10, 10a, 12

Error: Found too many mishnayot in Chagigah 1!

Error: Found too many mishnayot in Chagigah 1!

Error: Found too many mishnayot in Chagigah 1!

Error: Found too many mishnayot in Chagigah 1!

Error: Found too many mishnayot in Chagigah 1!

Error: Found too many mishnayot in Chagigah 1!

Error: Found too many mishnayot in Chagigah 1!

Error: Found too many mishnayot in Chagigah 1!

Error: Found too many mishnayot in Chagigah 1!

Error: Found too many mishnayot in Chagigah 1!

Error: Found too many mishnayot in Chagigah 1!

Error: Found too many mishnayot in Chagigah 1!

Error: Found too many mishnayot in Chagigah 1!

Failed to get objects for Mishnah Chagigah: list index out of range

Match! Yevamot, 1, 1, 2, 2a, 1, 2b, 10


Match! Yevamot, 1, 3, 4, 13a, 34, 13b, 4


Match! Yevamot, 2, 1, 1, 17a, 43, 17a, 47


Match! Yevamot, 2, 2, 4, 20a, 14, 20a, 21


Match! Yevamot, 2, 5, 5, 22a, 36, 22a, 37

Error: Mishna did not reach the end of chapter!


Match! Yevamot, 3, 1, 1, 26a, 26, 26a, 35

Error: Mishna did not reach the end of chapter!

Error: Mishna did not reach the end of chapter!

Error: Mishna did not reach the end of chapter!

Error: Mishna did not reach the end of chapter!

Error: Mishna did not reach the end of chapter!

Error: Failed to Match: Yevamot, 8, 1, None, 86b, 35, 87a, 9

Error: Mishna did not reach the end of chapter!

Error: Mishna did not reach the end of chapter!

Error: Failed to Match: Yevamot, 10, 1, None, 98b, 30, 98b, 32

Error: Mishna did not reach the end of chapter!

Error: Mishna did not reach the end of chapter!

Error: Mishna did not reach the end of chapter!

Error: Mishna did not reach the end of chapter!

Error: Mishna did not reach the end of chapter!

Error: Failed to Match: Yevamot, 15, 1, None, 119b, 24, 119b, 31

Error: Failed to Match: Yevamot, 15, 1, None, 121b, 44, 121b, 48

Error: Mishna did not reach the end of chapter!

Failed to get objects for Mishnah Yevamot: list index out of range

Match! Ketubot, 1, 1, 1, 2a, 1, 2a, 3


Match! Ketubot, 1, 2, 2, 10b, 42, 10b, 43

Error: Mishna did not reach the end of chapter!


Match! Ketubot, 2, 1, 2, 15b, 35, 16a, 3


Match! Ketubot, 2, 3, 3, 18b, 9, 18b, 11


Match! Ketubot, 2, 4, 4, 20b, 40, 20b, 48


Match! Ketubot, 2, 5, 5, 22a, 19, 22a, 27


Match! Ketubot, 2, 6, 6, 23b, 1, 23b, 4


Match! Ketubot, 2, 7, 8, 23b, 41, 23b, 48


Match! Ketubot, 2, 9, 9, 27a, 26, 27a, 28

Error: Failed to Match: Ketubot, 2, 10, None, 27b, 68, 27b, 72


Match! Ketubot, 2, 10, 10, 28a, 47, 28a, 53


Match! Ketubot, 3, 1, 1, 29a, 1, 29a, 4


Match! Ketubot, 3, 2, 2, 36b, 25, 36b, 28


Match! Ketubot, 3, 3, 3, 38a, 21, 38a, 23


Match! Ketubot, 3, 4, 5, 39a, 31, 39a, 38

Error: Mishna did not reach the end of chapter!


Match! Ketubot, 4, 1, 1, 41b, 38, 42a, 1


Match! Ketubot, 4, 2, 2, 43b, 13, 43b, 18


Match! Ketubot, 4, 3, 3, 44a, 30, 44a, 34


Match! Ketubot, 4, 4, 4, 46b, 4, 46b, 8


Match! Ketubot, 4, 5, 5, 48a, 45, 48b, 4


Match! Ketubot, 4, 6, 6, 49a, 19, 49a, 22


Match! Ketubot, 4, 7, 9, 51a, 21, 51a, 29

Error: Mishna did not reach the end of chapter!


Match! Ketubot, 5, 1, 1, 54b, 22, 54b, 29


Match! Ketubot, 5, 2, 3, 57a, 33, 57b, 1


Match! Ketubot, 5, 4, 4, 58b, 7, 58b, 10


Match! Ketubot, 5, 5, 5, 59b, 16, 59b, 25


Match! Ketubot, 5, 6, 6, 61b, 55, 61b, 60


Match! Ketubot, 5, 7, 7, 63a, 40, 63a, 46


Match! Ketubot, 5, 8, 9, 64b, 9, 64b, 22


Match! Ketubot, 6, 1, 1, 65b, 57, 65b, 62


Match! Ketubot, 6, 2, 3, 66a, 33, 66b, 1


Match! Ketubot, 6, 4, 4, 66b, 10, 66b, 13


Match! Ketubot, 6, 5, 5, 67a, 52, 67a, 54


Match! Ketubot, 6, 6, 6, 68a, 27, 68a, 31


Match! Ketubot, 6, 7, 7, 69b, 16, 69b, 20


Match! Ketubot, 7, 1, 3, 70a, 19, 70a, 29


Match! Ketubot, 7, 4, 4, 71b, 33, 71b, 38

Error: Mishna did not reach the end of chapter!


Match! Ketubot, 8, 1, 1, 78a, 1, 78a, 21

Error: Mishna did not reach the end of chapter!


Match! Ketubot, 9, 1, 1, 83a, 1, 83a, 9


Match! Ketubot, 9, 2, 2, 84a, 46, 84a, 55


Match! Ketubot, 9, 3, 9, 88b, 37, 89a, 4


Match! Ketubot, 9, 9, 9, 89b, 54, 89b, 56


Match! Ketubot, 9, 9, 9, 90a, 3, 90a, 4

Error: Mishna did not reach the end of chapter!


Match! Ketubot, 10, 1, 1, 90a, 22, 90a, 23


Match! Ketubot, 10, 2, 3, 91a, 38, 91a, 45


Match! Ketubot, 10, 4, 4, 93a, 7, 93a, 10


Match! Ketubot, 10, 5, 5, 93b, 21, 93b, 28


Match! Ketubot, 10, 6, 6, 95a, 7, 95a, 10


Match! Ketubot, 11, 1, 1, 95b, 33, 95b, 34


Match! Ketubot, 11, 2, 2, 97a, 52, 97a, 55

Error: Mishna did not reach the end of chapter!


Match! Ketubot, 12, 1, 1, 101b, 36, 101b, 46

Error: Mishna did not reach the end of chapter!


Match! Ketubot, 13, 1, 1, 104b, 65, 105a, 7


Match! Ketubot, 13, 2, 2, 107b, 54, 107b, 62


Match! Ketubot, 13, 3, 3, 108b, 3, 108b, 9


Match! Ketubot, 13, 4, 4, 108b, 17, 108b, 21


Match! Ketubot, 13, 5, 5, 108b, 50, 109a, 7


Match! Ketubot, 13, 6, 6, 109a, 46, 109a, 50


Match! Ketubot, 13, 7, 7, 109b, 26, 109b, 29


Match! Ketubot, 13, 8, 8, 110a, 1, 110a, 6


Match! Ketubot, 13, 9, 9, 110a, 15, 110a, 18


Match! Ketubot, 13, 10, 10, 110a, 69, 110b, 4


Match! Ketubot, 13, 11, 11, 110b, 20, 110b, 25


Match! Nedarim, 1, 1, 1, 2a, 1, 2a, 4

Error: Mishna did not reach the end of chapter!

Error: Failed to Match: Nedarim, 2, 1, None, 13b, 19, 42a, 3

Error: Mishna did not reach the end of chapter!

Error: Failed to Match: Nedarim, 3, 1, None, 45b, 1, 46a, 14

Error: Mishna did not reach the end of chapter!

Error: Mishna did not reach the end of chapter!

Error: Mishna did not reach the end of chapter!

Error: Mishna did not reach the end of chapter!

Error: Mishna did not reach the end of chapter!

Error: Mishna did not reach the end of chapter!

Error: Failed to Match: Nedarim, 9, 1, None, 89a, 21, 89b, 3

Error: Mishna did not reach the end of chapter!

Failed to get objects for Mishnah Nedarim: list index out of range

Match! Nazir, 1, 1, 1, 2a, 1, 2a, 7


Match! Nazir, 1, 2, 2, 4a, 29, 4a, 31


Match! Nazir, 1, 3, 7, 8a, 1, 8a, 11


Match! Nazir, 2, 1, 6, 12b, 27, 12b, 29


Match! Nazir, 2, 7, 8, 12b, 37, 13a, 7


Match! Nazir, 2, 9, 9, 13b, 5, 13b, 6

Error: Mishna did not reach the end of chapter!


Match! Nazir, 3, 1, 3, 16a, 12, 16a, 23


Match! Nazir, 3, 3, 6, 19b, 22, 19b, 31


Match! Nazir, 3, 7, 7, 20a, 15, 20a, 18


Match! Nazir, 4, 1, 1, 20b, 6, 20b, 13

Error: Mishna did not reach the end of chapter!


Match! Nazir, 5, 1, 1, 30b, 26, 31a, 12

Failed to get objects for Mishnah Nazir: list index out of range

Match! Sotah, 1, 1, 2, 2a, 1, 2a, 10


Match! Sotah, 1, 3, 3, 6a, 21, 6a, 23


Match! Sotah, 1, 3, 3, 7a, 3, 7a, 7


Match! Sotah, 1, 4, 6, 7a, 42, 7b, 3


Match! Sotah, 1, 7, 7, 8b, 40, 8b, 42


Match! Sotah, 1, 8, 9, 9b, 17, 9b, 28


Match! Sotah, 2, 1, 1, 14a, 37, 14a, 43


Match! Sotah, 2, 2, 2, 15b, 7, 15b, 12


Match! Sotah, 2, 3, 3, 17a, 1, 17a, 6


Match! Sotah, 2, 3, 4, 17a, 42, 17b, 2


Match! Sotah, 2, 5, 6, 18a, 33, 18b, 7


Match! Sotah, 3, 1, 2, 19a, 13, 19a, 18


Match! Sotah, 3, 3, 4, 20a, 12, 20a, 28


Match! Sotah, 3, 5, 8, 22b, 26, 23a, 6


Match! Sotah, 4, 1, 5, 23b, 39, 24a, 21


Match! Sotah, 5, 1, 5, 27b, 5, 27b, 37


Match! Sotah, 6, 1, 2, 31a, 26, 31b, 4

Error: Mishna did not reach the end of chapter!


Match! Sotah, 7, 1, 5, 32a, 9, 32b, 1


Match! Sotah, 7, 6, 6, 37b, 31, 38a, 4


Match! Sotah, 7, 7, 7, 40b, 5, 40b, 9


Match! Sotah, 7, 8, 8, 41a, 41, 41a, 51


Match! Sotah, 8, 1, 1, 42a, 13, 42a, 21


Match! Sotah, 8, 2, 2, 43a, 12, 43a, 31

Error: Mishna did not reach the end of chapter!

Error: Failed to Match: Sotah, 9, 1, None, 44b, 28, 44b, 34

Error: Mishna did not reach the end of chapter!


Match! Gittin, 1, 1, 3, 2a, 1, 2a, 15


Match! Gittin, 1, 3, 3, 15a, 28, 15a, 31

Error: Failed to Match: Gittin, 1, 3, None, 29b, 3, 29b, 5

Error: Mishna did not reach the end of chapter!

Failed to get objects for Mishnah Gittin: list index out of range

Match! Kiddushin, 1, 1, 1, 2a, 1, 14b, 5

Error: Mishna did not reach the end of chapter!


Match! Kiddushin, 2, 1, 1, 41a, 5, 41a, 6


Match! Kiddushin, 2, 1, 1, 46a, 21, 46a, 26


Match! Kiddushin, 2, 2, 2, 48b, 23, 48b, 25


Match! Kiddushin, 2, 3, 3, 49a, 25, 49b, 47


Match! Kiddushin, 2, 4, 4, 50a, 50, 50a, 51


Match! Kiddushin, 2, 5, 5, 50a, 60, 50a, 65


Match! Kiddushin, 2, 6, 6, 50a, 69, 50b, 2


Match! Kiddushin, 2, 7, 7, 50b, 41, 50b, 45


Match! Kiddushin, 2, 8, 8, 52b, 1, 52b, 36


Match! Kiddushin, 2, 9, 9, 56b, 7, 56b, 9


Match! Kiddushin, 2, 10, 10, 58a, 38, 58a, 39


Match! Kiddushin, 3, 1, 1, 58b, 35, 58b, 38


Match! Kiddushin, 3, 2, 2, 60a, 30, 60a, 33


Match! Kiddushin, 3, 3, 3, 60b, 50, 60b, 55


Match! Kiddushin, 3, 4, 4, 61a, 27, 61a, 32


Match! Kiddushin, 3, 5, 5, 62a, 22, 62a, 28


Match! Kiddushin, 3, 6, 6, 63a, 20, 63a, 22


Match! Kiddushin, 3, 6, 6, 63a, 47, 63a, 49


Match! Kiddushin, 3, 7, 7, 63b, 13, 63b, 15


Match! Kiddushin, 3, 8, 8, 64a, 2, 64a, 5


Match! Kiddushin, 3, 8, 8, 64a, 32, 64a, 33


Match! Kiddushin, 3, 8, 9, 64b, 9, 64b, 16


Match! Kiddushin, 3, 10, 10, 65a, 14, 65a, 20

Error: Mishna did not reach the end of chapter!


Match! Kiddushin, 4, 1, 2, 69a, 44, 69a, 53


Match! Kiddushin, 4, 3, 3, 74a, 47, 74a, 51


Match! Kiddushin, 4, 4, 5, 76a, 26, 76a, 36


Match! Kiddushin, 4, 6, 6, 77a, 1, 77a, 11

Error: Mishna did not reach the end of chapter!


Match! Bava_Kamma, 1, 1, 1, 2a, 1, 2a, 6


Match! Bava_Kamma, 1, 2, 2, 9b, 9, 9b, 13


Match! Bava_Kamma, 1, 3, 3, 14b, 2, 14b, 7


Match! Bava_Kamma, 1, 4, 4, 15b, 34, 15b, 39


Match! Bava_Kamma, 1, 4, 4, 16b, 43, 16b, 44


Match! Bava_Kamma, 2, 1, 1, 17a, 36, 17a, 42


Match! Bava_Kamma, 2, 2, 2, 19b, 42, 19b, 50


Match! Bava_Kamma, 2, 3, 3, 21b, 22, 21b, 23


Match! Bava_Kamma, 2, 4, 4, 23b, 51, 23b, 54


Match! Bava_Kamma, 2, 5, 5, 24b, 44, 25a, 5

Error: Mishna did not reach the end of chapter!


Match! Bava_Kamma, 3, 1, 1, 28a, 62, 28a, 64


Match! Bava_Kamma, 3, 2, 2, 30a, 3, 30a, 4

Error: Mishna did not reach the end of chapter!


Match! Bava_Kamma, 4, 1, 1, 36a, 25, 36a, 29


Match! Bava_Kamma, 4, 2, 2, 37a, 7, 37a, 13


Match! Bava_Kamma, 4, 3, 3, 37b, 23, 37b, 24


Match! Bava_Kamma, 4, 4, 4, 39a, 5, 39a, 11


Match! Bava_Kamma, 4, 5, 5, 41a, 10, 41a, 12

Error: Mishna did not reach the end of chapter!


Match! Bava_Kamma, 5, 1, 1, 46a, 19, 46a, 20


Match! Bava_Kamma, 5, 2, 3, 47a, 21, 47b, 7


Match! Bava_Kamma, 5, 4, 4, 48b, 59, 49a, 3


Match! Bava_Kamma, 5, 5, 5, 50b, 9, 50b, 13


Match! Bava_Kamma, 5, 6, 6, 51a, 31, 51a, 32


Match! Bava_Kamma, 5, 6, 6, 52a, 17, 52a, 23


Match! Bava_Kamma, 5, 7, 7, 54b, 22, 54b, 25


Match! Bava_Kamma, 6, 1, 2, 55b, 1, 55b, 11


Match! Bava_Kamma, 6, 3, 3, 59b, 48, 59b, 49


Match! Bava_Kamma, 6, 4, 4, 59b, 54, 59b, 58


Match! Bava_Kamma, 6, 4, 4, 61b, 2, 61b, 10


Match! Bava_Kamma, 6, 5, 5, 61b, 22, 61b, 26


Match! Bava_Kamma, 6, 6, 6, 62b, 1, 62b, 4

Error: Found too many mishnayot in Bava_Kamma 6!

Error: Found too many mishnayot in Bava_Kamma 6!

Error: Found too many mishnayot in Bava_Kamma 6!

Error: Found too many mishnayot in Bava_Kamma 6!

Error: Found too many mishnayot in Bava_Kamma 6!

Error: Found too many mishnayot in Bava_Kamma 6!

Error: Found too many mishnayot in Bava_Kamma 6!

Error: Found too many mishnayot in Bava_Kamma 6!

Error: Found too many mishnayot in Bava_Kamma 6!

Error: Found too many mishnayot in Bava_Kamma 6!

Error: Found too many mishnayot in Bava_Kamma 6!

Error: Found too many mishnayot in Bava_Kamma 6!

Error: Failed to Match: Bava_Kamma, 7, 1, None, 88b, 21, 90b, 9

Error: Mishna did not reach the end of chapter!

Error: Mishna did not reach the end of chapter!

Failed to get objects for Mishnah Bava Kamma: list index out of range

Match! Bava_Metzia, 1, 1, 2, 2a, 1, 2a, 14


Match! Bava_Metzia, 1, 3, 3, 4a, 28, 9b, 24


Match! Bava_Metzia, 1, 4, 4, 11a, 10, 11a, 12


Match! Bava_Metzia, 1, 5, 5, 12a, 24, 12a, 25


Match! Bava_Metzia, 1, 6, 6, 12b, 35, 12b, 38


Match! Bava_Metzia, 1, 7, 7, 13a, 5, 18a, 21


Match! Bava_Metzia, 1, 8, 8, 18b, 14, 20a, 19


Match! Bava_Metzia, 2, 1, 1, 21a, 14, 21a, 22


Match! Bava_Metzia, 2, 2, 2, 24b, 67, 25a, 1


Match! Bava_Metzia, 2, 3, 3, 25b, 9, 25b, 10


Match! Bava_Metzia, 2, 3, 3, 25b, 38, 25b, 40


Match! Bava_Metzia, 2, 4, 4, 26b, 30, 26b, 33


Match! Bava_Metzia, 2, 5, 5, 27a, 9, 27a, 11


Match! Bava_Metzia, 2, 6, 6, 28a, 28, 28a, 31


Match! Bava_Metzia, 2, 7, 7, 28b, 18, 28b, 19


Match! Bava_Metzia, 2, 7, 7, 28b, 53, 28b, 59


Match! Bava_Metzia, 2, 8, 8, 29b, 15, 29b, 20


Match! Bava_Metzia, 2, 9, 9, 30b, 51, 30b, 54


Match! Bava_Metzia, 2, 10, 10, 32a, 15, 32a, 27


Match! Bava_Metzia, 2, 11, 11, 33a, 24, 33a, 29

Error: Found too many mishnayot in Bava_Metzia 2!


Match! Bava_Metzia, 3, 1, 1, 33b, 15, 33b, 21


Match! Bava_Metzia, 3, 2, 2, 35b, 15, 35b, 18


Match! Bava_Metzia, 3, 3, 4, 37a, 14, 37a, 23


Match! Bava_Metzia, 3, 5, 8, 40a, 64, 40a, 70


Match! Bava_Metzia, 3, 9, 9, 40b, 57, 40b, 59


Match! Bava_Metzia, 3, 10, 10, 42a, 1, 42a, 2


Match! Bava_Metzia, 3, 11, 11, 43a, 2, 43a, 5


Match! Bava_Metzia, 3, 12, 12, 43a, 33, 43a, 36


Match! Bava_Metzia, 3, 12, 12, 43b, 52, 43b, 56

Error: Found too many mishnayot in Bava_Metzia 3!

Error: Found too many mishnayot in Bava_Metzia 3!

Error: Found too many mishnayot in Bava_Metzia 3!

Error: Found too many mishnayot in Bava_Metzia 3!

Error: Found too many mishnayot in Bava_Metzia 3!

Error: Found too many mishnayot in Bava_Metzia 3!

Error: Found too many mishnayot in Bava_Metzia 3!

Error: Found too many mishnayot in Bava_Metzia 3!

Error: Found too many mishnayot in Bava_Metzia 3!

Error: Found too many mishnayot in Bava_Metzia 3!

Error: Found too many mishnayot in Bava_Metzia 3!

Error: Found too many mishnayot in Bava_Metzia 3!

Error: Found too many mishnayot in Bava_Metzia 3!

Error: Mishna did not reach the end of chapter!

Error: Mishna did not reach the end of chapter!

Error: Mishna did not reach the end of chapter!

Error: Failed to Match: Bava_Metzia, 7, 1, None, 98b, 27, 98b, 32

Error: Mishna did not reach the end of chapter!

Error: Mishna did not reach the end of chapter!

Error: Mishna did not reach the end of chapter!

Failed to get objects for Mishnah Bava Metzia: list index out of range

Match! Bava_Batra, 1, 1, 1, 2a, 1, 2a, 12

Error: Mishna did not reach the end of chapter!

Error: Mishna did not reach the end of chapter!

Error: Mishna did not reach the end of chapter!

Error: Mishna did not reach the end of chapter!

Error: Mishna did not reach the end of chapter!

Error: Mishna did not reach the end of chapter!

Error: Failed to Match: Bava_Batra, 7, 1, None, 140b, 18, 140b, 25

Error: Failed to Match: Bava_Batra, 7, 1, None, 143b, 32, 143b, 37

Error: Mishna did not reach the end of chapter!

Error: Mishna did not reach the end of chapter!

Failed to get objects for Mishnah Bava Batra: list index out of range

Match! Sanhedrin, 1, 1, 6, 2a, 1, 2b, 3

Error: Found too many mishnayot in Sanhedrin 1!

Error: Found too many mishnayot in Sanhedrin 1!


Match! Sanhedrin, 2, 1, 2, 18a, 8, 18a, 24


Match! Sanhedrin, 2, 3, 3, 20a, 11, 20a, 14


Match! Sanhedrin, 2, 4, 4, 20b, 12, 20b, 14


Match! Sanhedrin, 2, 4, 4, 21b, 14, 21b, 16

Error: Mishna did not reach the end of chapter!


Match! Sanhedrin, 3, 1, 1, 23a, 1, 23a, 9


Match! Sanhedrin, 3, 2, 2, 24a, 58, 24a, 65


Match! Sanhedrin, 3, 3, 3, 24b, 36, 24b, 40


Match! Sanhedrin, 3, 4, 5, 27b, 29, 27b, 42


Match! Sanhedrin, 3, 6, 7, 29a, 30, 29a, 43


Match! Sanhedrin, 3, 8, 8, 31a, 24, 31a, 39


Match! Sanhedrin, 4, 1, 2, 32a, 1, 32a, 15


Match! Sanhedrin, 4, 3, 4, 32b, 12, 37a, 4


Match! Sanhedrin, 4, 5, 5, 37a, 30, 37b, 5


Match! Sanhedrin, 5, 1, 5, 40a, 1, 40a, 44


Match! Sanhedrin, 6, 1, 1, 42b, 1, 42b, 5


Match! Sanhedrin, 6, 1, 1, 43a, 56, 43a, 57


Match! Sanhedrin, 6, 2, 2, 43b, 6, 43b, 16


Match! Sanhedrin, 6, 3, 3, 44b, 53, 44b, 55


Match! Sanhedrin, 6, 4, 4, 45a, 33, 45a, 37

Error: Failed to Match: Sanhedrin, 6, 4, None, 45b, 62, 45b, 70


Match! Sanhedrin, 6, 4, 6, 46a, 37, 46b, 2


Match! Sanhedrin, 7, 1, 1, 49b, 1, 49b, 5


Match! Sanhedrin, 7, 2, 2, 52a, 12, 52a, 19


Match! Sanhedrin, 7, 3, 3, 52b, 25, 52b, 29

Error: Mishna did not reach the end of chapter!


Match! Sanhedrin, 8, 1, 1, 68b, 1, 68b, 3


Match! Sanhedrin, 8, 2, 2, 70a, 3, 70a, 6


Match! Sanhedrin, 8, 3, 3, 71a, 7, 71a, 9


Match! Sanhedrin, 8, 4, 4, 71a, 25, 71a, 27


Match! Sanhedrin, 8, 4, 4, 71a, 62, 71a, 65


Match! Sanhedrin, 8, 4, 4, 71b, 13, 71b, 14


Match! Sanhedrin, 8, 5, 5, 71b, 49, 71b, 53


Match! Sanhedrin, 8, 6, 6, 72a, 10, 72a, 11


Match! Sanhedrin, 8, 7, 7, 73a, 1, 73a, 3


Match! Sanhedrin, 9, 1, 1, 75a, 25, 75a, 27


Match! Sanhedrin, 9, 1, 1, 76b, 27, 76b, 33


Match! Sanhedrin, 9, 1, 1, 78a, 59, 78a, 61


Match! Sanhedrin, 9, 2, 2, 78b, 30, 79a, 7

Error: Failed to Match: Sanhedrin, 9, 3, None, 79b, 5, 79b, 18

Error: Mishna did not reach the end of chapter!

Error: Mishna did not reach the end of chapter!

Error: Mishna did not reach the end of chapter!


Match! Makkot, 1, 1, 1, 2a, 1, 2a, 3


Match! Makkot, 1, 1, 1, 3a, 23, 3a, 25


Match! Makkot, 1, 1, 1, 3a, 33, 3a, 34


Match! Makkot, 1, 2, 3, 4a, 25, 4a, 29


Match! Makkot, 1, 3, 3, 5a, 3, 5a, 6


Match! Makkot, 1, 4, 5, 5a, 14, 5a, 27


Match! Makkot, 1, 6, 6, 5b, 30, 5b, 36

Error: Failed to Match: Makkot, 1, 7, None, 8a, 12, 8a, 19

Error: Mishna did not reach the end of chapter!

Error: Mishna did not reach the end of chapter!

Failed to get objects for Mishnah Makkot: list index out of range

Match! Shevuot, 1, 1, 7, 2a, 1, 2b, 33

Error: Found too many mishnayot in Shevuot 1!

Error: Found too many mishnayot in Shevuot 1!

Error: Found too many mishnayot in Shevuot 1!


Match! Shevuot, 2, 1, 5, 14a, 33, 14b, 12


Match! Shevuot, 3, 1, 1, 19b, 37, 19b, 43


Match! Shevuot, 3, 1, 4, 22b, 43, 22b, 52


Match! Shevuot, 3, 5, 5, 25a, 6, 25a, 18


Match! Shevuot, 3, 6, 6, 27a, 1, 27a, 7


Match! Shevuot, 3, 7, 7, 27b, 12, 27b, 14


Match! Shevuot, 3, 8, 9, 29a, 4, 29a, 11


Match! Shevuot, 3, 10, 11, 29b, 13, 29b, 17

Error: Found too many mishnayot in Shevuot 3!

Error: Found too many mishnayot in Shevuot 3!


Match! Shevuot, 4, 1, 2, 30a, 1, 30a, 7


Match! Shevuot, 4, 3, 4, 31b, 31, 31b, 46


Match! Shevuot, 4, 5, 6, 33a, 5, 33a, 11


Match! Shevuot, 4, 7, 10, 35a, 2, 35a, 9


Match! Shevuot, 4, 11, 13, 35a, 48, 35a, 55

Error: Found too many mishnayot in Shevuot 4!

Error: Found too many mishnayot in Shevuot 4!

Error: Found too many mishnayot in Shevuot 4!

Error: Mishna did not reach the end of chapter!


Match! Shevuot, 6, 1, 4, 38b, 31, 38b, 59


Match! Shevuot, 6, 5, 6, 42b, 31, 42b, 47


Match! Shevuot, 6, 7, 7, 43a, 48, 43a, 58

Error: Found too many mishnayot in Shevuot 6!


Match! Shevuot, 7, 1, 8, 44b, 22, 45a, 51

Error: Found too many mishnayot in Shevuot 7!


Match! Shevuot, 8, 1, 6, 49a, 12, 49b, 32

Failed to get objects for Mishnah Eduyot: Failed to get index Eduyot: No book named 'Eduyot'.

Match! Avodah_Zarah, 1, 1, 1, 2a, 1, 2a, 5


Match! Avodah_Zarah, 1, 2, 2, 7b, 7, 7b, 10


Match! Avodah_Zarah, 1, 3, 3, 8a, 14, 8a, 18


Match! Avodah_Zarah, 1, 4, 4, 11b, 42, 11b, 45


Match! Avodah_Zarah, 1, 4, 4, 12b, 27, 12b, 28


Match! Avodah_Zarah, 1, 5, 5, 13b, 44, 13b, 51


Match! Avodah_Zarah, 1, 6, 6, 14b, 39, 14b, 41


Match! Avodah_Zarah, 1, 7, 7, 16a, 52, 16a, 54


Match! Avodah_Zarah, 1, 8, 8, 19b, 55, 19b, 60


Match! Avodah_Zarah, 1, 8, 9, 20b, 56, 21a, 6


Match! Avodah_Zarah, 2, 1, 1, 22a, 28, 22a, 30


Match! Avodah_Zarah, 2, 1, 1, 26a, 16, 26a, 17


Match! Avodah_Zarah, 2, 2, 2, 27a, 55, 27a, 58


Match! Avodah_Zarah, 2, 3, 5, 29b, 1, 29b, 35


Match! Avodah_Zarah, 2, 6, 6, 35b, 26, 35b, 29


Match! Avodah_Zarah, 2, 6, 7, 39b, 44, 39b, 49


Match! Avodah_Zarah, 3, 1, 1, 40b, 50, 40b, 54


Match! Avodah_Zarah, 3, 2, 2, 41a, 31, 41a, 32


Match! Avodah_Zarah, 3, 3, 3, 42b, 26, 42b, 28


Match! Avodah_Zarah, 3, 3, 3, 43b, 45, 43b, 49


Match! Avodah_Zarah, 3, 4, 4, 44b, 1, 44b, 12


Match! Avodah_Zarah, 3, 5, 5, 45a, 1, 45a, 8


Match! Avodah_Zarah, 3, 6, 6, 47a, 50, 47b, 6


Match! Avodah_Zarah, 3, 7, 7, 47b, 18, 47b, 21


Match! Avodah_Zarah, 3, 7, 7, 47b, 29, 47b, 32


Match! Avodah_Zarah, 3, 7, 7, 48a, 1, 48a, 4


Match! Avodah_Zarah, 3, 7, 7, 48a, 41, 48a, 46


Match! Avodah_Zarah, 3, 8, 8, 48b, 1, 48b, 3


Match! Avodah_Zarah, 3, 8, 8, 48b, 44, 48b, 47


Match! Avodah_Zarah, 3, 9, 9, 49b, 1, 49b, 11

Error: Mishna did not reach the end of chapter!


Match! Avodah_Zarah, 4, 1, 1, 49b, 55, 49b, 58


Match! Avodah_Zarah, 4, 2, 2, 51b, 19, 51b, 20


Match! Avodah_Zarah, 4, 3, 4, 51b, 46, 51b, 48


Match! Avodah_Zarah, 4, 4, 4, 52b, 38, 52b, 39

Error: Failed to Match: Avodah_Zarah, 4, 5, None, 53a, 9, 53a, 15

Error: Mishna did not reach the end of chapter!


Match! Avodah_Zarah, 5, 1, 1, 62a, 1, 62a, 5


Match! Avodah_Zarah, 5, 2, 2, 65b, 10, 65b, 14


Match! Avodah_Zarah, 5, 3, 11, 74b, 33, 75b, 15

Error: Mishna did not reach the end of chapter!

Failed to get objects for Pirkei Avot: Failed to get index vot: No book named 'Vot'.

Match! Horayot, 1, 1, 1, 2a, 1, 2a, 4


Match! Horayot, 1, 2, 3, 3b, 36, 3b, 54


Match! Horayot, 1, 4, 4, 4b, 34, 4b, 35


Match! Horayot, 1, 4, 4, 4b, 50, 4b, 50

Error: Failed to Match: Horayot, 1, 5, None, 5b, 35, 6b, 30

Error: Mishna did not reach the end of chapter!

Error: Mishna did not reach the end of chapter!

Failed to get objects for Mishnah Horayot: list index out of range

Match! Zevachim, 1, 1, 2, 2a, 1, 2a, 13


Match! Zevachim, 1, 3, 3, 11b, 36, 11b, 41


Match! Zevachim, 1, 4, 4, 13a, 8, 13a, 20

Error: Found too many mishnayot in Zevachim 1!

Error: Found too many mishnayot in Zevachim 1!

Error: Found too many mishnayot in Zevachim 1!

Error: Found too many mishnayot in Zevachim 1!

Error: Found too many mishnayot in Zevachim 1!


Match! Zevachim, 2, 1, 4, 35b, 48, 36a, 1

Error: Mishna did not reach the end of chapter!

Error: Mishna did not reach the end of chapter!

Error: Mishna did not reach the end of chapter!

Error: Mishna did not reach the end of chapter!

Error: Mishna did not reach the end of chapter!

Error: Mishna did not reach the end of chapter!

Error: Mishna did not reach the end of chapter!

Error: Mishna did not reach the end of chapter!

Error: Mishna did not reach the end of chapter!

Error: Mishna did not reach the end of chapter!

Error: Mishna did not reach the end of chapter!

Error: Mishna did not reach the end of chapter!

Failed to get objects for Mishnah Zevachim: list index out of range

Match! Menachot, 1, 1, 1, 2a, 1, 2a, 3


Match! Menachot, 1, 2, 2, 6a, 36, 6a, 41


Match! Menachot, 1, 2, 3, 11a, 56, 11a, 58


Match! Menachot, 1, 3, 3, 11b, 44, 12a, 20

Error: Mishna did not reach the end of chapter!


Match! Menachot, 2, 1, 1, 13a, 10, 13a, 17


Match! Menachot, 2, 2, 2, 13b, 36, 13b, 39


Match! Menachot, 2, 2, 2, 14b, 46, 14b, 49


Match! Menachot, 2, 3, 3, 15a, 22, 15a, 28


Match! Menachot, 2, 4, 4, 15b, 36, 15b, 39

Error: Mishna did not reach the end of chapter!


Match! Menachot, 3, 1, 1, 17a, 49, 17a, 51


Match! Menachot, 3, 2, 2, 22a, 25, 22a, 27


Match! Menachot, 3, 3, 3, 23a, 33, 23a, 35

Error: Mishna did not reach the end of chapter!


Match! Menachot, 4, 1, 1, 38a, 11, 38a, 12


Match! Menachot, 4, 1, 1, 44b, 2, 44b, 3


Match! Menachot, 4, 2, 2, 44b, 27, 44b, 29


Match! Menachot, 4, 3, 3, 45b, 2, 45b, 12


Match! Menachot, 4, 4, 4, 49a, 34, 49a, 41

Error: Failed to Match: Menachot, 4, 5, None, 50b, 7, 50b, 9

Error: Mishna did not reach the end of chapter!


Match! Menachot, 5, 1, 1, 52b, 29, 52b, 34


Match! Menachot, 5, 2, 2, 55a, 27, 55a, 30


Match! Menachot, 5, 3, 3, 59a, 1, 59a, 6


Match! Menachot, 5, 4, 4, 59b, 3, 59b, 5


Match! Menachot, 5, 5, 5, 60a, 15, 60a, 19


Match! Menachot, 5, 6, 7, 61a, 12, 61a, 26


Match! Menachot, 5, 8, 8, 63a, 1, 63a, 6


Match! Menachot, 5, 9, 9, 63a, 26, 63a, 30

Error: Mishna did not reach the end of chapter!

Error: Mishna did not reach the end of chapter!

Error: Mishna did not reach the end of chapter!

Error: Mishna did not reach the end of chapter!

Error: Failed to Match: Menachot, 10, 1, None, 87a, 64, 87a, 71

Error: Failed to Match: Menachot, 10, 1, None, 92a, 4, 92a, 8

Error: Mishna did not reach the end of chapter!


Match! Menachot, 11, 1, 1, 94a, 23, 94a, 26


Match! Menachot, 11, 2, 2, 95b, 4, 95b, 8


Match! Menachot, 11, 3, 6, 96a, 7, 96a, 27


Match! Menachot, 11, 7, 7, 99b, 25, 99b, 37


Match! Menachot, 11, 8, 8, 100a, 17, 100a, 21


Match! Menachot, 11, 9, 9, 100b, 6, 100b, 17


Match! Menachot, 12, 1, 1, 100b, 23, 100b, 24


Match! Menachot, 12, 2, 2, 102b, 25, 102b, 32


Match! Menachot, 12, 3, 3, 103a, 4, 103a, 9


Match! Menachot, 12, 4, 4, 103b, 22, 103b, 31

Error: Mishna did not reach the end of chapter!


Match! Menachot, 13, 1, 2, 104b, 35, 104b, 46


Match! Menachot, 13, 3, 4, 106b, 38, 106b, 45


Match! Menachot, 13, 5, 5, 107a, 37, 107a, 40


Match! Menachot, 13, 6, 6, 107a, 74, 107b, 17


Match! Menachot, 13, 6, 9, 108b, 34, 108b, 35


Match! Menachot, 13, 10, 10, 109a, 5, 109a, 12

Error: Mishna did not reach the end of chapter!


Match! Chullin, 1, 1, 1, 2a, 1, 2a, 2

Error: Mishna did not reach the end of chapter!


Match! Chullin, 2, 1, 1, 27a, 1, 27a, 5


Match! Chullin, 2, 2, 3, 30b, 29, 30b, 35


Match! Chullin, 2, 3, 3, 31a, 37, 31a, 38


Match! Chullin, 2, 3, 3, 32a, 8, 32a, 10


Match! Chullin, 2, 4, 4, 32a, 47, 32a, 55


Match! Chullin, 2, 5, 5, 33a, 19, 33a, 21


Match! Chullin, 2, 6, 6, 37a, 3, 37a, 12


Match! Chullin, 2, 7, 7, 38b, 19, 38b, 24


Match! Chullin, 2, 8, 8, 39b, 51, 40a, 1


Match! Chullin, 2, 9, 9, 41a, 29, 41b, 1

Error: Mishna did not reach the end of chapter!


Match! Chullin, 3, 1, 1, 42a, 4, 42a, 21

Error: Failed to Match: Chullin, 3, 2, None, 44a, 40, 45b, 77


Match! Chullin, 3, 2, 2, 51a, 21, 54a, 55


Match! Chullin, 3, 3, 3, 56a, 2, 56a, 9


Match! Chullin, 3, 4, 4, 56b, 40, 56b, 48


Match! Chullin, 3, 5, 5, 58b, 44, 58b, 45


Match! Chullin, 3, 6, 7, 59a, 19, 59a, 30


Match! Chullin, 4, 1, 1, 68a, 1, 68a, 5


Match! Chullin, 4, 2, 2, 69b, 36, 69b, 37


Match! Chullin, 4, 3, 3, 70b, 1, 70b, 3

Error: Mishna did not reach the end of chapter!


Match! Chullin, 5, 1, 1, 78a, 10, 78a, 23

Error: Mishna did not reach the end of chapter!


Match! Chullin, 6, 1, 1, 83b, 6, 83b, 9


Match! Chullin, 6, 2, 2, 85a, 16, 85a, 17


Match! Chullin, 6, 3, 3, 86a, 20, 86a, 24


Match! Chullin, 6, 4, 4, 86b, 21, 86b, 24


Match! Chullin, 6, 4, 4, 87a, 3, 87a, 5


Match! Chullin, 6, 5, 6, 87a, 61, 87b, 7


Match! Chullin, 6, 7, 7, 88a, 26, 88a, 30


Match! Chullin, 7, 1, 1, 89b, 3, 89b, 9


Match! Chullin, 7, 2, 3, 96a, 16, 96a, 22


Match! Chullin, 7, 4, 5, 96b, 16, 96b, 19


Match! Chullin, 7, 6, 6, 100b, 2, 100b, 8


Match! Chullin, 8, 1, 1, 103b, 44, 104a, 1


Match! Chullin, 8, 1, 1, 104b, 12, 104b, 16


Match! Chullin, 8, 2, 2, 107b, 50, 107b, 52


Match! Chullin, 8, 3, 3, 108a, 4, 108a, 5


Match! Chullin, 8, 3, 3, 109a, 18, 109a, 19

Error: Mishna did not reach the end of chapter!


Match! Chullin, 9, 1, 1, 117b, 8, 117b, 12


Match! Chullin, 9, 2, 2, 122a, 17, 122a, 26


Match! Chullin, 9, 3, 3, 123a, 9, 123a, 14


Match! Chullin, 9, 4, 4, 124a, 45, 124a, 49


Match! Chullin, 9, 5, 5, 124b, 60, 125a, 2


Match! Chullin, 9, 6, 6, 126b, 27, 126b, 30


Match! Chullin, 9, 7, 7, 127a, 50, 127b, 6


Match! Chullin, 9, 8, 8, 129b, 22, 129b, 23


Match! Chullin, 10, 1, 2, 130a, 1, 130a, 9


Match! Chullin, 10, 3, 3, 132a, 44, 132a, 49


Match! Chullin, 10, 4, 4, 134a, 23, 134a, 25


Match! Chullin, 10, 4, 4, 134b, 31, 134b, 35


Match! Chullin, 11, 1, 2, 135a, 1, 135a, 18

Error: Found too many mishnayot in Chullin 11!


Match! Chullin, 12, 1, 2, 138b, 8, 138b, 14


Match! Chullin, 12, 3, 3, 140b, 39, 140b, 43


Match! Chullin, 12, 3, 3, 141a, 12, 141a, 14


Match! Chullin, 12, 4, 4, 141a, 34, 141a, 38


Match! Chullin, 12, 5, 5, 142a, 5, 142a, 6


Match! Bekhorot, 1, 1, 1, 2a, 1, 2a, 2


Match! Bekhorot, 1, 1, 1, 3b, 43, 3b, 44


Match! Bekhorot, 1, 2, 2, 5b, 35, 5b, 38


Match! Bekhorot, 1, 2, 2, 7b, 44, 7b, 45


Match! Bekhorot, 1, 3, 4, 9a, 11, 9a, 20


Match! Bekhorot, 1, 5, 5, 12a, 1, 12a, 3


Match! Bekhorot, 1, 6, 6, 12b, 36, 12b, 44

Error: Failed to Match: Bekhorot, 1, 7, None, 13a, 10, 13a, 23

Error: Mishna did not reach the end of chapter!

Error: Mishna did not reach the end of chapter!

Error: Failed to Match: Bekhorot, 3, 1, None, 28a, 38, 28a, 41

Error: Failed to Match: Bekhorot, 3, 1, None, 28b, 1, 28b, 30

Error: Failed to Match: Bekhorot, 3, 1, None, 29b, 10, 29b, 13

Error: Failed to Match: Bekhorot, 3, 1, None, 29b, 37, 29b, 39

Error: Mishna did not reach the end of chapter!


Match! Bekhorot, 4, 1, 3, 36b, 42, 36b, 44

Error: Mishna did not reach the end of chapter!

Error: Mishna did not reach the end of chapter!


Match! Bekhorot, 6, 1, 6, 43b, 44, 43b, 48


Match! Bekhorot, 6, 6, 10, 44b, 50, 44b, 56

Error: Mishna did not reach the end of chapter!

Error: Mishna did not reach the end of chapter!

Error: Mishna did not reach the end of chapter!

Failed to get objects for Mishnah Bekhorot: list index out of range

Match! Arakhin, 1, 1, 1, 2a, 1, 2a, 3

Error: Mishna did not reach the end of chapter!

Failed to get objects for Mishnah Arakhin: list index out of range

Match! Temurah, 1, 1, 1, 2a, 1, 2a, 3


Match! Temurah, 1, 1, 1, 7b, 46, 7b, 56


Match! Temurah, 1, 2, 2, 9a, 2, 9a, 5


Match! Temurah, 1, 2, 2, 9a, 39, 9a, 43


Match! Temurah, 1, 3, 3, 10a, 33, 10a, 38


Match! Temurah, 1, 4, 5, 12a, 12, 12a, 20

Error: Mishna did not reach the end of chapter!


Match! Temurah, 2, 1, 1, 14a, 1, 14a, 10


Match! Temurah, 2, 2, 2, 15a, 2, 15a, 8

Error: Mishna did not reach the end of chapter!


Match! Temurah, 3, 1, 1, 17b, 4, 17b, 6


Match! Temurah, 3, 1, 1, 18a, 24, 18a, 34


Match! Temurah, 3, 2, 3, 18b, 21, 18b, 42


Match! Temurah, 3, 3, 3, 19b, 9, 19b, 11


Match! Temurah, 3, 3, 4, 20b, 8, 20b, 22


Match! Temurah, 3, 5, 5, 21a, 5, 21a, 12


Match! Temurah, 4, 1, 1, 21b, 34, 22a, 2


Match! Temurah, 4, 2, 3, 22b, 46, 22b, 58

Error: Mishna did not reach the end of chapter!


Match! Temurah, 5, 1, 2, 24b, 1, 24b, 10


Match! Temurah, 5, 3, 3, 25a, 45, 25a, 50


Match! Temurah, 5, 4, 4, 25b, 47, 25b, 51


Match! Temurah, 5, 4, 5, 26b, 8, 26b, 10


Match! Temurah, 5, 6, 6, 27b, 29, 27b, 33

Error: Found too many mishnayot in Temurah 5!

Error: Found too many mishnayot in Temurah 5!


Match! Temurah, 6, 1, 1, 28a, 1, 28a, 8


Match! Temurah, 6, 2, 2, 29a, 44, 29a, 49


Match! Temurah, 6, 3, 3, 30a, 18, 30a, 24


Match! Temurah, 6, 4, 5, 30b, 24, 30b, 37


Match! Temurah, 7, 1, 2, 31a, 40, 31b, 4


Match! Temurah, 7, 3, 3, 32a, 1, 32a, 6


Match! Temurah, 7, 4, 6, 33b, 36, 34a, 9


Match! Keritot, 1, 1, 2, 2a, 1, 2a, 17


Match! Keritot, 1, 3, 5, 7b, 24, 7b, 36


Match! Keritot, 1, 6, 6, 7b, 70, 7b, 79


Match! Keritot, 1, 7, 7, 8a, 46, 8a, 54


Match! Keritot, 2, 1, 1, 8b, 8, 8b, 12


Match! Keritot, 2, 2, 3, 9a, 50, 9b, 19


Match! Keritot, 2, 4, 4, 10b, 16, 10b, 17


Match! Keritot, 2, 4, 5, 10b, 54, 11a, 8

Error: Mishna did not reach the end of chapter!


Match! Keritot, 3, 1, 2, 11b, 12, 11b, 31


Match! Keritot, 3, 3, 3, 12b, 71, 12b, 77


Match! Keritot, 3, 4, 4, 13b, 64, 13b, 69


Match! Keritot, 3, 5, 5, 14b, 8, 14b, 11


Match! Keritot, 3, 6, 6, 14b, 35, 14b, 40


Match! Keritot, 3, 7, 7, 15a, 8, 15a, 14


Match! Keritot, 3, 8, 8, 15a, 59, 15b, 3


Match! Keritot, 3, 9, 9, 15b, 19, 15b, 38


Match! Keritot, 3, 10, 10, 16a, 25, 16a, 39

Error: Found too many mishnayot in Keritot 3!


Match! Keritot, 4, 1, 2, 17a, 64, 17b, 7


Match! Keritot, 4, 2, 3, 19a, 31, 19a, 48

Error: Found too many mishnayot in Keritot 4!


Match! Keritot, 5, 1, 1, 20b, 19, 20b, 20


Match! Keritot, 5, 2, 3, 22a, 74, 22a, 82

Error: Mishna did not reach the end of chapter!


Match! Keritot, 6, 1, 2, 23b, 22, 23b, 33


Match! Keritot, 6, 3, 5, 25a, 39, 25a, 50


Match! Keritot, 6, 6, 6, 26b, 37, 26b, 39


Match! Keritot, 6, 7, 7, 27b, 1, 27b, 3


Match! Keritot, 6, 8, 8, 27b, 23, 27b, 26

Error: Mishna did not reach the end of chapter!


Match! Meilah, 1, 1, 1, 2a, 1, 2a, 9


Match! Meilah, 1, 2, 2, 6b, 1, 6b, 12

Error: Mishna did not reach the end of chapter!


Match! Meilah, 2, 1, 1, 8a, 3, 8a, 6


Match! Meilah, 2, 2, 2, 9a, 15, 9a, 35

Error: Mishna did not reach the end of chapter!


Match! Meilah, 3, 1, 1, 10b, 17, 11a, 1


Match! Meilah, 3, 2, 2, 11a, 7, 11a, 12


Match! Meilah, 3, 3, 3, 11a, 19, 11a, 23


Match! Meilah, 3, 4, 4, 11b, 24, 11b, 27


Match! Meilah, 3, 4, 4, 12a, 9, 12a, 12


Match! Meilah, 3, 4, 5, 12b, 20, 12b, 22


Match! Meilah, 3, 6, 6, 12b, 30, 13a, 9


Match! Meilah, 3, 7, 7, 13b, 1, 13b, 8


Match! Meilah, 3, 8, 8, 13b, 26, 13b, 29


Match! Meilah, 3, 8, 8, 14a, 22, 14a, 23


Match! Meilah, 4, 1, 1, 15a, 1, 15a, 4


Match! Meilah, 4, 2, 2, 15b, 1, 15b, 5


Match! Meilah, 4, 2, 2, 15b, 35, 15b, 37

Error: Mishna did not reach the end of chapter!


Match! Meilah, 5, 1, 1, 18a, 24, 18a, 31


Match! Meilah, 5, 2, 3, 19b, 1, 19b, 9


Match! Meilah, 5, 4, 5, 19b, 41, 20a, 5


Match! Meilah, 6, 1, 1, 20a, 30, 20a, 31


Match! Meilah, 6, 1, 2, 21a, 3, 21a, 14

Error: Mishna did not reach the end of chapter!

Failed to get objects for Mishnah Tamid: list index out of range
Failed to get objects for Mishnah Middot: Failed to get index Middot: No book named 'Middot'.
Failed to get objects for Mishnah Kinnim: Failed to get index Kinnim: No book named 'Kinnim'.
Failed to get objects for Mishnah Kelim: Failed to get index Kelim: No book named 'Kelim'.
Failed to get objects for Mishnah Oholot: Failed to get index Oholot: No book named 'Oholot'.
Failed to get objects for Mishnah Negaim: Failed to get index Negaim: No book named 'Negaim'.
Failed to get objects for Mishnah Parah: Failed to get index Parah: No book named 'Parah'.
Failed to get objects for Mishnah Tahorot: Failed to get index Tahorot: No book named 'Tahorot'.
Failed to get objects for Mishnah Mikvaot: Failed to get index Mikvaot: No book named 'Mikvaot'.

Match! Niddah, 1, 1, 2, 2a, 1, 2a, 13


Match! Niddah, 1, 3, 6, 4b, 47, 7b, 14


Match! Niddah, 1, 7, 7, 11a, 23, 11a, 29

Error: Found too many mishnayot in Niddah 1!


Match! Niddah, 2, 1, 1, 13a, 1, 13a, 2


Match! Niddah, 2, 1, 1, 13b, 53, 13b, 54


Match! Niddah, 2, 1, 3, 14a, 13, 14a, 23


Match! Niddah, 2, 4, 4, 15a, 38, 15a, 40


Match! Niddah, 2, 4, 4, 16a, 43, 16a, 47


Match! Niddah, 2, 5, 5, 17b, 2, 17b, 5


Match! Niddah, 2, 6, 7, 19a, 6, 19a, 25


Match! Niddah, 3, 1, 2, 21a, 10, 21a, 18


Match! Niddah, 3, 3, 3, 24b, 46, 24b, 48


Match! Niddah, 3, 4, 4, 26a, 18, 26a, 22


Match! Niddah, 3, 5, 5, 28a, 39, 28a, 45


Match! Niddah, 3, 6, 6, 29a, 54, 29a, 55


Match! Niddah, 3, 7, 7, 30a, 31, 30a, 36


Match! Niddah, 4, 1, 1, 31b, 56, 31b, 59


Match! Niddah, 4, 2, 2, 33b, 36, 33b, 39


Match! Niddah, 4, 3, 3, 34a, 3, 34a, 9


Match! Niddah, 4, 4, 5, 36b, 1, 36b, 14


Match! Niddah, 4, 6, 6, 38b, 24, 38b, 29


Match! Niddah, 4, 7, 7, 38b, 50, 39a, 5


Match! Niddah, 5, 1, 2, 40a, 1, 40a, 7


Match! Niddah, 5, 3, 3, 43b, 68, 44a, 1


Match! Niddah, 5, 4, 4, 44b, 21, 44b, 27


Match! Niddah, 5, 5, 5, 45a, 58, 45a, 62


Match! Niddah, 5, 6, 6, 45b, 2, 45b, 6


Match! Niddah, 5, 7, 8, 47a, 15, 47a, 29


Match! Niddah, 5, 9, 9, 47b, 33, 47b, 39


Match! Niddah, 6, 1, 1, 48a, 29, 48a, 35


Match! Niddah, 6, 2, 3, 49a, 12, 49a, 16


Match! Niddah, 6, 4, 4, 49b, 22, 49b, 23


Match! Niddah, 6, 4, 4, 49b, 36, 49b, 37


Match! Niddah, 6, 5, 5, 50a, 26, 50a, 27


Match! Niddah, 6, 6, 6, 50a, 31, 50a, 32


Match! Niddah, 6, 7, 8, 51b, 21, 51b, 23


Match! Niddah, 6, 9, 9, 51b, 27, 51b, 29


Match! Niddah, 6, 10, 10, 51b, 40, 51b, 41


Match! Niddah, 6, 11, 11, 52a, 2, 52a, 8


Match! Niddah, 6, 12, 12, 52b, 25, 52b, 28


Match! Niddah, 6, 13, 13, 52b, 32, 52b, 34


Match! Niddah, 6, 14, 14, 53b, 38, 53b, 41


Match! Niddah, 7, 1, 1, 54b, 14, 54b, 21


Match! Niddah, 7, 2, 2, 56a, 68, 56a, 73


Match! Niddah, 7, 3, 3, 56b, 29, 56b, 33


Match! Niddah, 7, 4, 5, 56b, 56, 56b, 65


Match! Niddah, 8, 1, 1, 57b, 1, 57b, 7


Match! Niddah, 8, 2, 4, 58b, 9, 58b, 32

Error: Found too many mishnayot in Niddah 8!


Match! Niddah, 9, 1, 2, 59b, 1, 59b, 7


Match! Niddah, 9, 3, 3, 59b, 58, 59b, 63


Match! Niddah, 9, 4, 4, 60b, 28, 60b, 31


Match! Niddah, 9, 5, 5, 61a, 2, 61a, 17


Match! Niddah, 9, 6, 7, 61b, 42, 62a, 7


Match! Niddah, 9, 8, 8, 63a, 60, 63a, 64


Match! Niddah, 9, 9, 9, 63b, 32, 63b, 39


Match! Niddah, 9, 10, 10, 63b, 69, 63b, 72


Match! Niddah, 9, 11, 11, 64b, 2, 64b, 6

Error: Mishna did not reach the end of chapter!

Failed to get objects for Mishnah Makhshirin: Failed to get index Makhshirin: No book named 'Makhshirin'.
Failed to get objects for Mishnah Zavim: Failed to get index Zavim: No book named 'Zavim'.
Failed to get objects for Mishnah Tevul Yom: Failed to get index Tevul_Yom: No book named 'Tevul Yom'.
Failed to get objects for Mishnah Yadayim: Failed to get index Yadayim: No book named 'Yadayim'.
Failed to get objects for Mishnah Oktzin: Failed to get index Oktzin: No book named 'Oktzin'.

Process finished with exit code 0
