did not find any matches for maharsha dibur hamatchil ראיה in gemara 2a
found 2 matches for maharsha dibur hamatchil דילמא in gemara 2b
found 2 matches for maharsha dibur hamatchil תפלה in gemara 3a
found 3 matches for maharsha dibur hamatchil ותיפוק in gemara 3b
did not find any matches for maharsha dibur hamatchil בד"ה in rashi 4a
did not find any matches for maharsha dibur hamatchil בד"ה in gemara 5a
found 4 matches for maharsha dibur hamatchil בית in gemara 6a
found 12 matches for maharsha dibur hamatchil רב in gemara 5b
found 2 matches for maharsha dibur hamatchil אפילו in gemara 5a
did not find any matches for maharsha dibur hamatchil בלשון in gemara 5a
found 8 matches for maharsha dibur hamatchil אומר in gemara 9b
did not find any matches for maharsha dibur hamatchil בד"ה in rashi 9a
did not find any matches for maharsha dibur hamatchil דקבעוה in gemara 9a
did not find any matches for maharsha dibur hamatchil טריד in gemara 11b
did not find any matches for maharsha dibur hamatchil יחזקאל in Tosafot 11b
did not find any matches for maharsha dibur hamatchil כהנים in gemara 11a
found 14 matches for maharsha dibur hamatchil לא in gemara 12b
did not find any matches for maharsha dibur hamatchil כחזרא in Tosafot 12a
did not find any matches for maharsha dibur hamatchil ליזהר in gemara 12a
did not find any matches for maharsha dibur hamatchil שיש in gemara 12a
did not find any matches for maharsha dibur hamatchil קורא in Tosafot 13b
found 9 matches for maharsha dibur hamatchil מצות in gemara 13b
did not find any matches for maharsha dibur hamatchil שהיחיד in Tosafot 14b
did not find any matches for maharsha dibur hamatchil הברכות in gemara 14b
did not find any matches for maharsha dibur hamatchil שהקשה in gemara 14b
found 23 matches for maharsha dibur hamatchil רב in gemara 14b
did not find any matches for maharsha dibur hamatchil בד"ה in rashi 14a
did not find any matches for maharsha dibur hamatchil כו in Tosafot 14a
did not find any matches for maharsha dibur hamatchil גמ in gemara 15b
found 62 matches for maharsha dibur hamatchil ר in gemara 15b
found 62 matches for maharsha dibur hamatchil ר in gemara 15b
did not find any matches for maharsha dibur hamatchil בד"ה in rashi 15a
did not find any matches for maharsha dibur hamatchil וחסורי in Tosafot 15a
did not find any matches for maharsha dibur hamatchil קרא in gemara 16b
did not find any matches for maharsha dibur hamatchil שנשא in Tosafot 16b
found 5 matches for maharsha dibur hamatchil כל in gemara 16b
did not find any matches for maharsha dibur hamatchil בד"ה in gemara 17a
found 8 matches for maharsha dibur hamatchil כו in gemara 18b
found 8 matches for maharsha dibur hamatchil כו in gemara 18b
did not find any matches for maharsha dibur hamatchil משום in gemara 18b
did not find any matches for maharsha dibur hamatchil מחזון in gemara 18b
did not find any matches for maharsha dibur hamatchil ידעי in Tosafot 18a
did not find any matches for maharsha dibur hamatchil אפילו in gemara 19b
found 8 matches for maharsha dibur hamatchil כו in gemara 19a
found 4 matches for maharsha dibur hamatchil יש in gemara 20b
did not find any matches for maharsha dibur hamatchil בתפלה in gemara 20a
did not find any matches for maharsha dibur hamatchil והרי in gemara 21b
found 18 matches for maharsha dibur hamatchil לא in gemara 21b
did not find any matches for maharsha dibur hamatchil ברור in gemara 21b
found 2 matches for maharsha dibur hamatchil מאי in gemara 22a
did not find any matches for maharsha dibur hamatchil כו in Tosafot 23b
did not find any matches for maharsha dibur hamatchil תנא in Tosafot 24b
did not find any matches for maharsha dibur hamatchil שגיהק in rashi 24b
did not find any matches for maharsha dibur hamatchil אנא in gemara 24a
did not find any matches for maharsha dibur hamatchil ה"ל in gemara 24a
found 7 matches for maharsha dibur hamatchil כו in gemara 24a
found 4 matches for maharsha dibur hamatchil רע in gemara 25b
did not find any matches for maharsha dibur hamatchil מאי in rashi 25b
did not find any matches for maharsha dibur hamatchil לבו in Tosafot 25a
did not find any matches for maharsha dibur hamatchil של in gemara 25a
did not find any matches for maharsha dibur hamatchil ר"י in gemara 26b
did not find any matches for maharsha dibur hamatchil בד"ה in rashi 26a
did not find any matches for maharsha dibur hamatchil התפלל in Tosafot 26a
did not find any matches for maharsha dibur hamatchil דמצריך in gemara 26a
did not find any matches for maharsha dibur hamatchil תיקן in gemara 26a
found 5 matches for maharsha dibur hamatchil תא in gemara 28b
did not find any matches for maharsha dibur hamatchil דעבד in gemara 28b
did not find any matches for maharsha dibur hamatchil צלי in gemara 28b
did not find any matches for maharsha dibur hamatchil והנותן in gemara 28a
did not find any matches for maharsha dibur hamatchil והתפללו in gemara 28a
did not find any matches for maharsha dibur hamatchil ושל in gemara 28b
did not find any matches for maharsha dibur hamatchil כיון in gemara 28a
did not find any matches for maharsha dibur hamatchil ודאי in gemara 29a
did not find any matches for maharsha dibur hamatchil לתלפיות in gemara 30b
did not find any matches for maharsha dibur hamatchil גאולה in gemara 30b
did not find any matches for maharsha dibur hamatchil כו. in Tosafot 30a
did not find any matches for maharsha dibur hamatchil והמטיב in gemara 30a
did not find any matches for maharsha dibur hamatchil בד"ה in gemara 32a
did not find any matches for maharsha dibur hamatchil תפלתו in gemara 32a
did not find any matches for maharsha dibur hamatchil לד in gemara 34a
found 5 matches for maharsha dibur hamatchil יותר in gemara 34a
found 2 matches for maharsha dibur hamatchil מטורף in gemara 34b
found 2 matches for maharsha dibur hamatchil באבות in gemara 34b
found 2 matches for maharsha dibur hamatchil עומדין in gemara 34b
found 6 matches for maharsha dibur hamatchil אתה in gemara 34b
did not find any matches for maharsha dibur hamatchil שייך in Tosafot 35a
found 2 matches for maharsha dibur hamatchil שאין in gemara 35a
found 2 matches for maharsha dibur hamatchil כאן in gemara 35b
found 3 matches for maharsha dibur hamatchil כיון in gemara 36a
found 4 matches for maharsha dibur hamatchil כו in gemara 36b
did not find any matches for maharsha dibur hamatchil מכל in gemara 37a
found 21 matches for maharsha dibur hamatchil אי in gemara 37b
did not find any matches for maharsha dibur hamatchil דייק in gemara 38a
found 2 matches for maharsha dibur hamatchil תנן in gemara 38a
did not find any matches for maharsha dibur hamatchil דסילקא in gemara 39a
found 2 matches for maharsha dibur hamatchil צנומה in gemara 39a
found 4 matches for maharsha dibur hamatchil פרוסה in gemara 39b
found 2 matches for maharsha dibur hamatchil כו in gemara 39b
did not find any matches for maharsha dibur hamatchil לפרש in gemara 39b
found 2 matches for maharsha dibur hamatchil שלם in gemara 39b
found 4 matches for maharsha dibur hamatchil פרוסה in gemara 39b
found 2 matches for maharsha dibur hamatchil נימא in gemara 40b
found 2 matches for maharsha dibur hamatchil אביי in gemara 40b
found 4 matches for maharsha dibur hamatchil היה in gemara 40b
found 7 matches for maharsha dibur hamatchil של in gemara 40b
found 7 matches for maharsha dibur hamatchil רבי in gemara 42a
did not find any matches for maharsha dibur hamatchil כו in Tosafot 42a
did not find any matches for maharsha dibur hamatchil ושתיה in gemara 42a
did not find any matches for maharsha dibur hamatchil בני in gemara 42b
found 12 matches for maharsha dibur hamatchil בא in gemara 43a
did not find any matches for maharsha dibur hamatchil מיכל in gemara 44b
did not find any matches for maharsha dibur hamatchil ולבני in gemara 44a
did not find any matches for maharsha dibur hamatchil בד"ה in rashi 45b
did not find any matches for maharsha dibur hamatchil טבל in gemara 45b
found 7 matches for maharsha dibur hamatchil שאכלו in gemara 45b
did not find any matches for maharsha dibur hamatchil הל"ל in gemara 45b
found 3 matches for maharsha dibur hamatchil התם in gemara 45a
found 6 matches for maharsha dibur hamatchil לא in gemara 46b
did not find any matches for maharsha dibur hamatchil שנים in gemara 46b
did not find any matches for maharsha dibur hamatchil נשלמה in gemara 46b
did not find any matches for maharsha dibur hamatchil הברכות in gemara 46b
did not find any matches for maharsha dibur hamatchil הפסק in gemara 46b
did not find any matches for maharsha dibur hamatchil והטוב in gemara 46a
did not find any matches for maharsha dibur hamatchil אתה in gemara 46a
did not find any matches for maharsha dibur hamatchil הוא in gemara 46a
did not find any matches for maharsha dibur hamatchil למר in gemara 46a
did not find any matches for maharsha dibur hamatchil ניחא in gemara 46a
did not find any matches for maharsha dibur hamatchil זוטרא in gemara 46a
did not find any matches for maharsha dibur hamatchil מכבדין in gemara 46a
did not find any matches for maharsha dibur hamatchil כו in Tosafot 47b
did not find any matches for maharsha dibur hamatchil דמיירי in gemara 48b
did not find any matches for maharsha dibur hamatchil התם in gemara 48b
found 3 matches for maharsha dibur hamatchil פי in gemara 48b
did not find any matches for maharsha dibur hamatchil בין in rashi 48a
did not find any matches for maharsha dibur hamatchil ניתנה in gemara 48a
did not find any matches for maharsha dibur hamatchil כו in Tosafot 48a
did not find any matches for maharsha dibur hamatchil לומר in gemara 49b
did not find any matches for maharsha dibur hamatchil לאו in rashi 49b
did not find any matches for maharsha dibur hamatchil אם in gemara 49a
did not find any matches for maharsha dibur hamatchil מאיר in gemara 49a
found 3 matches for maharsha dibur hamatchil אלא in gemara 50b
did not find any matches for maharsha dibur hamatchil שיש in gemara 50b
did not find any matches for maharsha dibur hamatchil רשאין in gemara 50b
did not find any matches for maharsha dibur hamatchil חלקוהו in gemara 50a
did not find any matches for maharsha dibur hamatchil פרי in gemara 50a
found 30 matches for maharsha dibur hamatchil מר in gemara 50a
found 2 matches for maharsha dibur hamatchil עד in gemara 52b
found 2 matches for maharsha dibur hamatchil תוכו in gemara 52a
did not find any matches for maharsha dibur hamatchil בורא in rashi 52a
did not find any matches for maharsha dibur hamatchil ל"פ in Tosafot 52a
found 4 matches for maharsha dibur hamatchil הא in gemara 53b
did not find any matches for maharsha dibur hamatchil באכילה in gemara 53a
did not find any matches for maharsha dibur hamatchil קדושים in gemara 53a
did not find any matches for maharsha dibur hamatchil כו in Tosafot 54b
did not find any matches for maharsha dibur hamatchil הנהרות in gemara 54b
found 7 matches for maharsha dibur hamatchil כו in gemara 54a
did not find any matches for maharsha dibur hamatchil אודויי in gemara 54a
found 3 matches for maharsha dibur hamatchil ואי in gemara 55a
did not find any matches for maharsha dibur hamatchil פר"י in Tosafot 55a
did not find any matches for maharsha dibur hamatchil תוס in gemara 57a
found 2 matches for maharsha dibur hamatchil ורב in gemara 59b
did not find any matches for maharsha dibur hamatchil לתרווייהו in Tosafot 59b
found 12 matches for maharsha dibur hamatchil אמר in gemara 59b
did not find any matches for maharsha dibur hamatchil הטוב in gemara 59a
did not find any matches for maharsha dibur hamatchil בד"ה in gemara 60a
did not find any matches for maharsha dibur hamatchil בד"ה in gemara 61a
did not find any matches for maharsha dibur hamatchil אדיליף in gemara 63b
did not find any matches for maharsha dibur hamatchil קפיד in gemara 63b
found 2 matches for maharsha dibur hamatchil ולא in gemara 63a
did not find any matches for maharsha dibur hamatchil עשית in rashi 63a
