found 2 matches for maharsha dibur hamatchil קטן in gemara 2a
found 8 matches for maharsha dibur hamatchil ואינו in gemara 2b
found 8 matches for maharsha dibur hamatchil ואינו in gemara 2b
found 6 matches for maharsha dibur hamatchil הא in gemara 4a
found 9 matches for maharsha dibur hamatchil מי in gemara 6b
did not find any matches for maharsha dibur hamatchil נ"מ in gemara 6b
found 2 matches for maharsha dibur hamatchil מביאין in gemara 7b
did not find any matches for maharsha dibur hamatchil ונדרים in gemara 7b
did not find any matches for maharsha dibur hamatchil סקרתא in gemara 5a
did not find any matches for maharsha dibur hamatchil בחגך in gemara 5a
found 10 matches for maharsha dibur hamatchil מאי in gemara 5b
did not find any matches for maharsha dibur hamatchil הר"א in gemara 5b
found 2 matches for maharsha dibur hamatchil דלא in gemara 9a
did not find any matches for maharsha dibur hamatchil בד"ה in rashi 9b
found 2 matches for maharsha dibur hamatchil מדשמואל in gemara 10a
found 15 matches for maharsha dibur hamatchil לי in gemara 10b
did not find any matches for maharsha dibur hamatchil נצרכה in gemara 11a
did not find any matches for maharsha dibur hamatchil בד"ה in rashi 11b
did not find any matches for maharsha dibur hamatchil ושנים in gemara 16a
did not find any matches for maharsha dibur hamatchil קש"ב in gemara 17b
did not find any matches for maharsha dibur hamatchil מועט in gemara 17b
found 4 matches for maharsha dibur hamatchil חג in gemara 17b
did not find any matches for maharsha dibur hamatchil תורה in gemara 17a
did not find any matches for maharsha dibur hamatchil למימני in gemara 17a
found 5 matches for maharsha dibur hamatchil אסור in gemara 18b
did not find any matches for maharsha dibur hamatchil דמעשר in gemara 18a
did not find any matches for maharsha dibur hamatchil אטו in gemara 19b
did not find any matches for maharsha dibur hamatchil שייך in gemara 19a
did not find any matches for maharsha dibur hamatchil ע"ה in gemara 19a
did not find any matches for maharsha dibur hamatchil לומר in gemara 19a
did not find any matches for maharsha dibur hamatchil מדלא in rashi 20b
did not find any matches for maharsha dibur hamatchil רישא in gemara 20a
did not find any matches for maharsha dibur hamatchil ומחוסר in gemara 21b
did not find any matches for maharsha dibur hamatchil בגר in gemara 21b
did not find any matches for maharsha dibur hamatchil שרי in gemara 21b
did not find any matches for maharsha dibur hamatchil גירסא in gemara 21b
did not find any matches for maharsha dibur hamatchil הר"ש in gemara 21b
did not find any matches for maharsha dibur hamatchil רש"י in gemara 21b
did not find any matches for maharsha dibur hamatchil וכחללה in gemara 21a
did not find any matches for maharsha dibur hamatchil מוקמינן in gemara 21a
did not find any matches for maharsha dibur hamatchil טופח in gemara 21a
did not find any matches for maharsha dibur hamatchil הרי in rashi 22b
did not find any matches for maharsha dibur hamatchil כלום in gemara 22a
did not find any matches for maharsha dibur hamatchil חומר in gemara 22a
did not find any matches for maharsha dibur hamatchil שנקיי in gemara 22a
did not find any matches for maharsha dibur hamatchil תחוב in gemara 23b
found 2 matches for maharsha dibur hamatchil היו in gemara 23b
found 4 matches for maharsha dibur hamatchil היא in gemara 23a
did not find any matches for maharsha dibur hamatchil דרבנן in gemara 23a
did not find any matches for maharsha dibur hamatchil לרביעי in gemara 24b
found 2 matches for maharsha dibur hamatchil דברי in gemara 24b
did not find any matches for maharsha dibur hamatchil דתנן in gemara 24a
did not find any matches for maharsha dibur hamatchil יתננה in gemara 25b
found 2 matches for maharsha dibur hamatchil ישראל in gemara 27a
