found 3 matches for maharsha dibur hamatchil היה in gemara 2a
did not find any matches for maharsha dibur hamatchil בד"ה in rashi 2b
did not find any matches for maharsha dibur hamatchil כו in gemara 2b
found 7 matches for maharsha dibur hamatchil מת in gemara 2b
found 2 matches for maharsha dibur hamatchil דאניס in gemara 3a
did not find any matches for maharsha dibur hamatchil דקדיש in gemara 3a
found 2 matches for maharsha dibur hamatchil נשאת in gemara 3a
did not find any matches for maharsha dibur hamatchil אותו in gemara 4a
did not find any matches for maharsha dibur hamatchil סוגיא in gemara 4b
did not find any matches for maharsha dibur hamatchil שיסתום in gemara 4b
did not find any matches for maharsha dibur hamatchil מהו in gemara 8b
did not find any matches for maharsha dibur hamatchil הלכה in gemara 8b
did not find any matches for maharsha dibur hamatchil מסוכרייתא in gemara 6a
found 3 matches for maharsha dibur hamatchil יש in gemara 6a
did not find any matches for maharsha dibur hamatchil דמי in gemara 6a
did not find any matches for maharsha dibur hamatchil לאו in gemara 6a
found 2 matches for maharsha dibur hamatchil לאו in gemara 6b
found 2 matches for maharsha dibur hamatchil שרי in gemara 7a
found 2 matches for maharsha dibur hamatchil אימא in gemara 7a
did not find any matches for maharsha dibur hamatchil דקאמר in gemara 7a
found 2 matches for maharsha dibur hamatchil מעתה in gemara 7a
found 4 matches for maharsha dibur hamatchil ברא in gemara 8a
found 11 matches for maharsha dibur hamatchil כי in gemara 8b
found 2 matches for maharsha dibur hamatchil אונס in gemara 9a
found 2 matches for maharsha dibur hamatchil בעית in gemara 9a
found 5 matches for maharsha dibur hamatchil אמר in gemara 9a
did not find any matches for maharsha dibur hamatchil דבאותו in gemara 9b
did not find any matches for maharsha dibur hamatchil עץ in gemara 9b
found 5 matches for maharsha dibur hamatchil לאו in gemara 9b
found 2 matches for maharsha dibur hamatchil להפסידה in gemara 9b
found 4 matches for maharsha dibur hamatchil דקא in gemara 9b
found 5 matches for maharsha dibur hamatchil כו in gemara 10a
found 9 matches for maharsha dibur hamatchil כו in gemara 11a
found 2 matches for maharsha dibur hamatchil הדר in gemara 11b
found 5 matches for maharsha dibur hamatchil בת in gemara 12b
did not find any matches for maharsha dibur hamatchil הוי in gemara 13a
found 19 matches for maharsha dibur hamatchil אי in gemara 14b
found 2 matches for maharsha dibur hamatchil נמי in gemara 14b
found 2 matches for maharsha dibur hamatchil בעינן in gemara 15a
found 8 matches for maharsha dibur hamatchil פי in gemara 16a
did not find any matches for maharsha dibur hamatchil דטעמא in gemara 16a
found 2 matches for maharsha dibur hamatchil אומרת in gemara 16b
found 4 matches for maharsha dibur hamatchil הונא in gemara 17b
found 2 matches for maharsha dibur hamatchil נפשות in gemara 18b
found 3 matches for maharsha dibur hamatchil בשטר in gemara 19a
did not find any matches for maharsha dibur hamatchil בד"ה in rashi 2b
did not find any matches for maharsha dibur hamatchil דפעמים in gemara 21b
found 23 matches for maharsha dibur hamatchil אמר in gemara 22a
did not find any matches for maharsha dibur hamatchil רבנן in gemara 23a
found 4 matches for maharsha dibur hamatchil כו in gemara 23a
found 5 matches for maharsha dibur hamatchil ליה in gemara 23a
did not find any matches for maharsha dibur hamatchil בד"ה in rashi 23b
did not find any matches for maharsha dibur hamatchil דילמא in gemara 25a
found 2 matches for maharsha dibur hamatchil לאו in gemara 25a
did not find any matches for maharsha dibur hamatchil שאמר in gemara 25b
found 3 matches for maharsha dibur hamatchil להאכילו in gemara 25b
did not find any matches for maharsha dibur hamatchil מתני in gemara 25b
found 2 matches for maharsha dibur hamatchil בתר in gemara 26a
did not find any matches for maharsha dibur hamatchil לפרש in gemara 26a
did not find any matches for maharsha dibur hamatchil ד"ה in gemara 26a
did not find any matches for maharsha dibur hamatchil אומרים in gemara 26b
did not find any matches for maharsha dibur hamatchil אומרים in gemara 26b
did not find any matches for maharsha dibur hamatchil פריך in gemara 26b
did not find any matches for maharsha dibur hamatchil דרב in gemara 26b
did not find any matches for maharsha dibur hamatchil תאמר in gemara 26b
did not find any matches for maharsha dibur hamatchil נאמנים in gemara 28a
found 2 matches for maharsha dibur hamatchil עבד in gemara 28a
found 3 matches for maharsha dibur hamatchil הזה in gemara 28b
did not find any matches for maharsha dibur hamatchil הא in gemara 29a
did not find any matches for maharsha dibur hamatchil דקי"ל in gemara 29a
did not find any matches for maharsha dibur hamatchil משמע in gemara 29a
did not find any matches for maharsha dibur hamatchil אם in gemara 29a
did not find any matches for maharsha dibur hamatchil גרושתו in gemara 29a
did not find any matches for maharsha dibur hamatchil דהכא in gemara 29a
found 2 matches for maharsha dibur hamatchil לאפוקי in gemara 30a
found 2 matches for maharsha dibur hamatchil הא in gemara 30b
found 4 matches for maharsha dibur hamatchil צורך in gemara 31a
found 4 matches for maharsha dibur hamatchil יאכל in gemara 34a
found 7 matches for maharsha dibur hamatchil מכה in gemara 35a
found 2 matches for maharsha dibur hamatchil לאו in gemara 35b
found 3 matches for maharsha dibur hamatchil פיתוי in gemara 35b
found 4 matches for maharsha dibur hamatchil להן in gemara 36a
found 2 matches for maharsha dibur hamatchil משום in gemara 36a
found 3 matches for maharsha dibur hamatchil להמתין in gemara 37a
found 2 matches for maharsha dibur hamatchil על in gemara 37a
did not find any matches for maharsha dibur hamatchil ואתה in rashi 37b
did not find any matches for maharsha dibur hamatchil האמת in gemara 38a
did not find any matches for maharsha dibur hamatchil דאי in gemara 38b
did not find any matches for maharsha dibur hamatchil הלבן in gemara 38b
did not find any matches for maharsha dibur hamatchil א"ה in gemara 39b
did not find any matches for maharsha dibur hamatchil יכולה in gemara 39b
found 8 matches for maharsha dibur hamatchil אונס in gemara 39b
found 4 matches for maharsha dibur hamatchil כו in gemara 39b
did not find any matches for maharsha dibur hamatchil מקראי in gemara 41b
found 2 matches for maharsha dibur hamatchil והודה in gemara 42a
did not find any matches for maharsha dibur hamatchil אפילו in gemara 42a
found 2 matches for maharsha dibur hamatchil בעי in gemara 42b
found 2 matches for maharsha dibur hamatchil בשאינה in gemara 43a
found 2 matches for maharsha dibur hamatchil אחולי in gemara 44a
found 2 matches for maharsha dibur hamatchil בינייהו in gemara 44a
did not find any matches for maharsha dibur hamatchil בד"ה in rashi 44b
found 2 matches for maharsha dibur hamatchil שם in gemara 44b
did not find any matches for maharsha dibur hamatchil כו in gemara 44b
found 6 matches for maharsha dibur hamatchil אומר in gemara 45b
did not find any matches for maharsha dibur hamatchil דלר"י in gemara 45b
did not find any matches for maharsha dibur hamatchil לצדדים in gemara 47a
found 12 matches for maharsha dibur hamatchil לה in gemara 47a
found 2 matches for maharsha dibur hamatchil שהלך in gemara 48a
found 6 matches for maharsha dibur hamatchil כו in gemara 48b
found 3 matches for maharsha dibur hamatchil ואשתו in gemara 49b
did not find any matches for maharsha dibur hamatchil ביש in gemara 49b
did not find any matches for maharsha dibur hamatchil מדלא in gemara 51b
did not find any matches for maharsha dibur hamatchil לר"י in gemara 51b
did not find any matches for maharsha dibur hamatchil הנשים in gemara 52b
did not find any matches for maharsha dibur hamatchil שנדרה in gemara 52b
found 3 matches for maharsha dibur hamatchil אינו in gemara 52b
found 3 matches for maharsha dibur hamatchil נמי in gemara 52b
found 5 matches for maharsha dibur hamatchil אין in gemara 52a
did not find any matches for maharsha dibur hamatchil ממשעבדי in gemara 52a
did not find any matches for maharsha dibur hamatchil נמי in gemara 53b
did not find any matches for maharsha dibur hamatchil אני in gemara 53b
did not find any matches for maharsha dibur hamatchil איצטריך in gemara 54a
did not find any matches for maharsha dibur hamatchil ובתרומת in gemara 55a
did not find any matches for maharsha dibur hamatchil דשבת in gemara 55a
did not find any matches for maharsha dibur hamatchil שכ"מ in gemara 55a
found 2 matches for maharsha dibur hamatchil קנו in gemara 55a
did not find any matches for maharsha dibur hamatchil שטר in gemara 55a
found 13 matches for maharsha dibur hamatchil אמר in gemara 55a
found 6 matches for maharsha dibur hamatchil זו in gemara 56b
did not find any matches for maharsha dibur hamatchil עושין in gemara 56a
did not find any matches for maharsha dibur hamatchil אמר in rashi 57b
did not find any matches for maharsha dibur hamatchil מפרש in gemara 57a
did not find any matches for maharsha dibur hamatchil קלא in gemara 58b
did not find any matches for maharsha dibur hamatchil בפני in gemara 58b
did not find any matches for maharsha dibur hamatchil בד"ה in rashi 58a
found 8 matches for maharsha dibur hamatchil לה in gemara 58a
did not find any matches for maharsha dibur hamatchil צריך in gemara 59b
did not find any matches for maharsha dibur hamatchil יגרשנה in gemara 59b
did not find any matches for maharsha dibur hamatchil כו in gemara 59a
did not find any matches for maharsha dibur hamatchil שנדרה in gemara 59a
did not find any matches for maharsha dibur hamatchil יונק in gemara 60b
found 2 matches for maharsha dibur hamatchil כו in gemara 60a
found 4 matches for maharsha dibur hamatchil כו in gemara 61b
found 14 matches for maharsha dibur hamatchil לא in gemara 61a
did not find any matches for maharsha dibur hamatchil כר"א in gemara 61a
found 2 matches for maharsha dibur hamatchil כו in gemara 62a
found 2 matches for maharsha dibur hamatchil חולה in gemara 63b
found 2 matches for maharsha dibur hamatchil אמרה in gemara 63a
did not find any matches for maharsha dibur hamatchil נראה in gemara 63a
did not find any matches for maharsha dibur hamatchil לחלוץ in gemara 64b
did not find any matches for maharsha dibur hamatchil בד"ה in rashi 64a
did not find any matches for maharsha dibur hamatchil סעודות in gemara 64a
found 32 matches for maharsha dibur hamatchil לה in gemara 65a
found 2 matches for maharsha dibur hamatchil כי in gemara 66b
did not find any matches for maharsha dibur hamatchil מעתה in gemara 66b
did not find any matches for maharsha dibur hamatchil וכשחתן in gemara 66a
did not find any matches for maharsha dibur hamatchil אחריה in gemara 66a
found 10 matches for maharsha dibur hamatchil הרי in gemara 67a
did not find any matches for maharsha dibur hamatchil מבעיא in gemara 67a
did not find any matches for maharsha dibur hamatchil בד"ה in rashi 68a
did not find any matches for maharsha dibur hamatchil באומר in gemara 70a
did not find any matches for maharsha dibur hamatchil ויקניטנה in gemara 72b
did not find any matches for maharsha dibur hamatchil שאין in gemara 72a
did not find any matches for maharsha dibur hamatchil תאמר in gemara 73b
did not find any matches for maharsha dibur hamatchil טעמא in gemara 73b
did not find any matches for maharsha dibur hamatchil קשה in gemara 73b
did not find any matches for maharsha dibur hamatchil קידושין in gemara 73b
did not find any matches for maharsha dibur hamatchil הכא in gemara 73a
did not find any matches for maharsha dibur hamatchil צריכה in gemara 74b
did not find any matches for maharsha dibur hamatchil פליגי in gemara 74b
did not find any matches for maharsha dibur hamatchil לרב in gemara 74b
did not find any matches for maharsha dibur hamatchil סברא in gemara 74b
did not find any matches for maharsha dibur hamatchil ממאנת in gemara 74a
did not find any matches for maharsha dibur hamatchil תקשי in gemara 74a
found 2 matches for maharsha dibur hamatchil כו in gemara 74a
did not find any matches for maharsha dibur hamatchil מנה in gemara 76b
found 4 matches for maharsha dibur hamatchil בעל in gemara 76b
did not find any matches for maharsha dibur hamatchil היכי in gemara 76b
did not find any matches for maharsha dibur hamatchil לתקפו in gemara 76a
did not find any matches for maharsha dibur hamatchil זה in gemara 76a
found 3 matches for maharsha dibur hamatchil נשא in gemara 77a
found 18 matches for maharsha dibur hamatchil לא in gemara 77a
did not find any matches for maharsha dibur hamatchil להקשות in gemara 78b
did not find any matches for maharsha dibur hamatchil כו in gemara 78b
did not find any matches for maharsha dibur hamatchil לר"ת in gemara 78b
did not find any matches for maharsha dibur hamatchil קמא in gemara 78b
did not find any matches for maharsha dibur hamatchil כר"י in gemara 78a
did not find any matches for maharsha dibur hamatchil ואי in rashi 79b
did not find any matches for maharsha dibur hamatchil כמאן in gemara 79a
did not find any matches for maharsha dibur hamatchil דפירא in gemara 79a
did not find any matches for maharsha dibur hamatchil ערלה in gemara 80b
did not find any matches for maharsha dibur hamatchil דתנא in gemara 80b
did not find any matches for maharsha dibur hamatchil אינו in gemara 80a
did not find any matches for maharsha dibur hamatchil הבעל in gemara 80a
did not find any matches for maharsha dibur hamatchil לומר in gemara 80a
did not find any matches for maharsha dibur hamatchil בעינן in gemara 81b
did not find any matches for maharsha dibur hamatchil שימכור in gemara 81b
did not find any matches for maharsha dibur hamatchil תקינו in gemara 81b
did not find any matches for maharsha dibur hamatchil בד"ה in rashi 81a
did not find any matches for maharsha dibur hamatchil עצה in gemara 81a
did not find any matches for maharsha dibur hamatchil היא in gemara 81a
did not find any matches for maharsha dibur hamatchil תני in rashi 82b
did not find any matches for maharsha dibur hamatchil היו in gemara 82a
did not find any matches for maharsha dibur hamatchil מייתי in gemara 83b
found 17 matches for maharsha dibur hamatchil רב in gemara 84b
found 6 matches for maharsha dibur hamatchil סבר in gemara 84b
did not find any matches for maharsha dibur hamatchil ינתנו in rashi 84b
did not find any matches for maharsha dibur hamatchil ואיידי in gemara 84b
did not find any matches for maharsha dibur hamatchil שתפס in gemara 84a
did not find any matches for maharsha dibur hamatchil ר"י in gemara 84a
did not find any matches for maharsha dibur hamatchil קרענא in rashi 85b
did not find any matches for maharsha dibur hamatchil שעה in gemara 85b
did not find any matches for maharsha dibur hamatchil בפרק in gemara 85a
did not find any matches for maharsha dibur hamatchil מיירי in gemara 85a
did not find any matches for maharsha dibur hamatchil דהבא in gemara 85a
found 13 matches for maharsha dibur hamatchil לא in gemara 86b
did not find any matches for maharsha dibur hamatchil תוקמא in gemara 87b
did not find any matches for maharsha dibur hamatchil ואלו in gemara 87a
found 5 matches for maharsha dibur hamatchil אין in gemara 87a
did not find any matches for maharsha dibur hamatchil לידי in rashi 88b
did not find any matches for maharsha dibur hamatchil למאן in gemara 88b
found 2 matches for maharsha dibur hamatchil כו in gemara 88a
did not find any matches for maharsha dibur hamatchil מדר"א in gemara 88a
did not find any matches for maharsha dibur hamatchil לדקדק in gemara 88a
did not find any matches for maharsha dibur hamatchil גט in gemara 88a
did not find any matches for maharsha dibur hamatchil תגבה in gemara 89b
did not find any matches for maharsha dibur hamatchil יכתבו in gemara 89b
found 11 matches for maharsha dibur hamatchil לי in gemara 89b
did not find any matches for maharsha dibur hamatchil כותבין in gemara 89b
found 10 matches for maharsha dibur hamatchil גובה in gemara 89b
did not find any matches for maharsha dibur hamatchil מנלן in rashi 89a
did not find any matches for maharsha dibur hamatchil גיטין in gemara 89a
did not find any matches for maharsha dibur hamatchil זה in gemara 90b
did not find any matches for maharsha dibur hamatchil כגון in gemara 91b
did not find any matches for maharsha dibur hamatchil דזבנה in rashi 91a
did not find any matches for maharsha dibur hamatchil שמכר in gemara 91a
did not find any matches for maharsha dibur hamatchil במלוה in gemara 91a
did not find any matches for maharsha dibur hamatchil ופייסיה in rashi 92b
did not find any matches for maharsha dibur hamatchil אם in gemara 92b
found 2 matches for maharsha dibur hamatchil דלא in gemara 92a
did not find any matches for maharsha dibur hamatchil הוי in gemara 93b
found 2 matches for maharsha dibur hamatchil אפילו in gemara 93b
did not find any matches for maharsha dibur hamatchil הא in gemara 93b
did not find any matches for maharsha dibur hamatchil בחיישינן in gemara 94b
did not find any matches for maharsha dibur hamatchil תאמר in gemara 94b
did not find any matches for maharsha dibur hamatchil נטעה in gemara 94b
did not find any matches for maharsha dibur hamatchil לראשון in gemara 98b
found 5 matches for maharsha dibur hamatchil כו in gemara 96b
found 2 matches for maharsha dibur hamatchil שלא in gemara 96b
did not find any matches for maharsha dibur hamatchil תאמר in gemara 96b
did not find any matches for maharsha dibur hamatchil בד"ה in rashi 96a
did not find any matches for maharsha dibur hamatchil דמי in gemara 96a
did not find any matches for maharsha dibur hamatchil עליה in gemara 96a
did not find any matches for maharsha dibur hamatchil דלמא in gemara 97b
did not find any matches for maharsha dibur hamatchil בד"ה in rashi 97a
found 9 matches for maharsha dibur hamatchil כו in gemara 97a
did not find any matches for maharsha dibur hamatchil בקנס in gemara 97a
did not find any matches for maharsha dibur hamatchil מאן in gemara 98b
found 2 matches for maharsha dibur hamatchil כו in gemara 98b
did not find any matches for maharsha dibur hamatchil כאן in gemara 98a
found 5 matches for maharsha dibur hamatchil לה in gemara 98a
found 7 matches for maharsha dibur hamatchil לו in gemara 99b
found 8 matches for maharsha dibur hamatchil של in gemara 99b
did not find any matches for maharsha dibur hamatchil מעביר in gemara 99b
did not find any matches for maharsha dibur hamatchil דהוה in gemara 99b
found 10 matches for maharsha dibur hamatchil אמר in gemara 99a
did not find any matches for maharsha dibur hamatchil מוקי in gemara 99a
found 4 matches for maharsha dibur hamatchil רב in gemara 99a
found 2 matches for maharsha dibur hamatchil האי in gemara 99a
did not find any matches for maharsha dibur hamatchil עשרה in gemara 99a
did not find any matches for maharsha dibur hamatchil אלא in gemara 100a
did not find any matches for maharsha dibur hamatchil לפרש in gemara 101b
did not find any matches for maharsha dibur hamatchil ר"ח in gemara 101b
did not find any matches for maharsha dibur hamatchil חייב in gemara 101a
did not find any matches for maharsha dibur hamatchil לזונה in gemara 101a
did not find any matches for maharsha dibur hamatchil אינו in gemara 102b
found 4 matches for maharsha dibur hamatchil כו in gemara 102b
found 19 matches for maharsha dibur hamatchil אי in gemara 102b
did not find any matches for maharsha dibur hamatchil הביא in gemara 102b
did not find any matches for maharsha dibur hamatchil בשקנו in gemara 102a
did not find any matches for maharsha dibur hamatchil צררי in gemara 102a
did not find any matches for maharsha dibur hamatchil הבית in gemara 103b
found 4 matches for maharsha dibur hamatchil בת in gemara 104b
found 15 matches for maharsha dibur hamatchil אי in gemara 104b
found 23 matches for maharsha dibur hamatchil אמר in gemara 104a
did not find any matches for maharsha dibur hamatchil למאן in gemara 105a
did not find any matches for maharsha dibur hamatchil מומין in gemara 106b
did not find any matches for maharsha dibur hamatchil כנגד in gemara 106b
did not find any matches for maharsha dibur hamatchil תימה in gemara 106b
did not find any matches for maharsha dibur hamatchil וכי in gemara 106a
did not find any matches for maharsha dibur hamatchil לדם in gemara 106a
did not find any matches for maharsha dibur hamatchil בב"ק in gemara 106a
found 7 matches for maharsha dibur hamatchil כו in gemara 107b
found 4 matches for maharsha dibur hamatchil שמואל in gemara 107b
found 6 matches for maharsha dibur hamatchil בא in gemara 107b
did not find any matches for maharsha dibur hamatchil פסקא in gemara 107b
found 2 matches for maharsha dibur hamatchil חלה in gemara 107a
did not find any matches for maharsha dibur hamatchil ראיה in gemara 108b
did not find any matches for maharsha dibur hamatchil מינה in gemara 108a
did not find any matches for maharsha dibur hamatchil כו in gemara 108a
did not find any matches for maharsha dibur hamatchil בד"א in rashi 109b
did not find any matches for maharsha dibur hamatchil סברי in gemara 109a
did not find any matches for maharsha dibur hamatchil ומ"ס in rashi 110b
did not find any matches for maharsha dibur hamatchil לימא in gemara 110b
did not find any matches for maharsha dibur hamatchil דאית in gemara 110b
found 2 matches for maharsha dibur hamatchil ואין in gemara 110a
did not find any matches for maharsha dibur hamatchil אומרת in gemara 110a
did not find any matches for maharsha dibur hamatchil נסכא in gemara 110a
did not find any matches for maharsha dibur hamatchil כתיב. in gemara 111b
found 10 matches for maharsha dibur hamatchil את in gemara 111b
found 6 matches for maharsha dibur hamatchil על in gemara 111b
did not find any matches for maharsha dibur hamatchil נשא in gemara 111b
did not find any matches for maharsha dibur hamatchil בבבל in gemara 111b
did not find any matches for maharsha dibur hamatchil כו. in gemara 111b
did not find any matches for maharsha dibur hamatchil וקברתני in gemara 111b
did not find any matches for maharsha dibur hamatchil היה in gemara 111b
found 6 matches for maharsha dibur hamatchil דברים in gemara 111b
did not find any matches for maharsha dibur hamatchil כזאת in gemara 111b
did not find any matches for maharsha dibur hamatchil @33ר in gemara 111a
found 8 matches for maharsha dibur hamatchil כו in gemara 111a
did not find any matches for maharsha dibur hamatchil שתתמר in gemara 111a
did not find any matches for maharsha dibur hamatchil כליות in gemara 111a
found 2 matches for maharsha dibur hamatchil אינו in gemara 111a
did not find any matches for maharsha dibur hamatchil בעיניך in gemara 111a
did not find any matches for maharsha dibur hamatchil דאפגרת in gemara 111a
did not find any matches for maharsha dibur hamatchil הדדי in gemara 111a
did not find any matches for maharsha dibur hamatchil ר"א in gemara 112b
did not find any matches for maharsha dibur hamatchil בבקעת in gemara 112b
did not find any matches for maharsha dibur hamatchil מעולה in gemara 112b
did not find any matches for maharsha dibur hamatchil בטרשים in gemara 112b
did not find any matches for maharsha dibur hamatchil כו in gemara 112b
did not find any matches for maharsha dibur hamatchil כו in gemara 112b
did not find any matches for maharsha dibur hamatchil למה in gemara 112b
did not find any matches for maharsha dibur hamatchil ודבש in gemara 112b
did not find any matches for maharsha dibur hamatchil וגו in gemara 112b
did not find any matches for maharsha dibur hamatchil כיפי in gemara 112b
did not find any matches for maharsha dibur hamatchil כו. in gemara 112a
did not find any matches for maharsha dibur hamatchil צירוף in gemara 112a
did not find any matches for maharsha dibur hamatchil אילני in gemara 112a
