Error: Mishna did not reach the end of chapter! Mishnah_Berakhot 4
Error: Mishna did not reach the end of chapter! Mishnah_Berakhot 5
Error: Mishna did not reach the end of chapter! Mishnah_Berakhot 7
Error: Mishna did not reach the end of chapter! Mishnah_Shabbat 8
Error: Mishna did not reach the end of chapter! Mishnah_Shabbat 16
Error: Mishna did not reach the end of chapter! Mishnah_Eruvin 1
Error: Mishna did not reach the end of chapter! Mishnah_Eruvin 3
Error: Mishna did not reach the end of chapter! Mishnah_Eruvin 5
Error: Mishna did not reach the end of chapter! Mishnah_Eruvin 6
Error: Mishna did not reach the end of chapter! Mishnah_Eruvin 7
Error: Mishna did not reach the end of chapter! Mishnah_Pesachim 1
Error: Mishna did not reach the end of chapter! Mishnah_Pesachim 4
Error: Mishna did not reach the end of chapter! Mishnah_Pesachim 9
Error: Mishna did not reach the end of chapter! Mishnah_Yoma 3
Error: Mishna did not reach the end of chapter! Mishnah_Yoma 4
Error: Mishna did not reach the end of chapter! Mishnah_Yoma 5
Error: Mishna did not reach the end of chapter! Mishnah_Sukkah 1
Error: Mishna did not reach the end of chapter! Mishnah_Sukkah 4
Error: Mishna did not reach the end of chapter! Mishnah_Sukkah 5
Error: Mishna did not reach the end of chapter! Mishnah_Rosh_Hashanah 3
Error: Mishna did not reach the end of chapter! Mishnah_Rosh_Hashanah 4
Error: Mishna did not reach the end of chapter! Mishnah_Megillah 1
Error: Mishna did not reach the end of chapter! Mishnah_Megillah 4
Error: Mishna did not reach the end of chapter! Mishnah_Chagigah 3
Error: Mishna did not reach the end of chapter! Mishnah_Yevamot 4
Error: Mishna did not reach the end of chapter! Mishnah_Yevamot 5
Error: Mishna did not reach the end of chapter! Mishnah_Yevamot 7
Error: Mishna did not reach the end of chapter! Mishnah_Yevamot 13
Error: Mishna did not reach the end of chapter! Mishnah_Yevamot 14
Error: Mishna did not reach the end of chapter! Mishnah_Yevamot 16
Error: Mishna did not reach the end of chapter! Mishnah_Ketubot 1
Error: Mishna did not reach the end of chapter! Mishnah_Ketubot 4
Error: Mishna did not reach the end of chapter! Mishnah_Ketubot 7
Error: Mishna did not reach the end of chapter! Mishnah_Ketubot 8
Error: Mishna did not reach the end of chapter! Mishnah_Ketubot 9
Error: Mishna did not reach the end of chapter! Mishnah_Ketubot 12
Error: Mishna did not reach the end of chapter! Mishnah_Nedarim 1
Error: Mishna did not reach the end of chapter! Mishnah_Nedarim 2
Error: Mishna did not reach the end of chapter! Mishnah_Nedarim 3
Error: Mishna did not reach the end of chapter! Mishnah_Nedarim 6
Error: Mishna did not reach the end of chapter! Mishnah_Nedarim 9
Error: Mishna did not reach the end of chapter! Mishnah_Nedarim 10
Error: Mishna did not reach the end of chapter! Mishnah_Nedarim 11
Error: Mishna did not reach the end of chapter! Mishnah_Nazir 3
Error: Mishna did not reach the end of chapter! Mishnah_Nazir 4
Error: Mishna did not reach the end of chapter! Mishnah_Nazir 6
Error: Mishna did not reach the end of chapter! Mishnah_Nazir 7
Error: Mishna did not reach the end of chapter! Mishnah_Sotah 6
Error: Mishna did not reach the end of chapter! Mishnah_Sotah 8
Error: Mishna did not reach the end of chapter! Mishnah_Sotah 9
Error: Mishna did not reach the end of chapter! Mishnah_Gittin 4
Error: Mishna did not reach the end of chapter! Mishnah_Gittin 6
Error: Mishna did not reach the end of chapter! Mishnah_Kiddushin 1
Error: Mishna did not reach the end of chapter! Mishnah_Kiddushin 3
Error: Mishna did not reach the end of chapter! Mishnah_Kiddushin 4
Error: Mishna did not reach the end of chapter! Mishnah_Bava_Kamma 2
Error: Mishna did not reach the end of chapter! Mishnah_Bava_Kamma 7
Error: Mishna did not reach the end of chapter! Mishnah_Bava_Kamma 8
Error: Mishna did not reach the end of chapter! Mishnah_Bava_Kamma 9
Error: Mishna did not reach the end of chapter! Mishnah_Bava_Metzia 3
Error: Mishna did not reach the end of chapter! Mishnah_Bava_Metzia 4
Error: Mishna did not reach the end of chapter! Mishnah_Bava_Metzia 5
Error: Mishna did not reach the end of chapter! Mishnah_Bava_Metzia 8
Error: Mishna did not reach the end of chapter! Mishnah_Sanhedrin 3
Error: Mishna did not reach the end of chapter! Mishnah_Makkot 1
Error: Mishna did not reach the end of chapter! Mishnah_Shevuot 4
Error: Mishna did not reach the end of chapter! Mishnah_Shevuot 5
Error: Mishna did not reach the end of chapter! Mishnah_Avodah_Zarah 1
Error: Mishna did not reach the end of chapter! Mishnah_Avodah_Zarah 3
Error: Mishna did not reach the end of chapter! Mishnah_Avodah_Zarah 5
Error: Mishna did not reach the end of chapter! Mishnah_Horayot 2
Error: Mishna did not reach the end of chapter! Mishnah_Horayot 3
Error: Mishna did not reach the end of chapter! Mishnah_Zevachim 3
Error: Mishna did not reach the end of chapter! Mishnah_Zevachim 4
Error: Mishna did not reach the end of chapter! Mishnah_Zevachim 7
Error: Mishna did not reach the end of chapter! Mishnah_Zevachim 8
Error: Mishna did not reach the end of chapter! Mishnah_Zevachim 11
Error: Mishna did not reach the end of chapter! Mishnah_Zevachim 12
Error: Mishna did not reach the end of chapter! Mishnah_Zevachim 13
Error: Mishna did not reach the end of chapter! Mishnah_Menachot 1
Error: Mishna did not reach the end of chapter! Mishnah_Menachot 2
Error: Mishna did not reach the end of chapter! Mishnah_Menachot 10
Error: Mishna did not reach the end of chapter! Mishnah_Menachot 8
Error: Mishna did not reach the end of chapter! Mishnah_Menachot 13
Error: Mishna did not reach the end of chapter! Mishnah_Chullin 2
Error: Mishna did not reach the end of chapter! Mishnah_Chullin 5
Error: Mishna did not reach the end of chapter! Mishnah_Bekhorot 1
Error: Mishna did not reach the end of chapter! Mishnah_Bekhorot 2
Error: Mishna did not reach the end of chapter! Mishnah_Bekhorot 3
Error: Mishna did not reach the end of chapter! Mishnah_Bekhorot 9
Error: Mishna did not reach the end of chapter! Mishnah_Arakhin 1
Error: Mishna did not reach the end of chapter! Mishnah_Arakhin 5
Error: Mishna did not reach the end of chapter! Mishnah_Arakhin 8
Error: Mishna did not reach the end of chapter! Mishnah_Temurah 1
Error: Mishna did not reach the end of chapter! Mishnah_Temurah 2
Error: Mishna did not reach the end of chapter! Mishnah_Temurah 4
Error: Mishna did not reach the end of chapter! Mishnah_Keritot 5
Error: Mishna did not reach the end of chapter! Mishnah_Keritot 6
Error: Mishna did not reach the end of chapter! Mishnah_Meilah 1
Error: Mishna did not reach the end of chapter! Mishnah_Meilah 2
Error: Mishna did not reach the end of chapter! Mishnah_Meilah 4
Error: Mishna did not reach the end of chapter! Mishnah_Tamid 1
Error: Mishna did not reach the end of chapter! Mishnah_Tamid 6
