found 12 matches for maharsha dibur hamatchil אי in gemara 3a
found 3 matches for maharsha dibur hamatchil לן in gemara 4b
found 11 matches for maharsha dibur hamatchil או in gemara 6a
found 3 matches for maharsha dibur hamatchil רוב in gemara 6b
found 4 matches for maharsha dibur hamatchil כר in gemara 9b
found 2 matches for maharsha dibur hamatchil לבן in gemara 11b
found 2 matches for maharsha dibur hamatchil כו in gemara 12b
found 3 matches for maharsha dibur hamatchil אילימא in gemara 13b
found 9 matches for maharsha dibur hamatchil בין in gemara 13b
found 2 matches for maharsha dibur hamatchil דהא in rashi 14a
did not find any matches for maharsha dibur hamatchil וצרין in gemara 14a
found 3 matches for maharsha dibur hamatchil ובחמישי in gemara 14b
found 4 matches for maharsha dibur hamatchil מטין in gemara 14b
found 8 matches for maharsha dibur hamatchil של in gemara 16a
did not find any matches for maharsha dibur hamatchil בד"ה in rashi 17a
found 6 matches for maharsha dibur hamatchil לשתות in gemara 17a
found 2 matches for maharsha dibur hamatchil אף in gemara 17b
found 2 matches for maharsha dibur hamatchil כו in gemara 18b
did not find any matches for maharsha dibur hamatchil לכאן in Tosafot 19a
found 2 matches for maharsha dibur hamatchil נשבה in gemara 23a
did not find any matches for maharsha dibur hamatchil מנקיט in gemara 23b
did not find any matches for maharsha dibur hamatchil בזה in gemara 24b
found 9 matches for maharsha dibur hamatchil יש in gemara 25a
did not find any matches for maharsha dibur hamatchil כו in gemara 26a
did not find any matches for maharsha dibur hamatchil בני in Tosafot 28a
did not find any matches for maharsha dibur hamatchil בד"ה in gemara 28b
did not find any matches for maharsha dibur hamatchil כו in Tosafot 30b
found 9 matches for maharsha dibur hamatchil אמר in gemara 30a
did not find any matches for maharsha dibur hamatchil כלו in Tosafot 30a
