did not find any matches for maharsha dibur hamatchil והא in rashi 2a
did not find any matches for maharsha dibur hamatchil נראה in gemara 2b
found 2 matches for maharsha dibur hamatchil מעתה in gemara 2b
found 3 matches for maharsha dibur hamatchil חלל in gemara 3b
found 2 matches for maharsha dibur hamatchil כדי in gemara 4a
did not find any matches for maharsha dibur hamatchil מקום in gemara 4a
did not find any matches for maharsha dibur hamatchil בא"ד in gemara 4b
found 7 matches for maharsha dibur hamatchil מה in gemara 4b
found 11 matches for maharsha dibur hamatchil אי in gemara 4b
did not find any matches for maharsha dibur hamatchil לו in gemara 5a
found 3 matches for maharsha dibur hamatchil במבוי in gemara 5b
found 2 matches for maharsha dibur hamatchil נמי in gemara 5b
did not find any matches for maharsha dibur hamatchil דבריהם in gemara 5b
did not find any matches for maharsha dibur hamatchil שמעיה in gemara 6a
found 3 matches for maharsha dibur hamatchil בעשר in gemara 6a
found 7 matches for maharsha dibur hamatchil אי in gemara 6a
found 2 matches for maharsha dibur hamatchil וקורה in gemara 6a
did not find any matches for maharsha dibur hamatchil מהני in gemara 6b
found 2 matches for maharsha dibur hamatchil בו in gemara 7a
did not find any matches for maharsha dibur hamatchil קמיפלגי in gemara 7b
found 2 matches for maharsha dibur hamatchil כלה in gemara 7b
did not find any matches for maharsha dibur hamatchil בנפרצה in gemara 7b
did not find any matches for maharsha dibur hamatchil דלא in gemara 7b
did not find any matches for maharsha dibur hamatchil ואותיבו in rashi 5a
did not find any matches for maharsha dibur hamatchil ולרבה in gemara 5b
did not find any matches for maharsha dibur hamatchil כשמואל in gemara 5b
did not find any matches for maharsha dibur hamatchil מודים in gemara 5b
found 2 matches for maharsha dibur hamatchil כו in gemara 9a
did not find any matches for maharsha dibur hamatchil ולרשב"ג in gemara 9b
did not find any matches for maharsha dibur hamatchil שצדו in gemara 9b
found 3 matches for maharsha dibur hamatchil כו in gemara 9b
did not find any matches for maharsha dibur hamatchil בד"ה in gemara 10a
found 6 matches for maharsha dibur hamatchil פס in gemara 10a
did not find any matches for maharsha dibur hamatchil יעשה in gemara 10a
found 2 matches for maharsha dibur hamatchil כו in gemara 10a
did not find any matches for maharsha dibur hamatchil הואיל in gemara 11b
did not find any matches for maharsha dibur hamatchil איתיביה in gemara 12a
did not find any matches for maharsha dibur hamatchil זה in gemara 13b
found 2 matches for maharsha dibur hamatchil על in gemara 13a
found 6 matches for maharsha dibur hamatchil לו in gemara 13a
did not find any matches for maharsha dibur hamatchil רחבה in gemara 14b
did not find any matches for maharsha dibur hamatchil לר"ת in gemara 14b
did not find any matches for maharsha dibur hamatchil בד"ה in rashi 14a
did not find any matches for maharsha dibur hamatchil ונקע in gemara 15b
did not find any matches for maharsha dibur hamatchil ורבנן in gemara 15a
did not find any matches for maharsha dibur hamatchil כעומד in gemara 15a
did not find any matches for maharsha dibur hamatchil גרס in gemara 15a
did not find any matches for maharsha dibur hamatchil כנגד in rashi 16b
found 3 matches for maharsha dibur hamatchil כו in gemara 16b
did not find any matches for maharsha dibur hamatchil ידיהן in gemara 17b
did not find any matches for maharsha dibur hamatchil לר"י in gemara 17b
did not find any matches for maharsha dibur hamatchil דהמ"ל in gemara 18a
found 4 matches for maharsha dibur hamatchil קתני in gemara 18a
did not find any matches for maharsha dibur hamatchil מהו in rashi 19b
did not find any matches for maharsha dibur hamatchil ופסין in gemara 22b
did not find any matches for maharsha dibur hamatchil והאמר in gemara 22b
did not find any matches for maharsha dibur hamatchil אילימא in gemara 22a
did not find any matches for maharsha dibur hamatchil מעלות in gemara 22a
found 2 matches for maharsha dibur hamatchil לאו in gemara 22a
did not find any matches for maharsha dibur hamatchil אצטריך in gemara 23a
did not find any matches for maharsha dibur hamatchil היכי in gemara 23a
did not find any matches for maharsha dibur hamatchil במלתא in gemara 23a
did not find any matches for maharsha dibur hamatchil הוצרך in gemara 23a
did not find any matches for maharsha dibur hamatchil כיון in gemara 23a
did not find any matches for maharsha dibur hamatchil אלא in rashi 23a
found 3 matches for maharsha dibur hamatchil בית in gemara 23a
found 5 matches for maharsha dibur hamatchil לא in gemara 24b
did not find any matches for maharsha dibur hamatchil וכי in gemara 25a
did not find any matches for maharsha dibur hamatchil נוכל in gemara 25a
did not find any matches for maharsha dibur hamatchil כשתמצי in gemara 26a
did not find any matches for maharsha dibur hamatchil שנישא in gemara 27b
did not find any matches for maharsha dibur hamatchil ה"א in gemara 27a
did not find any matches for maharsha dibur hamatchil הקשה in gemara 27a
did not find any matches for maharsha dibur hamatchil ולענין in gemara 25a
did not find any matches for maharsha dibur hamatchil עניים in gemara 29a
did not find any matches for maharsha dibur hamatchil ארשב"א in gemara 30b
did not find any matches for maharsha dibur hamatchil סבר in gemara 30a
did not find any matches for maharsha dibur hamatchil דבענין in gemara 31b
did not find any matches for maharsha dibur hamatchil אתמר in gemara 31a
did not find any matches for maharsha dibur hamatchil ששת in gemara 32b
did not find any matches for maharsha dibur hamatchil שהכלכלה in gemara 33a
did not find any matches for maharsha dibur hamatchil כ"ש in gemara 33a
found 4 matches for maharsha dibur hamatchil שהוא in gemara 34b
did not find any matches for maharsha dibur hamatchil נימא in gemara 34b
did not find any matches for maharsha dibur hamatchil ושקיל in gemara 34b
did not find any matches for maharsha dibur hamatchil והאורבנין in gemara 34a
found 3 matches for maharsha dibur hamatchil ספק in gemara 35a
did not find any matches for maharsha dibur hamatchil וא"ת in gemara 36b
found 38 matches for maharsha dibur hamatchil ר in gemara 37b
found 2 matches for maharsha dibur hamatchil מאי in gemara 37a
did not find any matches for maharsha dibur hamatchil ואומר in rashi 38b
did not find any matches for maharsha dibur hamatchil דרב in gemara 38a
did not find any matches for maharsha dibur hamatchil חכמים in gemara 39b
did not find any matches for maharsha dibur hamatchil וי"ט in gemara 40b
did not find any matches for maharsha dibur hamatchil לזלזולי in rashi 40b
did not find any matches for maharsha dibur hamatchil דמדמי in gemara 40b
found 2 matches for maharsha dibur hamatchil אית in gemara 40a
did not find any matches for maharsha dibur hamatchil די"ט in gemara 41b
did not find any matches for maharsha dibur hamatchil ומטלטל in rashi 42b
found 2 matches for maharsha dibur hamatchil אימא in gemara 42a
did not find any matches for maharsha dibur hamatchil טלטול in rashi 42a
did not find any matches for maharsha dibur hamatchil קאמר in gemara 43b
did not find any matches for maharsha dibur hamatchil דאפילו in gemara 43b
did not find any matches for maharsha dibur hamatchil תנא in gemara 43a
found 4 matches for maharsha dibur hamatchil רבא in gemara 43a
did not find any matches for maharsha dibur hamatchil ומה in rashi 44a
did not find any matches for maharsha dibur hamatchil בד"ה in rashi 45a
did not find any matches for maharsha dibur hamatchil דאפילו in gemara 46b
found 2 matches for maharsha dibur hamatchil ואמר in gemara 46a
did not find any matches for maharsha dibur hamatchil הנשים in rashi 47b
did not find any matches for maharsha dibur hamatchil ברחוקין in gemara 47a
did not find any matches for maharsha dibur hamatchil לשון in gemara 47a
found 2 matches for maharsha dibur hamatchil שלש in gemara 45b
did not find any matches for maharsha dibur hamatchil קתני in gemara 45a
did not find any matches for maharsha dibur hamatchil אף in rashi 49b
did not find any matches for maharsha dibur hamatchil לתחתיו in gemara 49a
did not find any matches for maharsha dibur hamatchil מעשר in gemara 50b
did not find any matches for maharsha dibur hamatchil דליתה in rashi 50b
did not find any matches for maharsha dibur hamatchil כיון in gemara 51a
did not find any matches for maharsha dibur hamatchil עשירים in gemara 51a
did not find any matches for maharsha dibur hamatchil כיון in rashi 52b
did not find any matches for maharsha dibur hamatchil אכל in gemara 52b
found 2 matches for maharsha dibur hamatchil תניא in gemara 52a
found 2 matches for maharsha dibur hamatchil שיש in gemara 55b
did not find any matches for maharsha dibur hamatchil פני in rashi 56a
did not find any matches for maharsha dibur hamatchil משכחת in gemara 56a
found 9 matches for maharsha dibur hamatchil לא in gemara 56a
found 9 matches for maharsha dibur hamatchil אמר in gemara 56b
did not find any matches for maharsha dibur hamatchil להר in gemara 58a
found 2 matches for maharsha dibur hamatchil שלא in gemara 58a
did not find any matches for maharsha dibur hamatchil דדוקא in gemara 58b
did not find any matches for maharsha dibur hamatchil דאוקימנא in gemara 58b
found 2 matches for maharsha dibur hamatchil דקה in gemara 59b
did not find any matches for maharsha dibur hamatchil פירא in rashi 60a
found 2 matches for maharsha dibur hamatchil העשויה in gemara 61a
found 2 matches for maharsha dibur hamatchil אף in rashi 61b
did not find any matches for maharsha dibur hamatchil כך in gemara 62a
found 4 matches for maharsha dibur hamatchil של in gemara 62a
did not find any matches for maharsha dibur hamatchil היה in gemara 63b
did not find any matches for maharsha dibur hamatchil כיון in gemara 63b
did not find any matches for maharsha dibur hamatchil התוס in gemara 63b
did not find any matches for maharsha dibur hamatchil כיון in gemara 64a
found 8 matches for maharsha dibur hamatchil אל in gemara 64a
found 6 matches for maharsha dibur hamatchil כו in gemara 64b
found 2 matches for maharsha dibur hamatchil איקלעו in gemara 65b
found 2 matches for maharsha dibur hamatchil על in gemara 65b
did not find any matches for maharsha dibur hamatchil דמסיק in gemara 66a
found 4 matches for maharsha dibur hamatchil אין in rashi 66b
did not find any matches for maharsha dibur hamatchil לחצרות in gemara 66b
found 6 matches for maharsha dibur hamatchil נתנו in gemara 66b
found 4 matches for maharsha dibur hamatchil עירובן in gemara 66b
did not find any matches for maharsha dibur hamatchil כר"א in gemara 67a
found 4 matches for maharsha dibur hamatchil יש in gemara 67b
found 3 matches for maharsha dibur hamatchil קנסו in gemara 68b
did not find any matches for maharsha dibur hamatchil בברייתא in gemara 68b
did not find any matches for maharsha dibur hamatchil דלעיל in gemara 68b
found 4 matches for maharsha dibur hamatchil בין in gemara 69a
did not find any matches for maharsha dibur hamatchil למנקט in gemara 69a
did not find any matches for maharsha dibur hamatchil שאסרו in gemara 69a
did not find any matches for maharsha dibur hamatchil היה in gemara 69a
did not find any matches for maharsha dibur hamatchil אם in gemara 70a
found 20 matches for maharsha dibur hamatchil עירב in gemara 70a
found 7 matches for maharsha dibur hamatchil ורב in gemara 71b
found 2 matches for maharsha dibur hamatchil כו in gemara 71b
did not find any matches for maharsha dibur hamatchil כ"ע in gemara 71b
found 2 matches for maharsha dibur hamatchil דמו in gemara 73a
found 5 matches for maharsha dibur hamatchil שיתוף in gemara 73b
did not find any matches for maharsha dibur hamatchil בפתח in gemara 74a
did not find any matches for maharsha dibur hamatchil דלעיל in gemara 74b
did not find any matches for maharsha dibur hamatchil מהכא in gemara 74b
found 18 matches for maharsha dibur hamatchil א in gemara 74b
found 3 matches for maharsha dibur hamatchil קנו in gemara 76a
found 5 matches for maharsha dibur hamatchil אין in gemara 77a
found 3 matches for maharsha dibur hamatchil יוסף in gemara 78a
found 2 matches for maharsha dibur hamatchil בית in gemara 78b
did not find any matches for maharsha dibur hamatchil תוס in gemara 79a
found 3 matches for maharsha dibur hamatchil עירוב in gemara 80b
did not find any matches for maharsha dibur hamatchil בכלתו in gemara 80b
found 4 matches for maharsha dibur hamatchil אין in gemara 80b
did not find any matches for maharsha dibur hamatchil אורחא in gemara 80a
did not find any matches for maharsha dibur hamatchil לאפוקי in rashi 81b
did not find any matches for maharsha dibur hamatchil יאמרו in gemara 81a
did not find any matches for maharsha dibur hamatchil אימתי in gemara 82b
did not find any matches for maharsha dibur hamatchil כמה in rashi 83b
did not find any matches for maharsha dibur hamatchil בד"ה in rashi 83a
did not find any matches for maharsha dibur hamatchil מפרש in gemara 83a
did not find any matches for maharsha dibur hamatchil מאי in gemara 83a
did not find any matches for maharsha dibur hamatchil עירבו in gemara 83a
did not find any matches for maharsha dibur hamatchil זיז in rashi 84b
did not find any matches for maharsha dibur hamatchil כגון in gemara 84a
did not find any matches for maharsha dibur hamatchil דתוכו in gemara 84a
did not find any matches for maharsha dibur hamatchil התם in gemara 85a
did not find any matches for maharsha dibur hamatchil בד"ה in rashi 86a
did not find any matches for maharsha dibur hamatchil מצי in gemara 86a
did not find any matches for maharsha dibur hamatchil ותהוי in gemara 87a
found 2 matches for maharsha dibur hamatchil עשה in gemara 87a
did not find any matches for maharsha dibur hamatchil מארעא in gemara 87a
did not find any matches for maharsha dibur hamatchil דלא in gemara 87a
did not find any matches for maharsha dibur hamatchil גזל in gemara 88b
found 2 matches for maharsha dibur hamatchil סאתים in gemara 88a
did not find any matches for maharsha dibur hamatchil וקרפף in rashi 89b
did not find any matches for maharsha dibur hamatchil שאינן in gemara 89b
did not find any matches for maharsha dibur hamatchil ורה"י in gemara 90b
did not find any matches for maharsha dibur hamatchil שתי in gemara 90b
did not find any matches for maharsha dibur hamatchil דאמרינן in gemara 90a
did not find any matches for maharsha dibur hamatchil לעיל in gemara 90a
found 18 matches for maharsha dibur hamatchil רב in gemara 91b
did not find any matches for maharsha dibur hamatchil לחשך in gemara 91b
found 7 matches for maharsha dibur hamatchil גג in gemara 91a
did not find any matches for maharsha dibur hamatchil אר"י in gemara 92b
did not find any matches for maharsha dibur hamatchil דברי in gemara 93b
found 2 matches for maharsha dibur hamatchil רוחות in gemara 94a
did not find any matches for maharsha dibur hamatchil אמאי in gemara 94a
did not find any matches for maharsha dibur hamatchil בד"ה in rashi 94b
did not find any matches for maharsha dibur hamatchil תוס in gemara 95a
did not find any matches for maharsha dibur hamatchil ת"ק in rashi 95a
did not find any matches for maharsha dibur hamatchil בת in gemara 96b
did not find any matches for maharsha dibur hamatchil אבל in gemara 96a
did not find any matches for maharsha dibur hamatchil ס"ד in gemara 96a
found 3 matches for maharsha dibur hamatchil דלא in gemara 96a
found 10 matches for maharsha dibur hamatchil אמר in gemara 97b
did not find any matches for maharsha dibur hamatchil סתמא in gemara 97b
found 4 matches for maharsha dibur hamatchil של in gemara 97b
did not find any matches for maharsha dibur hamatchil החי in gemara 97a
found 5 matches for maharsha dibur hamatchil אמר in gemara 98b
did not find any matches for maharsha dibur hamatchil נימא in gemara 98a
did not find any matches for maharsha dibur hamatchil דלית in gemara 98a
did not find any matches for maharsha dibur hamatchil סבר in gemara 99b
did not find any matches for maharsha dibur hamatchil דכלים in gemara 99b
did not find any matches for maharsha dibur hamatchil אוכל in gemara 99b
did not find any matches for maharsha dibur hamatchil בד"ה in rashi 99a
did not find any matches for maharsha dibur hamatchil מן in gemara 99a
found 34 matches for maharsha dibur hamatchil ד in gemara 100a
found 2 matches for maharsha dibur hamatchil במתנה in gemara 100a
did not find any matches for maharsha dibur hamatchil כשהיה in rashi 101b
did not find any matches for maharsha dibur hamatchil ברה"ר in gemara 101a
did not find any matches for maharsha dibur hamatchil דלעיל in gemara 102b
did not find any matches for maharsha dibur hamatchil אמרן in gemara 102b
found 17 matches for maharsha dibur hamatchil לא in gemara 102b
did not find any matches for maharsha dibur hamatchil בד"ה in rashi 102a
did not find any matches for maharsha dibur hamatchil רטיה in gemara 102a
did not find any matches for maharsha dibur hamatchil שפירשה in gemara 102a
did not find any matches for maharsha dibur hamatchil ותפשוט in gemara 103a
did not find any matches for maharsha dibur hamatchil דלא in gemara 104b
did not find any matches for maharsha dibur hamatchil בד"ה in rashi 104a
