found 5 matches for maharsha dibur hamatchil פשט in rashi 2a
did not find any matches for maharsha dibur hamatchil במה in gemara 2a
did not find any matches for maharsha dibur hamatchil דלא in gemara 2a
did not find any matches for maharsha dibur hamatchil המבעיר in gemara 2a
did not find any matches for maharsha dibur hamatchil בע"ה in gemara 2a
did not find any matches for maharsha dibur hamatchil פירשנו in gemara 2a
did not find any matches for maharsha dibur hamatchil צריך in gemara 2a
did not find any matches for maharsha dibur hamatchil הכנסה in gemara 2a
did not find any matches for maharsha dibur hamatchil בד"ה in rashi 2b
did not find any matches for maharsha dibur hamatchil פטורים in gemara 3a
found 2 matches for maharsha dibur hamatchil גופו in gemara 3a
found 10 matches for maharsha dibur hamatchil מי in gemara 3b
found 23 matches for maharsha dibur hamatchil לא in gemara 3b
found 3 matches for maharsha dibur hamatchil זרק in gemara 4b
found 11 matches for maharsha dibur hamatchil חייב in gemara 5a
did not find any matches for maharsha dibur hamatchil ע"כ in gemara 0a
did not find any matches for maharsha dibur hamatchil ואמאי in gemara 0b
found 2 matches for maharsha dibur hamatchil קא in gemara 0b
found 2 matches for maharsha dibur hamatchil אלא in rashi 7a
did not find any matches for maharsha dibur hamatchil דלית in gemara 7a
found 3 matches for maharsha dibur hamatchil לאו in gemara 7b
did not find any matches for maharsha dibur hamatchil בד"ה in rashi 8b
did not find any matches for maharsha dibur hamatchil בד"ה in rashi 9b
did not find any matches for maharsha dibur hamatchil בד"ה in rashi 10b
found 5 matches for maharsha dibur hamatchil וכן in gemara 11b
found 2 matches for maharsha dibur hamatchil שאינו in gemara 12b
did not find any matches for maharsha dibur hamatchil כו in gemara 13a
found 2 matches for maharsha dibur hamatchil להו in gemara 14a
found 5 matches for maharsha dibur hamatchil שמאי in gemara 14b
did not find any matches for maharsha dibur hamatchil דקצת in gemara 14b
did not find any matches for maharsha dibur hamatchil בבאין in gemara 14b
did not find any matches for maharsha dibur hamatchil ספק in gemara 0b
did not find any matches for maharsha dibur hamatchil בגדי in gemara 0b
did not find any matches for maharsha dibur hamatchil תנן in gemara 0b
did not find any matches for maharsha dibur hamatchil מטהרין in gemara 0b
did not find any matches for maharsha dibur hamatchil רש"י in gemara 16a
did not find any matches for maharsha dibur hamatchil אתי in gemara 16a
found 3 matches for maharsha dibur hamatchil כו in gemara 17a
did not find any matches for maharsha dibur hamatchil רש"י in gemara 17b
found 2 matches for maharsha dibur hamatchil נותנין in gemara 17b
found 3 matches for maharsha dibur hamatchil גזירה in gemara 17a
did not find any matches for maharsha dibur hamatchil מגיס in gemara 17a
did not find any matches for maharsha dibur hamatchil בשרא in gemara 17a
did not find any matches for maharsha dibur hamatchil קצץ in gemara 19b
did not find any matches for maharsha dibur hamatchil שמן in gemara 19a
did not find any matches for maharsha dibur hamatchil כרכי in gemara 19a
found 3 matches for maharsha dibur hamatchil כו in gemara 20b
did not find any matches for maharsha dibur hamatchil דידן in gemara 20a
found 4 matches for maharsha dibur hamatchil מה in gemara 21b
did not find any matches for maharsha dibur hamatchil מצוה in gemara 21a
did not find any matches for maharsha dibur hamatchil מונח in gemara 21a
did not find any matches for maharsha dibur hamatchil למימרא in gemara 22b
did not find any matches for maharsha dibur hamatchil ובה in gemara 22a
did not find any matches for maharsha dibur hamatchil הוי in gemara 22a
found 22 matches for maharsha dibur hamatchil רב in gemara 22a
found 2 matches for maharsha dibur hamatchil כו in gemara 23b
did not find any matches for maharsha dibur hamatchil ה"ג in gemara 23a
did not find any matches for maharsha dibur hamatchil זה in gemara 23a
did not find any matches for maharsha dibur hamatchil על in gemara 24b
did not find any matches for maharsha dibur hamatchil איכא in gemara 24a
found 2 matches for maharsha dibur hamatchil שאין in gemara 24a
did not find any matches for maharsha dibur hamatchil היינו in gemara 25b
did not find any matches for maharsha dibur hamatchil חובה in gemara 25a
found 3 matches for maharsha dibur hamatchil דרב in gemara 25a
did not find any matches for maharsha dibur hamatchil למנקט in gemara 25a
did not find any matches for maharsha dibur hamatchil בד"ה in gemara 26a
did not find any matches for maharsha dibur hamatchil בק"ו in gemara 26a
did not find any matches for maharsha dibur hamatchil לרבות in gemara 26a
did not find any matches for maharsha dibur hamatchil מיעוטי in gemara 26a
found 4 matches for maharsha dibur hamatchil מטמא in gemara 27b
did not find any matches for maharsha dibur hamatchil תימה in gemara 27b
found 5 matches for maharsha dibur hamatchil הא in gemara 27b
did not find any matches for maharsha dibur hamatchil לעיל in gemara 25b
did not find any matches for maharsha dibur hamatchil לשרצים in gemara 25b
found 3 matches for maharsha dibur hamatchil מתיר in gemara 29b
did not find any matches for maharsha dibur hamatchil מכוונת in rashi 29b
did not find any matches for maharsha dibur hamatchil וסותר in gemara 31b
found 2 matches for maharsha dibur hamatchil שקורין in gemara 32a
did not find any matches for maharsha dibur hamatchil תימה in gemara 35a
found 5 matches for maharsha dibur hamatchil כו in gemara 35b
found 5 matches for maharsha dibur hamatchil כו in gemara 35b
did not find any matches for maharsha dibur hamatchil בד"ה in gemara 36b
found 14 matches for maharsha dibur hamatchil אומרים in gemara 36b
did not find any matches for maharsha dibur hamatchil ולבית in rashi 37a
found 5 matches for maharsha dibur hamatchil רבי in gemara 37b
did not find any matches for maharsha dibur hamatchil להשהות in gemara 37b
did not find any matches for maharsha dibur hamatchil בד"ה in gemara 38a
found 2 matches for maharsha dibur hamatchil פניו in gemara 39b
found 3 matches for maharsha dibur hamatchil מעשה in gemara 39b
did not find any matches for maharsha dibur hamatchil לאו in gemara 39b
found 14 matches for maharsha dibur hamatchil אי in gemara 41a
found 4 matches for maharsha dibur hamatchil מיחם in gemara 41b
found 2 matches for maharsha dibur hamatchil פינהו in gemara 41b
found 3 matches for maharsha dibur hamatchil עליו in gemara 43a
did not find any matches for maharsha dibur hamatchil דלדידיה in gemara 43a
did not find any matches for maharsha dibur hamatchil אמרו in gemara 43a
found 3 matches for maharsha dibur hamatchil ליה in gemara 43a
did not find any matches for maharsha dibur hamatchil נצוצות in gemara 43a
did not find any matches for maharsha dibur hamatchil תירגמה in gemara 43b
did not find any matches for maharsha dibur hamatchil שיש in gemara 43b
found 6 matches for maharsha dibur hamatchil טלטול in gemara 43b
did not find any matches for maharsha dibur hamatchil לפת in gemara 44a
did not find any matches for maharsha dibur hamatchil שהניחה in gemara 44b
did not find any matches for maharsha dibur hamatchil בשידה in gemara 44b
found 3 matches for maharsha dibur hamatchil אין in gemara 44b
found 2 matches for maharsha dibur hamatchil התנה in gemara 45a
did not find any matches for maharsha dibur hamatchil הב"ע in gemara 45b
did not find any matches for maharsha dibur hamatchil דאכתי in gemara 46a
did not find any matches for maharsha dibur hamatchil והתנן in gemara 46b
did not find any matches for maharsha dibur hamatchil דחזר in gemara 46b
found 4 matches for maharsha dibur hamatchil יימר in gemara 46b
found 4 matches for maharsha dibur hamatchil יימר in gemara 46b
did not find any matches for maharsha dibur hamatchil שניהם in gemara 48b
did not find any matches for maharsha dibur hamatchil מפרש in gemara 49a
found 4 matches for maharsha dibur hamatchil כנגד in gemara 49b
did not find any matches for maharsha dibur hamatchil בד"ה in rashi 3b
did not find any matches for maharsha dibur hamatchil עליו in gemara 3b
did not find any matches for maharsha dibur hamatchil מיירי in gemara 51a
did not find any matches for maharsha dibur hamatchil וקדירה in gemara 51b
found 3 matches for maharsha dibur hamatchil שאינה in gemara 53a
did not find any matches for maharsha dibur hamatchil והאנן in gemara 53b
did not find any matches for maharsha dibur hamatchil כו in gemara 53b
found 17 matches for maharsha dibur hamatchil אי in gemara 57b
found 8 matches for maharsha dibur hamatchil אמר in gemara 58b
did not find any matches for maharsha dibur hamatchil טעמא in gemara 59a
found 3 matches for maharsha dibur hamatchil מאן in gemara 59b
found 4 matches for maharsha dibur hamatchil יש in gemara 59b
found 2 matches for maharsha dibur hamatchil דלא in gemara 61a
did not find any matches for maharsha dibur hamatchil שיהיה in gemara 64a
found 2 matches for maharsha dibur hamatchil ובלבד in gemara 64b
found 6 matches for maharsha dibur hamatchil של in gemara 65a
found 3 matches for maharsha dibur hamatchil כו in gemara 66a
did not find any matches for maharsha dibur hamatchil שביעית in gemara 68b
did not find any matches for maharsha dibur hamatchil ביה in gemara 68b
did not find any matches for maharsha dibur hamatchil דלא in gemara 68b
did not find any matches for maharsha dibur hamatchil עונשו in gemara 68b
did not find any matches for maharsha dibur hamatchil בפי in gemara 68b
did not find any matches for maharsha dibur hamatchil האי in gemara 68a
did not find any matches for maharsha dibur hamatchil ליתני in rashi 68a
did not find any matches for maharsha dibur hamatchil בשבועה in gemara 69a
did not find any matches for maharsha dibur hamatchil כתבינהו in gemara 70b
found 8 matches for maharsha dibur hamatchil כו in gemara 70a
found 7 matches for maharsha dibur hamatchil לו in gemara 70a
did not find any matches for maharsha dibur hamatchil דנקט in gemara 70a
did not find any matches for maharsha dibur hamatchil קצירה in rashi 71b
did not find any matches for maharsha dibur hamatchil מכלל in gemara 71a
found 8 matches for maharsha dibur hamatchil כו in gemara 72b
did not find any matches for maharsha dibur hamatchil נתכוון in gemara 72a
found 7 matches for maharsha dibur hamatchil לא in gemara 72a
found 8 matches for maharsha dibur hamatchil אמר in gemara 72a
did not find any matches for maharsha dibur hamatchil לאו in gemara 73b
found 33 matches for maharsha dibur hamatchil ב in gemara 73b
did not find any matches for maharsha dibur hamatchil משום in rashi 73a
did not find any matches for maharsha dibur hamatchil עני in gemara 74b
found 2 matches for maharsha dibur hamatchil לה in gemara 74b
did not find any matches for maharsha dibur hamatchil ושדא in rashi 74b
did not find any matches for maharsha dibur hamatchil חלזון in gemara 75b
did not find any matches for maharsha dibur hamatchil סוף in gemara 75a
found 2 matches for maharsha dibur hamatchil מים in gemara 77b
found 4 matches for maharsha dibur hamatchil חי in gemara 77b
did not find any matches for maharsha dibur hamatchil קשה in gemara 77b
did not find any matches for maharsha dibur hamatchil ששנה in gemara 77b
found 2 matches for maharsha dibur hamatchil דלא in gemara 77b
did not find any matches for maharsha dibur hamatchil דרשב"א in gemara 77a
did not find any matches for maharsha dibur hamatchil אכילתו in gemara 78b
found 2 matches for maharsha dibur hamatchil המוציא in gemara 78a
did not find any matches for maharsha dibur hamatchil ויש in gemara 78a
did not find any matches for maharsha dibur hamatchil ואמאי in gemara 78a
did not find any matches for maharsha dibur hamatchil קלף in gemara 79a
did not find any matches for maharsha dibur hamatchil אחאי in gemara 79a
found 21 matches for maharsha dibur hamatchil אמר in gemara 80b
did not find any matches for maharsha dibur hamatchil לרפואה in gemara 80b
did not find any matches for maharsha dibur hamatchil פותחת in gemara 81b
did not find any matches for maharsha dibur hamatchil למשמש in gemara 81b
did not find any matches for maharsha dibur hamatchil לאו in gemara 81b
did not find any matches for maharsha dibur hamatchil והניחו in gemara 81a
did not find any matches for maharsha dibur hamatchil לנו in gemara 81a
did not find any matches for maharsha dibur hamatchil בריש in gemara 82b
found 10 matches for maharsha dibur hamatchil לא in gemara 82b
found 12 matches for maharsha dibur hamatchil ע"ז in gemara 83a
found 13 matches for maharsha dibur hamatchil ר in rashi 83a
did not find any matches for maharsha dibur hamatchil שהסכים in gemara 84a
did not find any matches for maharsha dibur hamatchil בד"ה in gemara 84b
did not find any matches for maharsha dibur hamatchil [לזב in gemara 84b
found 2 matches for maharsha dibur hamatchil לית in gemara 84b
did not find any matches for maharsha dibur hamatchil נראה in gemara 84b
did not find any matches for maharsha dibur hamatchil לזרוע in gemara 85a
did not find any matches for maharsha dibur hamatchil עדיין in gemara 85a
did not find any matches for maharsha dibur hamatchil ר"י in gemara 85b
did not find any matches for maharsha dibur hamatchil מריחין in gemara 85b
did not find any matches for maharsha dibur hamatchil וכתבו in gemara 85b
did not find any matches for maharsha dibur hamatchil לג in rashi 86a
did not find any matches for maharsha dibur hamatchil שלישי in rashi 87a
found 4 matches for maharsha dibur hamatchil כו in gemara 87a
did not find any matches for maharsha dibur hamatchil תבלין in gemara 89a
found 2 matches for maharsha dibur hamatchil כו in gemara 89a
did not find any matches for maharsha dibur hamatchil לפי in gemara 89a
found 3 matches for maharsha dibur hamatchil חזר in gemara 91b
did not find any matches for maharsha dibur hamatchil בד"ה in gemara 91a
did not find any matches for maharsha dibur hamatchil תלתא in rashi 92b
did not find any matches for maharsha dibur hamatchil יהודה in gemara 92a
found 10 matches for maharsha dibur hamatchil כו in gemara 93b
did not find any matches for maharsha dibur hamatchil מפני in rashi 93b
found 13 matches for maharsha dibur hamatchil מר in gemara 93a
did not find any matches for maharsha dibur hamatchil אדם in gemara 94b
did not find any matches for maharsha dibur hamatchil דבי in rashi 94b
did not find any matches for maharsha dibur hamatchil דבהוצאה in gemara 94b
did not find any matches for maharsha dibur hamatchil והשתא in gemara 95a
found 6 matches for maharsha dibur hamatchil רבי in gemara 95a
did not find any matches for maharsha dibur hamatchil טהור in rashi 95a
did not find any matches for maharsha dibur hamatchil דאיתעביד in gemara 97a
did not find any matches for maharsha dibur hamatchil להכא in gemara 97a
did not find any matches for maharsha dibur hamatchil מותיב in gemara 98b
found 4 matches for maharsha dibur hamatchil רב in gemara 98b
did not find any matches for maharsha dibur hamatchil מנלן in gemara 98b
did not find any matches for maharsha dibur hamatchil הפסקה in gemara 99b
did not find any matches for maharsha dibur hamatchil באמתא in gemara 99b
did not find any matches for maharsha dibur hamatchil היאך in gemara 99b
did not find any matches for maharsha dibur hamatchil כפירוש in gemara 99b
found 3 matches for maharsha dibur hamatchil כו in gemara 99a
did not find any matches for maharsha dibur hamatchil דמייתי in gemara 99a
did not find any matches for maharsha dibur hamatchil והא in gemara 99a
did not find any matches for maharsha dibur hamatchil דף in gemara 99a
did not find any matches for maharsha dibur hamatchil לרבנן in rashi 100b
did not find any matches for maharsha dibur hamatchil נראה in gemara 100b
found 2 matches for maharsha dibur hamatchil כו in gemara 100b
found 3 matches for maharsha dibur hamatchil לרב in gemara 100a
found 23 matches for maharsha dibur hamatchil י in gemara 101b
did not find any matches for maharsha dibur hamatchil ביציתא in gemara 101b
did not find any matches for maharsha dibur hamatchil ונח in gemara 101b
did not find any matches for maharsha dibur hamatchil שהיה in gemara 101b
found 3 matches for maharsha dibur hamatchil כי in gemara 102b
found 9 matches for maharsha dibur hamatchil חייב in gemara 102b
did not find any matches for maharsha dibur hamatchil שנו in gemara 103b
did not find any matches for maharsha dibur hamatchil צריכא in gemara 103b
did not find any matches for maharsha dibur hamatchil א"א in gemara 103a
did not find any matches for maharsha dibur hamatchil קא in gemara 104b
did not find any matches for maharsha dibur hamatchil נתכוון in gemara 104a
did not find any matches for maharsha dibur hamatchil דהשתא in gemara 104a
found 7 matches for maharsha dibur hamatchil רב in gemara 104a
found 8 matches for maharsha dibur hamatchil ליה in gemara 104a
did not find any matches for maharsha dibur hamatchil דכל in gemara 106b
found 3 matches for maharsha dibur hamatchil כו in gemara 106b
did not find any matches for maharsha dibur hamatchil הנאה in gemara 106b
did not find any matches for maharsha dibur hamatchil לבשל in gemara 106b
did not find any matches for maharsha dibur hamatchil ואין in gemara 106a
did not find any matches for maharsha dibur hamatchil דפי in gemara 106a
found 3 matches for maharsha dibur hamatchil כו in gemara 106a
found 6 matches for maharsha dibur hamatchil דפטור in gemara 107a
found 15 matches for maharsha dibur hamatchil אמר in gemara 108a
found 4 matches for maharsha dibur hamatchil רבי in gemara 109b
did not find any matches for maharsha dibur hamatchil רוחצין in gemara 109a
did not find any matches for maharsha dibur hamatchil אגנא in gemara 110b
did not find any matches for maharsha dibur hamatchil והתניא in gemara 110a
found 6 matches for maharsha dibur hamatchil כו in gemara 110a
did not find any matches for maharsha dibur hamatchil ס"ד in gemara 111b
did not find any matches for maharsha dibur hamatchil למימר in gemara 111b
found 5 matches for maharsha dibur hamatchil כו in gemara 111b
did not find any matches for maharsha dibur hamatchil מסוכרייתא in gemara 111b
did not find any matches for maharsha dibur hamatchil מפי in gemara 111a
did not find any matches for maharsha dibur hamatchil טהור in rashi 112b
did not find any matches for maharsha dibur hamatchil הקונט in gemara 112a
did not find any matches for maharsha dibur hamatchil לר"י in gemara 112a
found 13 matches for maharsha dibur hamatchil אמר in gemara 113a
did not find any matches for maharsha dibur hamatchil ליתקע in gemara 114a
found 4 matches for maharsha dibur hamatchil כי in gemara 114a
found 2 matches for maharsha dibur hamatchil ניתנו in gemara 115b
did not find any matches for maharsha dibur hamatchil בד"ה in rashi 115a
found 2 matches for maharsha dibur hamatchil כו in gemara 115a
did not find any matches for maharsha dibur hamatchil יומא in rashi 116a
did not find any matches for maharsha dibur hamatchil בנו in gemara 116a
found 2 matches for maharsha dibur hamatchil מי in rashi 117b
did not find any matches for maharsha dibur hamatchil כדאמרינן in rashi 117b
found 3 matches for maharsha dibur hamatchil כו in gemara 117b
did not find any matches for maharsha dibur hamatchil לרבנן in gemara 117b
did not find any matches for maharsha dibur hamatchil היה in gemara 118b
did not find any matches for maharsha dibur hamatchil דאין in gemara 118b
did not find any matches for maharsha dibur hamatchil לאוקמי in gemara 120b
did not find any matches for maharsha dibur hamatchil דא"כ in gemara 120a
did not find any matches for maharsha dibur hamatchil תימא in gemara 120a
did not find any matches for maharsha dibur hamatchil טמא in gemara 121b
found 6 matches for maharsha dibur hamatchil כל in gemara 121a
did not find any matches for maharsha dibur hamatchil אחריו in gemara 121a
did not find any matches for maharsha dibur hamatchil לענין in gemara 122b
found 2 matches for maharsha dibur hamatchil אבל in rashi 122b
found 2 matches for maharsha dibur hamatchil כו in gemara 123b
did not find any matches for maharsha dibur hamatchil פוגלא in gemara 123b
found 3 matches for maharsha dibur hamatchil איתיביה in gemara 123a
did not find any matches for maharsha dibur hamatchil מחמה in gemara 123a
did not find any matches for maharsha dibur hamatchil למר in gemara 124b
did not find any matches for maharsha dibur hamatchil אילימא in gemara 124a
did not find any matches for maharsha dibur hamatchil סברי in gemara 125b
did not find any matches for maharsha dibur hamatchil בשברי in gemara 125b
did not find any matches for maharsha dibur hamatchil בד"ה in rashi 125a
did not find any matches for maharsha dibur hamatchil ולמדום in gemara 125a
found 2 matches for maharsha dibur hamatchil עושין in gemara 125a
did not find any matches for maharsha dibur hamatchil בשדה in gemara 127b
found 5 matches for maharsha dibur hamatchil על in gemara 127b
did not find any matches for maharsha dibur hamatchil מפירותיהן in gemara 127b
did not find any matches for maharsha dibur hamatchil האי in gemara 127a
did not find any matches for maharsha dibur hamatchil תפל in gemara 128b
did not find any matches for maharsha dibur hamatchil תפל in gemara 128b
found 2 matches for maharsha dibur hamatchil אין in gemara 128a
did not find any matches for maharsha dibur hamatchil משמיה in gemara 129b
did not find any matches for maharsha dibur hamatchil בד"ה in rashi 129a
did not find any matches for maharsha dibur hamatchil אנכי in gemara 130b
did not find any matches for maharsha dibur hamatchil בד"ה in rashi 130a
did not find any matches for maharsha dibur hamatchil לטלטל in gemara 130a
did not find any matches for maharsha dibur hamatchil חצרות in gemara 130a
did not find any matches for maharsha dibur hamatchil לכל in gemara 131b
did not find any matches for maharsha dibur hamatchil בשתי in gemara 131b
did not find any matches for maharsha dibur hamatchil רש"י in gemara 131a
did not find any matches for maharsha dibur hamatchil אהדריה in gemara 102b
did not find any matches for maharsha dibur hamatchil קבורת in gemara 102a
did not find any matches for maharsha dibur hamatchil לדקדק in gemara 102a
did not find any matches for maharsha dibur hamatchil עשה in gemara 102a
did not find any matches for maharsha dibur hamatchil בד"ה in gemara 134b
did not find any matches for maharsha dibur hamatchil דתנא in gemara 135a
found 2 matches for maharsha dibur hamatchil אומר in gemara 135b
found 2 matches for maharsha dibur hamatchil פי in gemara 135b
found 2 matches for maharsha dibur hamatchil נמי in gemara 136a
found 2 matches for maharsha dibur hamatchil כו in gemara 136b
found 2 matches for maharsha dibur hamatchil הא in gemara 136b
did not find any matches for maharsha dibur hamatchil בד"ה in gemara 137a
did not find any matches for maharsha dibur hamatchil כורת in gemara 137a
did not find any matches for maharsha dibur hamatchil מיניה in gemara 138b
did not find any matches for maharsha dibur hamatchil לידע in gemara 138a
did not find any matches for maharsha dibur hamatchil בד"ה in gemara 139a
did not find any matches for maharsha dibur hamatchil דבישרא in gemara 139a
did not find any matches for maharsha dibur hamatchil ונותנין in rashi 139a
found 5 matches for maharsha dibur hamatchil כו in gemara 142a
found 5 matches for maharsha dibur hamatchil כו in gemara 142a
did not find any matches for maharsha dibur hamatchil שאוכל in gemara 142b
found 4 matches for maharsha dibur hamatchil שנו in gemara 142b
found 2 matches for maharsha dibur hamatchil מטלטל in gemara 143a
found 3 matches for maharsha dibur hamatchil האשה in gemara 143b
found 5 matches for maharsha dibur hamatchil לרצון in gemara 144a
did not find any matches for maharsha dibur hamatchil אלא in rashi 145a
found 4 matches for maharsha dibur hamatchil יוחנן in gemara 145a
found 22 matches for maharsha dibur hamatchil לא in gemara 146b
did not find any matches for maharsha dibur hamatchil ירושלמית in gemara 146b
did not find any matches for maharsha dibur hamatchil מפקיע in gemara 146b
did not find any matches for maharsha dibur hamatchil פרץ in gemara 146a
did not find any matches for maharsha dibur hamatchil שנשרו in gemara 146a
did not find any matches for maharsha dibur hamatchil מתנאה in rashi 147b
did not find any matches for maharsha dibur hamatchil דתניא in gemara 147a
did not find any matches for maharsha dibur hamatchil נפרוס in gemara 148a
did not find any matches for maharsha dibur hamatchil לפי in gemara 149b
did not find any matches for maharsha dibur hamatchil חבורה in gemara 149b
did not find any matches for maharsha dibur hamatchil דהא in gemara 149a
did not find any matches for maharsha dibur hamatchil שדברו in gemara 149a
found 2 matches for maharsha dibur hamatchil של in rashi 150b
did not find any matches for maharsha dibur hamatchil פלוני in gemara 150a
found 4 matches for maharsha dibur hamatchil כו in gemara 151a
found 5 matches for maharsha dibur hamatchil עד in gemara 152b
did not find any matches for maharsha dibur hamatchil מחמת in gemara 152b
did not find any matches for maharsha dibur hamatchil עיין in gemara 153a
did not find any matches for maharsha dibur hamatchil וגו. in gemara 153a
did not find any matches for maharsha dibur hamatchil קשטו in gemara 153a
did not find any matches for maharsha dibur hamatchil כו. in gemara 153a
found 6 matches for maharsha dibur hamatchil נמי in gemara 154b
did not find any matches for maharsha dibur hamatchil היה in gemara 154b
found 15 matches for maharsha dibur hamatchil לא in gemara 154b
did not find any matches for maharsha dibur hamatchil התם in gemara 154a
did not find any matches for maharsha dibur hamatchil ר"י in rashi 155a
did not find any matches for maharsha dibur hamatchil ה"ל in gemara 155a
found 3 matches for maharsha dibur hamatchil כו in gemara 157a
did not find any matches for maharsha dibur hamatchil המתלקט in gemara 157a
did not find any matches for maharsha dibur hamatchil שלא in gemara 157b
